Changed directory to /home/jhb57/dnn-information.

JobID: 10414327
======
Time: Sat 30 Mar 20:55:01 GMT 2019
Running on master node: gpu-e-74
Current directory: /home/jhb57/dnn-information

Nodes allocated:
================
gpu-e-74

numtasks=4, numnodes=1, mpi_tasks_per_node=4 (OMP_NUM_THREADS=1)

Executing command:
==================
python /home/jhb57/dnn-information/experiments/experiment_0/run_experiment_weighted_vary_eps_0.py 

Script started at 2019-03-30 20:55:02.303258
appending /home/jhb57/dnn-information/models/unet
Initialisation time 0.495 secs

Running smoothing type weighted_vary_eps at 2019-03-30 20:55:02.798507 

Appending /home/jhb57/dnn-information
Loading images
Data shape (110, 768, 512)
Label shape (110, 2, 768, 512)
No cleaning in data load
Loaded.
len trainset 11
len testset 3
Info layers numbers [0, 6, 12, 18, 24, 30, 36, 42, 48, 54]
Let's use 4 GPUs!
Moving model to cuda:0
Updating at img [    0  1584  3168  7920 11088 14256 15048]
Updating to lrs [1.000000e-04 5.000000e-05 2.500000e-05 1.250000e-05 1.562500e-06
 3.906250e-07 1.953125e-07]
Starting training.
UPDATING LR 0.0001
Smoothing by varying eps
Resulting Epsilon:
 [[0.10208402 0.14276341 0.14452509 0.18837209 0.19893092 0.12039106
  0.18408187 0.19313646 0.10093936]
 [0.10198784 0.16529089 0.12884567 0.19698311 0.15982059 0.12852791
  0.16594264 0.17583265 0.1009195 ]
 [0.1029147  0.14421769 0.14032766 0.18334543 0.17567423 0.12417419
  0.14997008 0.17889532 0.10082185]
 [0.10244164 0.16971442 0.13015232 0.16488262 0.19265125 0.12552938
  0.17143746 0.1789871  0.10090612]
 [0.10212799 0.14264958 0.15210567 0.16160351 0.18219178 0.13642473
  0.16867036 0.20511757 0.10083952]
 [0.10158032 0.16976361 0.1264096  0.18749815 0.15543933 0.1299635
  0.18844022 0.19603215 0.10120146]
 [0.10221102 0.15221427 0.12847731 0.16592593 0.16424779 0.12959222
  0.16215342 0.18383791 0.10084982]
 [0.10165862 0.19814877 0.13178815 0.1728473  0.19321653 0.11556374
  0.16470318 0.18287903 0.10113187]]
Weighted smoothing
Weighted smoothing
Weighted smoothing
Weighted smoothing
Weighted smoothing
Weighted smoothing
Weighted smoothing
Weighted smoothing
Weighted smoothing
Reconstructed smoothing tensors batch 0 
 [[0.89791598 0.10208402 0.         0.         0.         0.
  0.         0.         0.        ]
 [0.07080861 0.85723659 0.0719548  0.         0.         0.
  0.         0.         0.        ]
 [0.         0.07156589 0.85547491 0.0729592  0.         0.
  0.         0.         0.        ]
 [0.         0.         0.09210724 0.81162791 0.09626486 0.
  0.         0.         0.        ]
 [0.         0.         0.         0.09954814 0.80106908 0.09938278
  0.         0.         0.        ]
 [0.         0.         0.         0.         0.0619478  0.87960894
  0.05844326 0.         0.        ]
 [0.         0.         0.         0.         0.         0.09139617
  0.81591813 0.09268571 0.        ]
 [0.         0.         0.         0.         0.         0.
  0.09673647 0.80686354 0.09639999]
 [0.         0.         0.         0.         0.         0.
  0.         0.10093936 0.89906064]]
Reconstructed smoothing tensors batch 1 
 [[0.89801216 0.10198784 0.         0.         0.         0.
  0.         0.         0.        ]
 [0.08205512 0.83470911 0.08323577 0.         0.         0.
  0.         0.         0.        ]
 [0.         0.06280809 0.87115433 0.06603758 0.         0.
  0.         0.         0.        ]
 [0.         0.         0.09874132 0.80301689 0.09824179 0.
  0.         0.         0.        ]
 [0.         0.         0.         0.08220937 0.84017941 0.07761122
  0.         0.         0.        ]
 [0.         0.         0.         0.         0.06478737 0.87147209
  0.06374054 0.         0.        ]
 [0.         0.         0.         0.         0.         0.08274483
  0.83405736 0.08319781 0.        ]
 [0.         0.         0.         0.         0.         0.
  0.08791632 0.82416735 0.08791632]
 [0.         0.         0.         0.         0.         0.
  0.         0.1009195  0.8990805 ]]
Reconstructed smoothing tensors batch 2 
 [[0.8970853  0.1029147  0.         0.         0.         0.
  0.         0.         0.        ]
 [0.07191757 0.85578231 0.07230011 0.         0.         0.
  0.         0.         0.        ]
 [0.         0.06906752 0.85967234 0.06967658 0.         0.
  0.00158356 0.         0.        ]
 [0.         0.         0.0913533  0.81665457 0.0894368  0.
  0.00255534 0.         0.        ]
 [0.         0.         0.         0.08721415 0.82432577 0.08534528
  0.00311479 0.         0.        ]
 [0.         0.         0.         0.         0.06141467 0.87582581
  0.06275952 0.         0.        ]
 [0.         0.         0.00166776 0.00205263 0.00256578 0.07184195
  0.85002992 0.07184195 0.        ]
 [0.         0.         0.         0.         0.         0.
  0.0896879  0.82110468 0.08920743]
 [0.         0.         0.         0.         0.         0.
  0.         0.10082185 0.89917815]]
Reconstructed smoothing tensors batch 3 
 [[0.89755836 0.10244164 0.         0.         0.         0.
  0.         0.         0.        ]
 [0.08587959 0.83028558 0.08383484 0.         0.         0.
  0.         0.         0.        ]
 [0.         0.06418164 0.86984768 0.06597068 0.         0.
  0.         0.         0.        ]
 [0.         0.         0.08073091 0.83511738 0.07922576 0.
  0.00492595 0.         0.        ]
 [0.         0.         0.         0.09533767 0.80734875 0.09616097
  0.00115261 0.         0.        ]
 [0.         0.         0.         0.         0.06580714 0.87447062
  0.05972224 0.         0.        ]
 [0.         0.         0.         0.00537609 0.00104535 0.07914796
  0.82856254 0.08586807 0.        ]
 [0.         0.         0.         0.         0.         0.
  0.0894158  0.8210129  0.0895713 ]
 [0.         0.         0.         0.         0.         0.
  0.         0.10090612 0.89909388]]
Reconstructed smoothing tensors batch 4 
 [[0.89787201 0.09016545 0.01196254 0.         0.         0.
  0.         0.         0.        ]
 [0.06893592 0.85735042 0.07371366 0.         0.         0.
  0.         0.         0.        ]
 [0.00838772 0.06760252 0.84789433 0.07611543 0.         0.
  0.         0.         0.        ]
 [0.         0.         0.08536484 0.83839649 0.07623867 0.
  0.         0.         0.        ]
 [0.         0.         0.         0.09059536 0.81780822 0.09159642
  0.         0.         0.        ]
 [0.         0.         0.         0.         0.06909334 0.86357527
  0.06733139 0.         0.        ]
 [0.         0.         0.         0.         0.         0.0845723
  0.83132964 0.08409806 0.        ]
 [0.         0.         0.         0.         0.         0.
  0.10255878 0.79488243 0.10255878]
 [0.         0.         0.         0.         0.         0.
  0.         0.10083952 0.89916048]]
Reconstructed smoothing tensors batch 5 
 [[0.89841968 0.10158032 0.         0.         0.         0.
  0.         0.         0.        ]
 [0.08561758 0.83023639 0.08414603 0.         0.         0.
  0.         0.         0.        ]
 [0.         0.06544168 0.8735904  0.06096792 0.         0.
  0.         0.         0.        ]
 [0.         0.         0.09311349 0.81250185 0.09438466 0.
  0.         0.         0.        ]
 [0.         0.         0.         0.0757432  0.84456067 0.07969613
  0.         0.         0.        ]
 [0.         0.         0.         0.         0.06872012 0.8700365
  0.06124337 0.         0.        ]
 [0.         0.         0.         0.         0.         0.09396706
  0.81155978 0.09447316 0.        ]
 [0.         0.         0.         0.         0.         0.
  0.09775423 0.80396785 0.09827792]
 [0.         0.         0.         0.         0.         0.
  0.         0.10120146 0.89879854]]
Reconstructed smoothing tensors batch 6 
 [[0.89778898 0.10221102 0.         0.         0.         0.
  0.         0.         0.        ]
 [0.07638901 0.84778573 0.07582526 0.         0.         0.
  0.         0.         0.        ]
 [0.         0.06447835 0.87152269 0.06399896 0.         0.
  0.         0.         0.        ]
 [0.         0.         0.08296296 0.83407407 0.08296296 0.
  0.         0.         0.        ]
 [0.         0.         0.         0.08054024 0.83575221 0.08370755
  0.         0.         0.        ]
 [0.         0.         0.         0.         0.06598503 0.87040778
  0.06360719 0.         0.        ]
 [0.         0.         0.         0.         0.         0.08062461
  0.83784658 0.08152881 0.        ]
 [0.         0.         0.         0.         0.         0.
  0.09208918 0.81616209 0.09174874]
 [0.         0.         0.         0.         0.         0.
  0.         0.10084982 0.89915018]]
Reconstructed smoothing tensors batch 7 
 [[0.89834138 0.10165862 0.         0.         0.         0.
  0.         0.         0.        ]
 [0.0983168  0.80185123 0.09983196 0.         0.         0.
  0.         0.         0.        ]
 [0.         0.06395284 0.86821185 0.06783531 0.         0.
  0.         0.         0.        ]
 [0.         0.         0.08718601 0.8271527  0.08566129 0.
  0.         0.         0.        ]
 [0.         0.         0.         0.09590989 0.80678347 0.09730664
  0.         0.         0.        ]
 [0.         0.         0.         0.         0.06083834 0.88443626
  0.0547254  0.         0.        ]
 [0.         0.         0.         0.         0.         0.08242466
  0.83529682 0.08227852 0.        ]
 [0.         0.         0.         0.         0.         0.
  0.0915208  0.81712097 0.09135824]
 [0.         0.         0.         0.         0.         0.
  0.         0.10113187 0.89886813]]
Testing old and new one hots
argmax (256, 150 ) tensor(1, device='cuda:0')
old_hot (256, 150 ) tensor([0., 1., 0., 0., 0., 0., 0., 0., 0.], device='cuda:0')
one_hot (256, 150 ) tensor([0.0708, 0.8572, 0.0720, 0.0000, 0.0000, 0.0000, 0.0000, 0.0000, 0.0000],
       device='cuda:0')
argmax (256, 175 ) tensor(5, device='cuda:0')
old_hot (256, 175 ) tensor([0., 0., 0., 0., 0., 1., 0., 0., 0.], device='cuda:0')
one_hot (256, 175 ) tensor([0.0000, 0.0000, 0.0000, 0.0000, 0.0619, 0.8796, 0.0584, 0.0000, 0.0000],
       device='cuda:0')
argmax (256, 200 ) tensor(5, device='cuda:0')
old_hot (256, 200 ) tensor([0., 0., 0., 0., 0., 1., 0., 0., 0.], device='cuda:0')
one_hot (256, 200 ) tensor([0.0000, 0.0000, 0.0000, 0.0000, 0.0619, 0.8796, 0.0584, 0.0000, 0.0000],
       device='cuda:0')
argmax (256, 225 ) tensor(8, device='cuda:0')
old_hot (256, 225 ) tensor([0., 0., 0., 0., 0., 0., 0., 0., 1.], device='cuda:0')
one_hot (256, 225 ) tensor([0.0000, 0.0000, 0.0000, 0.0000, 0.0000, 0.0000, 0.0000, 0.1009, 0.8991],
       device='cuda:0')
argmax (256, 250 ) tensor(8, device='cuda:0')
old_hot (256, 250 ) tensor([0., 0., 0., 0., 0., 0., 0., 0., 1.], device='cuda:0')
one_hot (256, 250 ) tensor([0.0000, 0.0000, 0.0000, 0.0000, 0.0000, 0.0000, 0.0000, 0.1009, 0.8991],
       device='cuda:0')
argmax (256, 275 ) tensor(8, device='cuda:0')
old_hot (256, 275 ) tensor([0., 0., 0., 0., 0., 0., 0., 0., 1.], device='cuda:0')
one_hot (256, 275 ) tensor([0.0000, 0.0000, 0.0000, 0.0000, 0.0000, 0.0000, 0.0000, 0.1009, 0.8991],
       device='cuda:0')
argmax (256, 300 ) tensor(8, device='cuda:0')
old_hot (256, 300 ) tensor([0., 0., 0., 0., 0., 0., 0., 0., 1.], device='cuda:0')
one_hot (256, 300 ) tensor([0.0000, 0.0000, 0.0000, 0.0000, 0.0000, 0.0000, 0.0000, 0.1009, 0.8991],
       device='cuda:0')
argmax (256, 325 ) tensor(8, device='cuda:0')
old_hot (256, 325 ) tensor([0., 0., 0., 0., 0., 0., 0., 0., 1.], device='cuda:0')
one_hot (256, 325 ) tensor([0.0000, 0.0000, 0.0000, 0.0000, 0.0000, 0.0000, 0.0000, 0.1009, 0.8991],
       device='cuda:0')
Using one hot
 tensor([0.8979, 0.1021, 0.0000, 0.0000, 0.0000, 0.0000, 0.0000, 0.0000, 0.0000],
       device='cuda:0')
ENTERING loss cleaning.
Cleaning by ignoring loss
[1,     2] loss / pixel: 12.76994
[1,     4] loss / pixel: 11.72099
[1,     6] loss / pixel: 11.17020
[1,     8] loss / pixel: 10.56592
[1,    10] loss / pixel: 10.86186
[Epoch 1 complete] mean loss / pixel: 11.321, accuracy 45.924%, dt 2019-03-30 20:56:04.204610
[2,     2] loss / pixel: 10.24776
[2,     4] loss / pixel: 10.40062
[2,     6] loss / pixel: 9.67351
[2,     8] loss / pixel: 9.95012
[2,    10] loss / pixel: 9.79450
[Epoch 2 complete] mean loss / pixel: 10.027, accuracy 59.770%, dt 2019-03-30 20:56:48.595582
[3,     2] loss / pixel: 9.52030
[3,     4] loss / pixel: 9.55797
[3,     6] loss / pixel: 9.74228
[3,     8] loss / pixel: 9.47601
[3,    10] loss / pixel: 9.43681
[Epoch 3 complete] mean loss / pixel: 9.537, accuracy 62.921%, dt 2019-03-30 20:57:33.139296
[4,     2] loss / pixel: 9.16261
[4,     4] loss / pixel: 9.09576
[4,     6] loss / pixel: 9.44345
[4,     8] loss / pixel: 9.26835
[4,    10] loss / pixel: 8.88650
[Epoch 4 complete] mean loss / pixel: 9.203, accuracy 64.905%, dt 2019-03-30 20:58:16.823250
[5,     2] loss / pixel: 9.17486
[5,     4] loss / pixel: 8.63008
[5,     6] loss / pixel: 9.37748
[5,     8] loss / pixel: 8.94296
[5,    10] loss / pixel: 8.84486
[Epoch 5 complete] mean loss / pixel: 9.016, accuracy 66.617%, dt 2019-03-30 20:59:00.398160
[6,     2] loss / pixel: 8.48691
[6,     4] loss / pixel: 8.63936
[6,     6] loss / pixel: 9.01815
[6,     8] loss / pixel: 8.72484
[6,    10] loss / pixel: 9.38176
[Epoch 6 complete] mean loss / pixel: 8.813, accuracy 67.285%, dt 2019-03-30 20:59:44.903998
[7,     2] loss / pixel: 9.09343
[7,     4] loss / pixel: 8.63255
[7,     6] loss / pixel: 8.74916
[7,     8] loss / pixel: 8.55934
[7,    10] loss / pixel: 8.46900
[Epoch 7 complete] mean loss / pixel: 8.720, accuracy 68.056%, dt 2019-03-30 21:00:29.307204
[8,     2] loss / pixel: 8.85187
[8,     4] loss / pixel: 8.76510
[8,     6] loss / pixel: 8.81164
[8,     8] loss / pixel: 8.61634
[8,    10] loss / pixel: 8.25188
[Epoch 8 complete] mean loss / pixel: 8.645, accuracy 68.606%, dt 2019-03-30 21:01:13.764733
[9,     2] loss / pixel: 8.49064
[9,     4] loss / pixel: 8.55849
[9,     6] loss / pixel: 8.67899
[9,     8] loss / pixel: 8.86799
[9,    10] loss / pixel: 8.16361
[Epoch 9 complete] mean loss / pixel: 8.591, accuracy 69.212%, dt 2019-03-30 21:01:57.768338
[10,     2] loss / pixel: 8.62947
[10,     4] loss / pixel: 8.30933
[10,     6] loss / pixel: 8.69967
[10,     8] loss / pixel: 8.83769
[10,    10] loss / pixel: 8.19458
[Epoch 10 complete] mean loss / pixel: 8.539, accuracy 69.596%, dt 2019-03-30 21:02:42.712772
[11,     2] loss / pixel: 8.36810
[11,     4] loss / pixel: 8.45688
[11,     6] loss / pixel: 8.98016
[11,     8] loss / pixel: 8.43110
[11,    10] loss / pixel: 8.39725
[Epoch 11 complete] mean loss / pixel: 8.511, accuracy 69.846%, dt 2019-03-30 21:03:27.507442
[12,     2] loss / pixel: 8.37198
[12,     4] loss / pixel: 8.76309
[12,     6] loss / pixel: 8.52408
[12,     8] loss / pixel: 8.46685
[12,    10] loss / pixel: 8.26686
[Epoch 12 complete] mean loss / pixel: 8.473, accuracy 70.432%, dt 2019-03-30 21:04:11.615412
[13,     2] loss / pixel: 8.50600
[13,     4] loss / pixel: 8.52841
[13,     6] loss / pixel: 8.15219
[13,     8] loss / pixel: 8.14748
[13,    10] loss / pixel: 8.56654
[Epoch 13 complete] mean loss / pixel: 8.456, accuracy 70.690%, dt 2019-03-30 21:04:55.437556
[14,     2] loss / pixel: 8.48897
[14,     4] loss / pixel: 8.40179
[14,     6] loss / pixel: 8.54327
[14,     8] loss / pixel: 7.94005
[14,    10] loss / pixel: 8.63234
[Epoch 14 complete] mean loss / pixel: 8.412, accuracy 70.884%, dt 2019-03-30 21:05:47.130298
[15,     2] loss / pixel: 8.44966
[15,     4] loss / pixel: 8.33777
[15,     6] loss / pixel: 8.34608
[15,     8] loss / pixel: 8.58172
[15,    10] loss / pixel: 8.42208
[Epoch 15 complete] mean loss / pixel: 8.382, accuracy 71.269%, dt 2019-03-30 21:06:31.967724
[16,     2] loss / pixel: 8.73357
[16,     4] loss / pixel: 8.33800
[16,     6] loss / pixel: 8.15432
[16,     8] loss / pixel: 8.29509
[16,    10] loss / pixel: 8.21084
[Epoch 16 complete] mean loss / pixel: 8.357, accuracy 71.176%, dt 2019-03-30 21:07:16.430820
[17,     2] loss / pixel: 8.21951
[17,     4] loss / pixel: 7.92129
[17,     6] loss / pixel: 8.45280
[17,     8] loss / pixel: 8.50160
[17,    10] loss / pixel: 8.51525
[Epoch 17 complete] mean loss / pixel: 8.328, accuracy 71.430%, dt 2019-03-30 21:08:00.748021
[18,     2] loss / pixel: 8.14966
[18,     4] loss / pixel: 8.20544
[18,     6] loss / pixel: 8.14548
[18,     8] loss / pixel: 8.40046
[18,    10] loss / pixel: 8.45242
[Epoch 18 complete] mean loss / pixel: 8.310, accuracy 71.437%, dt 2019-03-30 21:08:53.115289
UPDATING LR 5e-05
[19,     2] loss / pixel: 8.38596
[19,     4] loss / pixel: 8.28275
[19,     6] loss / pixel: 8.04434
[19,     8] loss / pixel: 8.10578
[19,    10] loss / pixel: 8.35959
[Epoch 19 complete] mean loss / pixel: 8.273, accuracy 71.573%, dt 2019-03-30 21:09:37.248237
[20,     2] loss / pixel: 8.05124
[20,     4] loss / pixel: 8.40041
[20,     6] loss / pixel: 7.87060
[20,     8] loss / pixel: 8.41873
[20,    10] loss / pixel: 8.46299
[Epoch 20 complete] mean loss / pixel: 8.283, accuracy 71.594%, dt 2019-03-30 21:10:21.616256
[21,     2] loss / pixel: 8.31749
[21,     4] loss / pixel: 8.31488
[21,     6] loss / pixel: 8.03436
[21,     8] loss / pixel: 8.27679
[21,    10] loss / pixel: 8.34753
[Epoch 21 complete] mean loss / pixel: 8.255, accuracy 71.774%, dt 2019-03-30 21:11:04.914992
[22,     2] loss / pixel: 8.48953
[22,     4] loss / pixel: 8.50338
[22,     6] loss / pixel: 8.01122
[22,     8] loss / pixel: 7.80269
[22,    10] loss / pixel: 8.56408
[Epoch 22 complete] mean loss / pixel: 8.250, accuracy 71.792%, dt 2019-03-30 21:11:49.456291
[23,     2] loss / pixel: 8.27932
[23,     4] loss / pixel: 7.92056
[23,     6] loss / pixel: 8.41461
[23,     8] loss / pixel: 8.19922
[23,    10] loss / pixel: 8.08087
[Epoch 23 complete] mean loss / pixel: 8.225, accuracy 71.875%, dt 2019-03-30 21:12:33.280681
[24,     2] loss / pixel: 7.97575
[24,     4] loss / pixel: 8.06766
[24,     6] loss / pixel: 8.19604
[24,     8] loss / pixel: 8.30609
[24,    10] loss / pixel: 8.43798
[Epoch 24 complete] mean loss / pixel: 8.221, accuracy 71.957%, dt 2019-03-30 21:13:17.696621
[25,     2] loss / pixel: 7.86987
[25,     4] loss / pixel: 8.01793
[25,     6] loss / pixel: 8.04812
[25,     8] loss / pixel: 8.25317
[25,    10] loss / pixel: 8.57342
[Epoch 25 complete] mean loss / pixel: 8.200, accuracy 71.943%, dt 2019-03-30 21:14:01.524381
[26,     2] loss / pixel: 8.03500
[26,     4] loss / pixel: 8.37664
[26,     6] loss / pixel: 8.30644
[26,     8] loss / pixel: 8.07858
[26,    10] loss / pixel: 8.20386
[Epoch 26 complete] mean loss / pixel: 8.188, accuracy 72.039%, dt 2019-03-30 21:14:45.446449
[27,     2] loss / pixel: 8.64798
[27,     4] loss / pixel: 8.33216
[27,     6] loss / pixel: 8.33959
[27,     8] loss / pixel: 7.91614
[27,    10] loss / pixel: 7.85945
[Epoch 27 complete] mean loss / pixel: 8.177, accuracy 72.113%, dt 2019-03-30 21:15:42.267328
[28,     2] loss / pixel: 8.33919
[28,     4] loss / pixel: 7.89166
[28,     6] loss / pixel: 8.38052
[28,     8] loss / pixel: 8.08895
[28,    10] loss / pixel: 8.21772
[Epoch 28 complete] mean loss / pixel: 8.168, accuracy 72.128%, dt 2019-03-30 21:16:26.227897
[29,     2] loss / pixel: 8.16242
[29,     4] loss / pixel: 8.13922
[29,     6] loss / pixel: 8.02918
[29,     8] loss / pixel: 8.35838
[29,    10] loss / pixel: 8.03260
[Epoch 29 complete] mean loss / pixel: 8.157, accuracy 72.086%, dt 2019-03-30 21:17:10.648891
[30,     2] loss / pixel: 8.33164
[30,     4] loss / pixel: 8.11981
[30,     6] loss / pixel: 8.31797
[30,     8] loss / pixel: 8.06739
[30,    10] loss / pixel: 8.26171
[Epoch 30 complete] mean loss / pixel: 8.155, accuracy 72.240%, dt 2019-03-30 21:17:59.295939
[31,     2] loss / pixel: 8.53231
[31,     4] loss / pixel: 7.85936
[31,     6] loss / pixel: 8.16758
[31,     8] loss / pixel: 8.42533
[31,    10] loss / pixel: 7.87170
[Epoch 31 complete] mean loss / pixel: 8.136, accuracy 72.254%, dt 2019-03-30 21:18:45.120543
[32,     2] loss / pixel: 7.76319
[32,     4] loss / pixel: 8.34965
[32,     6] loss / pixel: 8.08726
[32,     8] loss / pixel: 8.22007
[32,    10] loss / pixel: 8.09111
[Epoch 32 complete] mean loss / pixel: 8.129, accuracy 72.323%, dt 2019-03-30 21:19:30.386434
[33,     2] loss / pixel: 8.20840
[33,     4] loss / pixel: 8.20159
[33,     6] loss / pixel: 8.31019
[33,     8] loss / pixel: 7.75763
[33,    10] loss / pixel: 8.15889
[Epoch 33 complete] mean loss / pixel: 8.117, accuracy 72.318%, dt 2019-03-30 21:20:13.757596
[34,     2] loss / pixel: 8.41627
[34,     4] loss / pixel: 8.13208
[34,     6] loss / pixel: 7.81400
[34,     8] loss / pixel: 7.99413
[34,    10] loss / pixel: 8.21666
[Epoch 34 complete] mean loss / pixel: 8.100, accuracy 72.330%, dt 2019-03-30 21:20:58.111647
[35,     2] loss / pixel: 8.09253
[35,     4] loss / pixel: 7.81987
[35,     6] loss / pixel: 8.21679
[35,     8] loss / pixel: 8.44095
[35,    10] loss / pixel: 8.13904
[Epoch 35 complete] mean loss / pixel: 8.100, accuracy 72.415%, dt 2019-03-30 21:21:41.153098
[36,     2] loss / pixel: 7.82849
[36,     4] loss / pixel: 8.39795
[36,     6] loss / pixel: 7.90881
[36,     8] loss / pixel: 8.00373
[36,    10] loss / pixel: 8.03319
[Epoch 36 complete] mean loss / pixel: 8.081, accuracy 72.411%, dt 2019-03-30 21:22:24.256848
UPDATING LR 2.5e-05
[37,     2] loss / pixel: 7.85123
[37,     4] loss / pixel: 8.05247
[37,     6] loss / pixel: 8.15341
[37,     8] loss / pixel: 7.98539
[37,    10] loss / pixel: 8.04804
[Epoch 37 complete] mean loss / pixel: 8.067, accuracy 72.517%, dt 2019-03-30 21:23:07.938761
[38,     2] loss / pixel: 7.79979
[38,     4] loss / pixel: 8.06435
[38,     6] loss / pixel: 8.09236
[38,     8] loss / pixel: 8.21068
[38,    10] loss / pixel: 7.96448
[Epoch 38 complete] mean loss / pixel: 8.062, accuracy 72.589%, dt 2019-03-30 21:24:03.276840
[39,     2] loss / pixel: 7.88797
[39,     4] loss / pixel: 8.36011
[39,     6] loss / pixel: 7.87456
[39,     8] loss / pixel: 8.01854
[39,    10] loss / pixel: 8.04096
[Epoch 39 complete] mean loss / pixel: 8.053, accuracy 72.605%, dt 2019-03-30 21:24:47.259930
[40,     2] loss / pixel: 7.85490
[40,     4] loss / pixel: 7.75106
[40,     6] loss / pixel: 7.98859
[40,     8] loss / pixel: 8.03559
[40,    10] loss / pixel: 8.47787
[Epoch 40 complete] mean loss / pixel: 8.052, accuracy 72.633%, dt 2019-03-30 21:25:32.040457
[41,     2] loss / pixel: 8.03907
[41,     4] loss / pixel: 7.82156
[41,     6] loss / pixel: 7.91309
[41,     8] loss / pixel: 8.11330
[41,    10] loss / pixel: 8.12035
[Epoch 41 complete] mean loss / pixel: 8.040, accuracy 72.664%, dt 2019-03-30 21:26:16.350018
[42,     2] loss / pixel: 8.22062
[42,     4] loss / pixel: 8.19424
[42,     6] loss / pixel: 7.96227
[42,     8] loss / pixel: 7.87985
[42,    10] loss / pixel: 8.08367
[Epoch 42 complete] mean loss / pixel: 8.040, accuracy 72.704%, dt 2019-03-30 21:27:00.669954
[43,     2] loss / pixel: 7.90967
[43,     4] loss / pixel: 8.10963
[43,     6] loss / pixel: 8.18838
[43,     8] loss / pixel: 8.06096
[43,    10] loss / pixel: 7.72501
[Epoch 43 complete] mean loss / pixel: 8.032, accuracy 72.745%, dt 2019-03-30 21:27:48.145078
[44,     2] loss / pixel: 7.84425
[44,     4] loss / pixel: 7.70955
[44,     6] loss / pixel: 8.06530
[44,     8] loss / pixel: 8.06607
[44,    10] loss / pixel: 8.39721
[Epoch 44 complete] mean loss / pixel: 8.025, accuracy 72.769%, dt 2019-03-30 21:28:32.433598
[45,     2] loss / pixel: 7.71925
[45,     4] loss / pixel: 8.05152
[45,     6] loss / pixel: 7.95692
[45,     8] loss / pixel: 8.21928
[45,    10] loss / pixel: 8.21791
[Epoch 45 complete] mean loss / pixel: 8.019, accuracy 72.801%, dt 2019-03-30 21:29:17.842996
[46,     2] loss / pixel: 7.90452
[46,     4] loss / pixel: 8.02734
[46,     6] loss / pixel: 8.14398
[46,     8] loss / pixel: 8.11763
[46,    10] loss / pixel: 8.03413
[Epoch 46 complete] mean loss / pixel: 8.018, accuracy 72.794%, dt 2019-03-30 21:30:02.431616
[47,     2] loss / pixel: 8.22273
[47,     4] loss / pixel: 7.95713
[47,     6] loss / pixel: 7.91408
[47,     8] loss / pixel: 8.01537
[47,    10] loss / pixel: 7.83528
[Epoch 47 complete] mean loss / pixel: 8.011, accuracy 72.805%, dt 2019-03-30 21:30:47.220551
[48,     2] loss / pixel: 8.02964
[48,     4] loss / pixel: 8.16115
[48,     6] loss / pixel: 7.87993
[48,     8] loss / pixel: 7.90687
[48,    10] loss / pixel: 8.18487
[Epoch 48 complete] mean loss / pixel: 8.002, accuracy 72.845%, dt 2019-03-30 21:31:31.576550
[49,     2] loss / pixel: 7.87360
[49,     4] loss / pixel: 8.04142
[49,     6] loss / pixel: 8.24312
[49,     8] loss / pixel: 7.89300
[49,    10] loss / pixel: 7.93123
[Epoch 49 complete] mean loss / pixel: 7.998, accuracy 72.875%, dt 2019-03-30 21:32:15.898253
[50,     2] loss / pixel: 7.57373
[50,     4] loss / pixel: 7.81430
[50,     6] loss / pixel: 7.95176
[50,     8] loss / pixel: 8.20901
[50,    10] loss / pixel: 8.20643
[Epoch 50 complete] mean loss / pixel: 7.994, accuracy 72.898%, dt 2019-03-30 21:32:59.800220
[51,     2] loss / pixel: 7.72646
[51,     4] loss / pixel: 7.89473
[51,     6] loss / pixel: 7.92733
[51,     8] loss / pixel: 7.94458
[51,    10] loss / pixel: 8.26824
[Epoch 51 complete] mean loss / pixel: 7.982, accuracy 72.968%, dt 2019-03-30 21:33:44.197648
[52,     2] loss / pixel: 8.11647
[52,     4] loss / pixel: 8.09841
[52,     6] loss / pixel: 8.28970
[52,     8] loss / pixel: 7.69654
[52,    10] loss / pixel: 7.77104
[Epoch 52 complete] mean loss / pixel: 7.982, accuracy 72.986%, dt 2019-03-30 21:34:28.478744
[53,     2] loss / pixel: 8.18607
[53,     4] loss / pixel: 7.75465
[53,     6] loss / pixel: 7.99231
[53,     8] loss / pixel: 7.99230
[53,    10] loss / pixel: 7.82908
[Epoch 53 complete] mean loss / pixel: 7.976, accuracy 72.966%, dt 2019-03-30 21:35:12.426431
[54,     2] loss / pixel: 8.31971
[54,     4] loss / pixel: 7.84890
[54,     6] loss / pixel: 8.10873
[54,     8] loss / pixel: 7.89015
[54,    10] loss / pixel: 7.90806
[Epoch 54 complete] mean loss / pixel: 7.976, accuracy 72.995%, dt 2019-03-30 21:35:56.123111
[55,     2] loss / pixel: 7.80039
[55,     4] loss / pixel: 8.15985
[55,     6] loss / pixel: 8.24406
[55,     8] loss / pixel: 8.21065
[55,    10] loss / pixel: 7.55027
[Epoch 55 complete] mean loss / pixel: 7.970, accuracy 72.994%, dt 2019-03-30 21:36:40.401964
[56,     2] loss / pixel: 7.91237
[56,     4] loss / pixel: 8.03809
[56,     6] loss / pixel: 7.82182
[56,     8] loss / pixel: 7.97267
[56,    10] loss / pixel: 7.90410
[Epoch 56 complete] mean loss / pixel: 7.953, accuracy 73.086%, dt 2019-03-30 21:37:24.662302
[57,     2] loss / pixel: 7.86896
[57,     4] loss / pixel: 7.95330
[57,     6] loss / pixel: 7.85374
[57,     8] loss / pixel: 8.00538
[57,    10] loss / pixel: 8.07401
[Epoch 57 complete] mean loss / pixel: 7.954, accuracy 73.106%, dt 2019-03-30 21:38:09.020447
[58,     2] loss / pixel: 7.59260
[58,     4] loss / pixel: 8.31048
[58,     6] loss / pixel: 7.75813
[58,     8] loss / pixel: 7.98695
[58,    10] loss / pixel: 8.03908
[Epoch 58 complete] mean loss / pixel: 7.947, accuracy 73.161%, dt 2019-03-30 21:38:53.148662
[59,     2] loss / pixel: 7.81796
[59,     4] loss / pixel: 7.94850
[59,     6] loss / pixel: 7.97793
[59,     8] loss / pixel: 8.08537
[59,    10] loss / pixel: 7.59559
[Epoch 59 complete] mean loss / pixel: 7.943, accuracy 73.196%, dt 2019-03-30 21:39:37.418184
[60,     2] loss / pixel: 7.98641
[60,     4] loss / pixel: 8.26995
[60,     6] loss / pixel: 7.38964
[60,     8] loss / pixel: 7.99607
[60,    10] loss / pixel: 7.88424
[Epoch 60 complete] mean loss / pixel: 7.937, accuracy 73.169%, dt 2019-03-30 21:40:21.935006
[61,     2] loss / pixel: 8.35159
[61,     4] loss / pixel: 7.82012
[61,     6] loss / pixel: 7.96161
[61,     8] loss / pixel: 7.84709
[61,    10] loss / pixel: 7.87835
[Epoch 61 complete] mean loss / pixel: 7.931, accuracy 73.226%, dt 2019-03-30 21:41:06.195756
[62,     2] loss / pixel: 7.89848
[62,     4] loss / pixel: 7.85812
[62,     6] loss / pixel: 7.90992
[62,     8] loss / pixel: 8.16019
[62,    10] loss / pixel: 7.60744
[Epoch 62 complete] mean loss / pixel: 7.929, accuracy 73.223%, dt 2019-03-30 21:41:49.865285
[63,     2] loss / pixel: 8.26305
[63,     4] loss / pixel: 7.55377
[63,     6] loss / pixel: 8.01082
[63,     8] loss / pixel: 8.06846
[63,    10] loss / pixel: 7.70130
[Epoch 63 complete] mean loss / pixel: 7.921, accuracy 73.289%, dt 2019-03-30 21:42:34.454490
[64,     2] loss / pixel: 8.41540
[64,     4] loss / pixel: 7.94766
[64,     6] loss / pixel: 7.79342
[64,     8] loss / pixel: 7.81081
[64,    10] loss / pixel: 7.86274
[Epoch 64 complete] mean loss / pixel: 7.919, accuracy 73.269%, dt 2019-03-30 21:43:21.166803
[65,     2] loss / pixel: 8.38542
[65,     4] loss / pixel: 7.90490
[65,     6] loss / pixel: 7.92556
[65,     8] loss / pixel: 7.78027
[65,    10] loss / pixel: 7.80245
[Epoch 65 complete] mean loss / pixel: 7.914, accuracy 73.297%, dt 2019-03-30 21:44:06.000441
[66,     2] loss / pixel: 7.83679
[66,     4] loss / pixel: 8.27894
[66,     6] loss / pixel: 7.64654
[66,     8] loss / pixel: 7.71008
[66,    10] loss / pixel: 8.08671
[Epoch 66 complete] mean loss / pixel: 7.903, accuracy 73.331%, dt 2019-03-30 21:44:50.628010
[67,     2] loss / pixel: 8.15678
[67,     4] loss / pixel: 7.90659
[67,     6] loss / pixel: 7.69726
[67,     8] loss / pixel: 7.91816
[67,    10] loss / pixel: 8.19419
[Epoch 67 complete] mean loss / pixel: 7.900, accuracy 73.359%, dt 2019-03-30 21:45:35.840128
[68,     2] loss / pixel: 7.76934
[68,     4] loss / pixel: 7.70975
[68,     6] loss / pixel: 7.97097
[68,     8] loss / pixel: 8.28235
[68,    10] loss / pixel: 7.84740
[Epoch 68 complete] mean loss / pixel: 7.896, accuracy 73.379%, dt 2019-03-30 21:46:21.036949
[69,     2] loss / pixel: 8.07564
[69,     4] loss / pixel: 8.07154
[69,     6] loss / pixel: 7.65701
[69,     8] loss / pixel: 7.59463
[69,    10] loss / pixel: 7.79365
[Epoch 69 complete] mean loss / pixel: 7.891, accuracy 73.413%, dt 2019-03-30 21:47:06.823142
[70,     2] loss / pixel: 7.74305
[70,     4] loss / pixel: 8.26979
[70,     6] loss / pixel: 8.05059
[70,     8] loss / pixel: 7.85660
[70,    10] loss / pixel: 7.55643
[Epoch 70 complete] mean loss / pixel: 7.886, accuracy 73.456%, dt 2019-03-30 21:47:52.163041
[71,     2] loss / pixel: 7.78481
[71,     4] loss / pixel: 7.75913
[71,     6] loss / pixel: 7.83198
[71,     8] loss / pixel: 7.95045
[71,    10] loss / pixel: 7.80964
[Epoch 71 complete] mean loss / pixel: 7.877, accuracy 73.432%, dt 2019-03-30 21:48:37.648807
[72,     2] loss / pixel: 7.85055
[72,     4] loss / pixel: 8.02637
[72,     6] loss / pixel: 7.85035
[72,     8] loss / pixel: 7.95815
[72,    10] loss / pixel: 7.81155
[Epoch 72 complete] mean loss / pixel: 7.883, accuracy 73.429%, dt 2019-03-30 21:49:22.960622
[73,     2] loss / pixel: 7.97563
[73,     4] loss / pixel: 7.89150
[73,     6] loss / pixel: 7.83471
[73,     8] loss / pixel: 7.82928
[73,    10] loss / pixel: 7.62835
[Epoch 73 complete] mean loss / pixel: 7.873, accuracy 73.491%, dt 2019-03-30 21:50:15.644248
[74,     2] loss / pixel: 7.60786
[74,     4] loss / pixel: 7.75153
[74,     6] loss / pixel: 8.05340
[74,     8] loss / pixel: 7.63944
[74,    10] loss / pixel: 8.02313
[Epoch 74 complete] mean loss / pixel: 7.866, accuracy 73.491%, dt 2019-03-30 21:50:59.567956
[75,     2] loss / pixel: 7.68953
[75,     4] loss / pixel: 7.49567
[75,     6] loss / pixel: 8.00577
[75,     8] loss / pixel: 7.94361
[75,    10] loss / pixel: 7.89972
[Epoch 75 complete] mean loss / pixel: 7.861, accuracy 73.506%, dt 2019-03-30 21:51:45.044744
[76,     2] loss / pixel: 7.69094
[76,     4] loss / pixel: 7.73795
[76,     6] loss / pixel: 7.84738
[76,     8] loss / pixel: 7.76920
[76,    10] loss / pixel: 8.21029
[Epoch 76 complete] mean loss / pixel: 7.854, accuracy 73.559%, dt 2019-03-30 21:52:29.557152
[77,     2] loss / pixel: 8.03428
[77,     4] loss / pixel: 7.89064
[77,     6] loss / pixel: 7.71706
[77,     8] loss / pixel: 7.65751
[77,    10] loss / pixel: 7.91637
[Epoch 77 complete] mean loss / pixel: 7.858, accuracy 73.570%, dt 2019-03-30 21:53:23.772033
[78,     2] loss / pixel: 7.82427
[78,     4] loss / pixel: 7.64544
[78,     6] loss / pixel: 7.83959
[78,     8] loss / pixel: 7.96158
[78,    10] loss / pixel: 7.91719
[Epoch 78 complete] mean loss / pixel: 7.848, accuracy 73.595%, dt 2019-03-30 21:54:07.999156
[79,     2] loss / pixel: 7.73512
[79,     4] loss / pixel: 7.89252
[79,     6] loss / pixel: 7.99756
[79,     8] loss / pixel: 7.60772
[79,    10] loss / pixel: 8.05830
[Epoch 79 complete] mean loss / pixel: 7.837, accuracy 73.629%, dt 2019-03-30 21:54:52.374775
[80,     2] loss / pixel: 7.92081
[80,     4] loss / pixel: 7.33144
[80,     6] loss / pixel: 7.90696
[80,     8] loss / pixel: 7.99321
[80,    10] loss / pixel: 8.09842
[Epoch 80 complete] mean loss / pixel: 7.843, accuracy 73.614%, dt 2019-03-30 21:55:37.283758
[81,     2] loss / pixel: 7.74962
[81,     4] loss / pixel: 7.54028
[81,     6] loss / pixel: 8.25345
[81,     8] loss / pixel: 7.70388
[81,    10] loss / pixel: 7.86878
[Epoch 81 complete] mean loss / pixel: 7.834, accuracy 73.648%, dt 2019-03-30 21:56:21.408379
[82,     2] loss / pixel: 7.61892
[82,     4] loss / pixel: 7.78817
[82,     6] loss / pixel: 7.75837
[82,     8] loss / pixel: 8.13535
[82,    10] loss / pixel: 7.87369
[Epoch 82 complete] mean loss / pixel: 7.832, accuracy 73.638%, dt 2019-03-30 21:57:12.464695
[83,     2] loss / pixel: 7.47401
[83,     4] loss / pixel: 8.18389
[83,     6] loss / pixel: 7.97663
[83,     8] loss / pixel: 7.29018
[83,    10] loss / pixel: 8.20096
[Epoch 83 complete] mean loss / pixel: 7.828, accuracy 73.670%, dt 2019-03-30 21:57:56.801810
[84,     2] loss / pixel: 7.63290
[84,     4] loss / pixel: 7.91999
[84,     6] loss / pixel: 7.57354
[84,     8] loss / pixel: 7.83460
[84,    10] loss / pixel: 7.95942
[Epoch 84 complete] mean loss / pixel: 7.814, accuracy 73.732%, dt 2019-03-30 21:58:41.078948
[85,     2] loss / pixel: 7.76567
[85,     4] loss / pixel: 7.78700
[85,     6] loss / pixel: 7.97445
[85,     8] loss / pixel: 7.76615
[85,    10] loss / pixel: 7.84380
[Epoch 85 complete] mean loss / pixel: 7.812, accuracy 73.749%, dt 2019-03-30 22:00:01.674567
[86,     2] loss / pixel: 7.61563
[86,     4] loss / pixel: 7.70952
[86,     6] loss / pixel: 7.87255
[86,     8] loss / pixel: 7.96574
[86,    10] loss / pixel: 7.72784
[Epoch 86 complete] mean loss / pixel: 7.804, accuracy 73.772%, dt 2019-03-30 22:00:44.980239
[87,     2] loss / pixel: 7.77318
[87,     4] loss / pixel: 7.80560
[87,     6] loss / pixel: 7.86824
[87,     8] loss / pixel: 7.77932
[87,    10] loss / pixel: 7.94081
[Epoch 87 complete] mean loss / pixel: 7.799, accuracy 73.814%, dt 2019-03-30 22:01:29.380188
[88,     2] loss / pixel: 7.94527
[88,     4] loss / pixel: 7.38362
[88,     6] loss / pixel: 7.88461
[88,     8] loss / pixel: 7.94678
[88,    10] loss / pixel: 7.76233
[Epoch 88 complete] mean loss / pixel: 7.796, accuracy 73.805%, dt 2019-03-30 22:02:14.846668
[89,     2] loss / pixel: 7.63814
[89,     4] loss / pixel: 7.78088
[89,     6] loss / pixel: 8.01137
[89,     8] loss / pixel: 7.79108
[89,    10] loss / pixel: 7.58880
[Epoch 89 complete] mean loss / pixel: 7.793, accuracy 73.793%, dt 2019-03-30 22:02:59.131895
[90,     2] loss / pixel: 7.75194
[90,     4] loss / pixel: 7.62334
[90,     6] loss / pixel: 7.48603
[90,     8] loss / pixel: 7.91952
[90,    10] loss / pixel: 8.37575
[Epoch 90 complete] mean loss / pixel: 7.796, accuracy 73.739%, dt 2019-03-30 22:03:43.954958
UPDATING LR 1.25e-05
[91,     2] loss / pixel: 7.79514
[91,     4] loss / pixel: 7.59551
[91,     6] loss / pixel: 7.80208
[91,     8] loss / pixel: 7.51573
[91,    10] loss / pixel: 8.22991
[Epoch 91 complete] mean loss / pixel: 7.802, accuracy 73.720%, dt 2019-03-30 22:04:28.673545
[92,     2] loss / pixel: 7.79424
[92,     4] loss / pixel: 7.86350
[92,     6] loss / pixel: 7.54529
[92,     8] loss / pixel: 7.76793
[92,    10] loss / pixel: 7.96365
[Epoch 92 complete] mean loss / pixel: 7.792, accuracy 73.850%, dt 2019-03-30 22:05:12.352851
[93,     2] loss / pixel: 7.66260
[93,     4] loss / pixel: 8.16943
[93,     6] loss / pixel: 8.05252
[93,     8] loss / pixel: 7.52368
[93,    10] loss / pixel: 7.51910
[Epoch 93 complete] mean loss / pixel: 7.780, accuracy 73.845%, dt 2019-03-30 22:05:57.024952
[94,     2] loss / pixel: 8.02714
[94,     4] loss / pixel: 7.58766
[94,     6] loss / pixel: 7.64979
[94,     8] loss / pixel: 7.53413
[94,    10] loss / pixel: 8.07891
[Epoch 94 complete] mean loss / pixel: 7.781, accuracy 73.919%, dt 2019-03-30 22:06:41.536299
[95,     2] loss / pixel: 7.45962
[95,     4] loss / pixel: 7.88259
[95,     6] loss / pixel: 7.93489
[95,     8] loss / pixel: 7.66180
[95,    10] loss / pixel: 7.59124
[Epoch 95 complete] mean loss / pixel: 7.771, accuracy 73.927%, dt 2019-03-30 22:07:26.262673
[96,     2] loss / pixel: 8.01059
[96,     4] loss / pixel: 7.46087
[96,     6] loss / pixel: 7.53745
[96,     8] loss / pixel: 7.76933
[96,    10] loss / pixel: 8.00961
[Epoch 96 complete] mean loss / pixel: 7.768, accuracy 73.941%, dt 2019-03-30 22:08:10.985891
[97,     2] loss / pixel: 7.69317
[97,     4] loss / pixel: 7.73461
[97,     6] loss / pixel: 7.70588
[97,     8] loss / pixel: 8.08408
[97,    10] loss / pixel: 7.79181
[Epoch 97 complete] mean loss / pixel: 7.765, accuracy 73.950%, dt 2019-03-30 22:08:54.321352
[98,     2] loss / pixel: 7.97559
[98,     4] loss / pixel: 7.60170
[98,     6] loss / pixel: 7.67360
[98,     8] loss / pixel: 7.69282
[98,    10] loss / pixel: 7.68438
[Epoch 98 complete] mean loss / pixel: 7.766, accuracy 73.975%, dt 2019-03-30 22:09:39.163183
[99,     2] loss / pixel: 7.60391
[99,     4] loss / pixel: 7.59990
[99,     6] loss / pixel: 7.89692
[99,     8] loss / pixel: 7.72555
[99,    10] loss / pixel: 7.83433
[Epoch 99 complete] mean loss / pixel: 7.759, accuracy 73.975%, dt 2019-03-30 22:10:24.504562
[100,     2] loss / pixel: 7.89248
[100,     4] loss / pixel: 7.46810
[100,     6] loss / pixel: 7.86118
[100,     8] loss / pixel: 8.02612
[100,    10] loss / pixel: 7.49591
[Epoch 100 complete] mean loss / pixel: 7.761, accuracy 74.014%, dt 2019-03-30 22:11:08.397634
[101,     2] loss / pixel: 7.75081
[101,     4] loss / pixel: 7.81660
[101,     6] loss / pixel: 8.09232
[101,     8] loss / pixel: 7.57795
[101,    10] loss / pixel: 7.33368
[Epoch 101 complete] mean loss / pixel: 7.754, accuracy 74.007%, dt 2019-03-30 22:11:52.411615
[102,     2] loss / pixel: 7.60158
[102,     4] loss / pixel: 7.46338
[102,     6] loss / pixel: 8.17645
[102,     8] loss / pixel: 7.95135
[102,    10] loss / pixel: 7.79980
[Epoch 102 complete] mean loss / pixel: 7.758, accuracy 74.004%, dt 2019-03-30 22:12:36.477897
[103,     2] loss / pixel: 7.69483
[103,     4] loss / pixel: 7.67054
[103,     6] loss / pixel: 7.65223
[103,     8] loss / pixel: 7.89273
[103,    10] loss / pixel: 7.78300
[Epoch 103 complete] mean loss / pixel: 7.749, accuracy 74.036%, dt 2019-03-30 22:13:20.630930
[104,     2] loss / pixel: 7.82361
[104,     4] loss / pixel: 7.41325
[104,     6] loss / pixel: 7.75981
[104,     8] loss / pixel: 7.70523
[104,    10] loss / pixel: 7.93164
[Epoch 104 complete] mean loss / pixel: 7.747, accuracy 74.026%, dt 2019-03-30 22:14:04.846619
[105,     2] loss / pixel: 7.96950
[105,     4] loss / pixel: 7.97329
[105,     6] loss / pixel: 7.35514
[105,     8] loss / pixel: 7.79679
[105,    10] loss / pixel: 7.64363
[Epoch 105 complete] mean loss / pixel: 7.752, accuracy 74.047%, dt 2019-03-30 22:14:48.812152
[106,     2] loss / pixel: 7.91212
[106,     4] loss / pixel: 8.08902
[106,     6] loss / pixel: 7.62136
[106,     8] loss / pixel: 7.56779
[106,    10] loss / pixel: 7.69651
[Epoch 106 complete] mean loss / pixel: 7.743, accuracy 74.055%, dt 2019-03-30 22:15:33.096809
[107,     2] loss / pixel: 7.71707
[107,     4] loss / pixel: 8.17309
[107,     6] loss / pixel: 7.60464
[107,     8] loss / pixel: 7.27676
[107,    10] loss / pixel: 7.88973
[Epoch 107 complete] mean loss / pixel: 7.740, accuracy 74.070%, dt 2019-03-30 22:16:18.503936
[108,     2] loss / pixel: 7.84278
[108,     4] loss / pixel: 8.06744
[108,     6] loss / pixel: 7.68361
[108,     8] loss / pixel: 7.83024
[108,    10] loss / pixel: 7.52771
[Epoch 108 complete] mean loss / pixel: 7.739, accuracy 74.072%, dt 2019-03-30 22:17:02.586510
[109,     2] loss / pixel: 7.56553
[109,     4] loss / pixel: 8.07242
[109,     6] loss / pixel: 7.81524
[109,     8] loss / pixel: 7.80451
[109,    10] loss / pixel: 7.55153
[Epoch 109 complete] mean loss / pixel: 7.732, accuracy 74.052%, dt 2019-03-30 22:17:46.898043
[110,     2] loss / pixel: 7.85265
[110,     4] loss / pixel: 8.10658
[110,     6] loss / pixel: 7.51238
[110,     8] loss / pixel: 7.77488
[110,    10] loss / pixel: 7.41437
[Epoch 110 complete] mean loss / pixel: 7.732, accuracy 74.096%, dt 2019-03-30 22:18:30.654305
[111,     2] loss / pixel: 7.43957
[111,     4] loss / pixel: 8.04844
[111,     6] loss / pixel: 7.84796
[111,     8] loss / pixel: 7.30577
[111,    10] loss / pixel: 7.90045
[Epoch 111 complete] mean loss / pixel: 7.733, accuracy 74.092%, dt 2019-03-30 22:19:15.194213
[112,     2] loss / pixel: 7.64038
[112,     4] loss / pixel: 8.10185
[112,     6] loss / pixel: 7.88504
[112,     8] loss / pixel: 7.91387
[112,    10] loss / pixel: 7.39317
[Epoch 112 complete] mean loss / pixel: 7.735, accuracy 74.102%, dt 2019-03-30 22:19:59.192796
[113,     2] loss / pixel: 7.52992
[113,     4] loss / pixel: 7.73460
[113,     6] loss / pixel: 7.90534
[113,     8] loss / pixel: 7.96728
[113,    10] loss / pixel: 7.70503
[Epoch 113 complete] mean loss / pixel: 7.728, accuracy 74.122%, dt 2019-03-30 22:20:44.117522
[114,     2] loss / pixel: 7.41882
[114,     4] loss / pixel: 7.67228
[114,     6] loss / pixel: 7.75512
[114,     8] loss / pixel: 7.86431
[114,    10] loss / pixel: 7.84330
[Epoch 114 complete] mean loss / pixel: 7.725, accuracy 74.120%, dt 2019-03-30 22:21:28.484483
[115,     2] loss / pixel: 7.47138
[115,     4] loss / pixel: 7.92505
[115,     6] loss / pixel: 7.63194
[115,     8] loss / pixel: 8.06571
[115,    10] loss / pixel: 8.00384
[Epoch 115 complete] mean loss / pixel: 7.729, accuracy 74.132%, dt 2019-03-30 22:22:12.185833
[116,     2] loss / pixel: 7.62388
[116,     4] loss / pixel: 7.77622
[116,     6] loss / pixel: 7.58400
[116,     8] loss / pixel: 7.90392
[116,    10] loss / pixel: 7.77699
[Epoch 116 complete] mean loss / pixel: 7.719, accuracy 74.134%, dt 2019-03-30 22:22:57.039312
[117,     2] loss / pixel: 7.69692
[117,     4] loss / pixel: 7.78501
[117,     6] loss / pixel: 7.64121
[117,     8] loss / pixel: 7.89647
[117,    10] loss / pixel: 7.56661
[Epoch 117 complete] mean loss / pixel: 7.718, accuracy 74.159%, dt 2019-03-30 22:23:41.307225
[118,     2] loss / pixel: 7.37658
[118,     4] loss / pixel: 8.03002
[118,     6] loss / pixel: 7.60718
[118,     8] loss / pixel: 7.55929
[118,    10] loss / pixel: 7.90593
[Epoch 118 complete] mean loss / pixel: 7.717, accuracy 74.156%, dt 2019-03-30 22:24:25.347689
[119,     2] loss / pixel: 7.76107
[119,     4] loss / pixel: 8.04717
[119,     6] loss / pixel: 7.81291
[119,     8] loss / pixel: 7.51556
[119,    10] loss / pixel: 7.33369
[Epoch 119 complete] mean loss / pixel: 7.719, accuracy 74.154%, dt 2019-03-30 22:25:10.802654
[120,     2] loss / pixel: 7.62986
[120,     4] loss / pixel: 7.63816
[120,     6] loss / pixel: 7.69073
[120,     8] loss / pixel: 7.80181
[120,    10] loss / pixel: 7.53211
[Epoch 120 complete] mean loss / pixel: 7.716, accuracy 74.169%, dt 2019-03-30 22:25:55.770487
[121,     2] loss / pixel: 7.81675
[121,     4] loss / pixel: 7.63947
[121,     6] loss / pixel: 7.98647
[121,     8] loss / pixel: 7.75054
[121,    10] loss / pixel: 7.53755
[Epoch 121 complete] mean loss / pixel: 7.711, accuracy 74.179%, dt 2019-03-30 22:26:39.887544
[122,     2] loss / pixel: 7.85062
[122,     4] loss / pixel: 7.82442
[122,     6] loss / pixel: 7.35811
[122,     8] loss / pixel: 7.45633
[122,    10] loss / pixel: 7.88821
[Epoch 122 complete] mean loss / pixel: 7.709, accuracy 74.164%, dt 2019-03-30 22:27:23.811175
[123,     2] loss / pixel: 7.90295
[123,     4] loss / pixel: 7.58441
[123,     6] loss / pixel: 7.47619
[123,     8] loss / pixel: 7.68486
[123,    10] loss / pixel: 7.72180
[Epoch 123 complete] mean loss / pixel: 7.707, accuracy 74.185%, dt 2019-03-30 22:28:07.797582
[124,     2] loss / pixel: 7.54314
[124,     4] loss / pixel: 7.74763
[124,     6] loss / pixel: 7.75913
[124,     8] loss / pixel: 7.71048
[124,    10] loss / pixel: 7.76370
[Epoch 124 complete] mean loss / pixel: 7.704, accuracy 74.208%, dt 2019-03-30 22:28:52.389018
[125,     2] loss / pixel: 7.64311
[125,     4] loss / pixel: 7.88534
[125,     6] loss / pixel: 7.81853
[125,     8] loss / pixel: 7.67857
[125,    10] loss / pixel: 7.67484
[Epoch 125 complete] mean loss / pixel: 7.705, accuracy 74.204%, dt 2019-03-30 22:29:35.881634
[126,     2] loss / pixel: 7.50089
[126,     4] loss / pixel: 7.79203
[126,     6] loss / pixel: 7.67267
[126,     8] loss / pixel: 7.77680
[126,    10] loss / pixel: 7.83523
[Epoch 126 complete] mean loss / pixel: 7.698, accuracy 74.208%, dt 2019-03-30 22:30:20.465707
UPDATING LR 1.5625e-06
[127,     2] loss / pixel: 7.58375
[127,     4] loss / pixel: 7.66928
[127,     6] loss / pixel: 7.95474
[127,     8] loss / pixel: 7.62393
[127,    10] loss / pixel: 7.83191
[Epoch 127 complete] mean loss / pixel: 7.697, accuracy 74.253%, dt 2019-03-30 22:31:04.643098
[128,     2] loss / pixel: 7.58755
[128,     4] loss / pixel: 7.49987
[128,     6] loss / pixel: 7.88984
[128,     8] loss / pixel: 7.65609
[128,    10] loss / pixel: 7.79553
[Epoch 128 complete] mean loss / pixel: 7.696, accuracy 74.224%, dt 2019-03-30 22:31:48.549934
[129,     2] loss / pixel: 7.51272
[129,     4] loss / pixel: 7.52808
[129,     6] loss / pixel: 7.71896
[129,     8] loss / pixel: 7.98595
[129,    10] loss / pixel: 7.81648
[Epoch 129 complete] mean loss / pixel: 7.696, accuracy 74.263%, dt 2019-03-30 22:32:33.708484
[130,     2] loss / pixel: 7.80795
[130,     4] loss / pixel: 7.49818
[130,     6] loss / pixel: 7.52839
[130,     8] loss / pixel: 7.71074
[130,    10] loss / pixel: 7.59203
[Epoch 130 complete] mean loss / pixel: 7.698, accuracy 74.247%, dt 2019-03-30 22:33:18.157760
[131,     2] loss / pixel: 7.45691
[131,     4] loss / pixel: 7.86795
[131,     6] loss / pixel: 7.59406
[131,     8] loss / pixel: 7.99449
[131,    10] loss / pixel: 7.75225
[Epoch 131 complete] mean loss / pixel: 7.694, accuracy 74.254%, dt 2019-03-30 22:34:03.215000
[132,     2] loss / pixel: 7.93291
[132,     4] loss / pixel: 7.64771
[132,     6] loss / pixel: 7.63702
[132,     8] loss / pixel: 7.69398
[132,    10] loss / pixel: 7.42855
[Epoch 132 complete] mean loss / pixel: 7.696, accuracy 74.267%, dt 2019-03-30 22:34:48.581576
[133,     2] loss / pixel: 7.75528
[133,     4] loss / pixel: 7.83071
[133,     6] loss / pixel: 7.54108
[133,     8] loss / pixel: 7.77436
[133,    10] loss / pixel: 7.69327
[Epoch 133 complete] mean loss / pixel: 7.691, accuracy 74.254%, dt 2019-03-30 22:35:32.945451
[134,     2] loss / pixel: 7.37469
[134,     4] loss / pixel: 7.98410
[134,     6] loss / pixel: 7.62087
[134,     8] loss / pixel: 7.98902
[134,    10] loss / pixel: 7.70831
[Epoch 134 complete] mean loss / pixel: 7.693, accuracy 74.268%, dt 2019-03-30 22:36:17.618831
[135,     2] loss / pixel: 7.77062
[135,     4] loss / pixel: 7.58564
[135,     6] loss / pixel: 7.70620
[135,     8] loss / pixel: 7.78219
[135,    10] loss / pixel: 7.42896
[Epoch 135 complete] mean loss / pixel: 7.698, accuracy 74.253%, dt 2019-03-30 22:37:02.165680
[136,     2] loss / pixel: 7.67585
[136,     4] loss / pixel: 7.71306
[136,     6] loss / pixel: 7.88755
[136,     8] loss / pixel: 7.62093
[136,    10] loss / pixel: 7.68751
[Epoch 136 complete] mean loss / pixel: 7.692, accuracy 74.272%, dt 2019-03-30 22:37:45.819489
[137,     2] loss / pixel: 7.46820
[137,     4] loss / pixel: 7.80231
[137,     6] loss / pixel: 7.35867
[137,     8] loss / pixel: 7.66518
[137,    10] loss / pixel: 7.91018
[Epoch 137 complete] mean loss / pixel: 7.694, accuracy 74.261%, dt 2019-03-30 22:38:29.237109
[138,     2] loss / pixel: 7.74169
[138,     4] loss / pixel: 7.35536
[138,     6] loss / pixel: 7.70323
[138,     8] loss / pixel: 8.13308
[138,    10] loss / pixel: 7.61282
[Epoch 138 complete] mean loss / pixel: 7.691, accuracy 74.268%, dt 2019-03-30 22:39:13.512707
[139,     2] loss / pixel: 7.66734
[139,     4] loss / pixel: 7.63035
[139,     6] loss / pixel: 7.55407
[139,     8] loss / pixel: 7.88595
[139,    10] loss / pixel: 7.81427
[Epoch 139 complete] mean loss / pixel: 7.691, accuracy 74.273%, dt 2019-03-30 22:39:58.670164
[140,     2] loss / pixel: 7.56889
[140,     4] loss / pixel: 7.48925
[140,     6] loss / pixel: 7.93744
[140,     8] loss / pixel: 7.70838
[140,    10] loss / pixel: 7.81620
[Epoch 140 complete] mean loss / pixel: 7.690, accuracy 74.270%, dt 2019-03-30 22:40:41.642595
[141,     2] loss / pixel: 7.69667
[141,     4] loss / pixel: 7.60379
[141,     6] loss / pixel: 7.83331
[141,     8] loss / pixel: 7.57263
[141,    10] loss / pixel: 7.74303
[Epoch 141 complete] mean loss / pixel: 7.688, accuracy 74.278%, dt 2019-03-30 22:41:25.702755
[142,     2] loss / pixel: 7.94740
[142,     4] loss / pixel: 7.86871
[142,     6] loss / pixel: 7.63094
[142,     8] loss / pixel: 7.44907
[142,    10] loss / pixel: 7.60959
[Epoch 142 complete] mean loss / pixel: 7.693, accuracy 74.268%, dt 2019-03-30 22:42:09.601279
[143,     2] loss / pixel: 7.67520
[143,     4] loss / pixel: 7.26962
[143,     6] loss / pixel: 7.73592
[143,     8] loss / pixel: 7.65346
[143,    10] loss / pixel: 7.90892
[Epoch 143 complete] mean loss / pixel: 7.694, accuracy 74.272%, dt 2019-03-30 22:42:53.430921
[144,     2] loss / pixel: 7.55845
[144,     4] loss / pixel: 7.45022
[144,     6] loss / pixel: 8.07333
[144,     8] loss / pixel: 7.49252
[144,    10] loss / pixel: 7.91931
[Epoch 144 complete] mean loss / pixel: 7.693, accuracy 74.267%, dt 2019-03-30 22:43:37.289041
[145,     2] loss / pixel: 7.74936
[145,     4] loss / pixel: 7.46998
[145,     6] loss / pixel: 7.81272
[145,     8] loss / pixel: 7.80418
[145,    10] loss / pixel: 7.59895
[Epoch 145 complete] mean loss / pixel: 7.688, accuracy 74.288%, dt 2019-03-30 22:44:21.399789
[146,     2] loss / pixel: 7.82487
[146,     4] loss / pixel: 7.45723
[146,     6] loss / pixel: 8.00989
[146,     8] loss / pixel: 7.80209
[146,    10] loss / pixel: 7.62051
[Epoch 146 complete] mean loss / pixel: 7.692, accuracy 74.278%, dt 2019-03-30 22:45:06.515772
[147,     2] loss / pixel: 7.74889
[147,     4] loss / pixel: 7.71516
[147,     6] loss / pixel: 7.38686
[147,     8] loss / pixel: 7.66455
[147,    10] loss / pixel: 7.78962
[Epoch 147 complete] mean loss / pixel: 7.692, accuracy 74.270%, dt 2019-03-30 22:45:50.806690
[148,     2] loss / pixel: 7.65513
[148,     4] loss / pixel: 7.83905
[148,     6] loss / pixel: 7.67258
[148,     8] loss / pixel: 7.88742
[148,    10] loss / pixel: 7.34620
[Epoch 148 complete] mean loss / pixel: 7.691, accuracy 74.272%, dt 2019-03-30 22:46:34.935795
[149,     2] loss / pixel: 7.78829
[149,     4] loss / pixel: 7.86309
[149,     6] loss / pixel: 7.34010
[149,     8] loss / pixel: 7.56263
[149,    10] loss / pixel: 7.76346
[Epoch 149 complete] mean loss / pixel: 7.690, accuracy 74.275%, dt 2019-03-30 22:47:20.210865
[150,     2] loss / pixel: 7.65101
[150,     4] loss / pixel: 7.60124
[150,     6] loss / pixel: 7.40364
[150,     8] loss / pixel: 7.91336
[150,    10] loss / pixel: 8.06615
[Epoch 150 complete] mean loss / pixel: 7.688, accuracy 74.288%, dt 2019-03-30 22:48:04.492877
[151,     2] loss / pixel: 7.62528
[151,     4] loss / pixel: 7.67256
[151,     6] loss / pixel: 7.35385
[151,     8] loss / pixel: 8.13656
[151,    10] loss / pixel: 7.59595
[Epoch 151 complete] mean loss / pixel: 7.691, accuracy 74.293%, dt 2019-03-30 22:48:49.620786
[152,     2] loss / pixel: 7.82398
[152,     4] loss / pixel: 7.54742
[152,     6] loss / pixel: 7.59230
[152,     8] loss / pixel: 7.61339
[152,    10] loss / pixel: 7.74469
[Epoch 152 complete] mean loss / pixel: 7.681, accuracy 74.274%, dt 2019-03-30 22:49:33.952965
[153,     2] loss / pixel: 7.93405
[153,     4] loss / pixel: 7.27250
[153,     6] loss / pixel: 8.05075
[153,     8] loss / pixel: 7.79868
[153,    10] loss / pixel: 7.49316
[Epoch 153 complete] mean loss / pixel: 7.689, accuracy 74.289%, dt 2019-03-30 22:50:18.206982
[154,     2] loss / pixel: 7.96124
[154,     4] loss / pixel: 7.63154
[154,     6] loss / pixel: 7.60395
[154,     8] loss / pixel: 7.77095
[154,    10] loss / pixel: 7.41495
[Epoch 154 complete] mean loss / pixel: 7.687, accuracy 74.288%, dt 2019-03-30 22:51:02.581328
[155,     2] loss / pixel: 8.07287
[155,     4] loss / pixel: 7.62967
[155,     6] loss / pixel: 7.60782
[155,     8] loss / pixel: 7.38576
[155,    10] loss / pixel: 7.74262
[Epoch 155 complete] mean loss / pixel: 7.693, accuracy 74.287%, dt 2019-03-30 22:51:47.979033
[156,     2] loss / pixel: 7.83883
[156,     4] loss / pixel: 7.68215
[156,     6] loss / pixel: 7.49636
[156,     8] loss / pixel: 7.45513
[156,    10] loss / pixel: 7.79923
[Epoch 156 complete] mean loss / pixel: 7.685, accuracy 74.287%, dt 2019-03-30 22:52:31.852423
[157,     2] loss / pixel: 7.70370
[157,     4] loss / pixel: 7.88118
[157,     6] loss / pixel: 7.40037
[157,     8] loss / pixel: 7.47794
[157,    10] loss / pixel: 7.78271
[Epoch 157 complete] mean loss / pixel: 7.686, accuracy 74.291%, dt 2019-03-30 22:53:16.988985
[158,     2] loss / pixel: 7.63587
[158,     4] loss / pixel: 7.97766
[158,     6] loss / pixel: 7.70307
[158,     8] loss / pixel: 7.76553
[158,    10] loss / pixel: 7.39264
[Epoch 158 complete] mean loss / pixel: 7.683, accuracy 74.286%, dt 2019-03-30 22:54:01.230554
[159,     2] loss / pixel: 7.83378
[159,     4] loss / pixel: 7.87423
[159,     6] loss / pixel: 7.75416
[159,     8] loss / pixel: 7.36223
[159,    10] loss / pixel: 7.51776
[Epoch 159 complete] mean loss / pixel: 7.686, accuracy 74.295%, dt 2019-03-30 22:54:44.937817
[160,     2] loss / pixel: 7.82164
[160,     4] loss / pixel: 7.92323
[160,     6] loss / pixel: 7.65926
[160,     8] loss / pixel: 7.69207
[160,    10] loss / pixel: 7.53538
[Epoch 160 complete] mean loss / pixel: 7.684, accuracy 74.291%, dt 2019-03-30 22:55:28.441543
[161,     2] loss / pixel: 7.74899
[161,     4] loss / pixel: 7.66825
[161,     6] loss / pixel: 7.86513
[161,     8] loss / pixel: 7.82829
[161,    10] loss / pixel: 7.49645
[Epoch 161 complete] mean loss / pixel: 7.688, accuracy 74.299%, dt 2019-03-30 22:56:13.615504
[162,     2] loss / pixel: 7.64973
[162,     4] loss / pixel: 7.77078
[162,     6] loss / pixel: 7.48692
[162,     8] loss / pixel: 7.56510
[162,    10] loss / pixel: 8.11867
[Epoch 162 complete] mean loss / pixel: 7.684, accuracy 74.297%, dt 2019-03-30 22:56:58.878472
UPDATING LR 3.90625e-07
[163,     2] loss / pixel: 7.90276
[163,     4] loss / pixel: 8.00816
[163,     6] loss / pixel: 7.56021
[163,     8] loss / pixel: 7.27247
[163,    10] loss / pixel: 7.51038
[Epoch 163 complete] mean loss / pixel: 7.685, accuracy 74.295%, dt 2019-03-30 22:57:43.123570
[164,     2] loss / pixel: 7.74036
[164,     4] loss / pixel: 7.44021
[164,     6] loss / pixel: 7.66628
[164,     8] loss / pixel: 7.52016
[164,    10] loss / pixel: 7.88687
[Epoch 164 complete] mean loss / pixel: 7.689, accuracy 74.303%, dt 2019-03-30 22:58:27.189400
[165,     2] loss / pixel: 7.91832
[165,     4] loss / pixel: 7.57478
[165,     6] loss / pixel: 7.74345
[165,     8] loss / pixel: 7.91286
[165,    10] loss / pixel: 7.26578
[Epoch 165 complete] mean loss / pixel: 7.679, accuracy 74.302%, dt 2019-03-30 22:59:11.355263
[166,     2] loss / pixel: 7.60425
[166,     4] loss / pixel: 7.79579
[166,     6] loss / pixel: 7.63465
[166,     8] loss / pixel: 7.56496
[166,    10] loss / pixel: 7.67730
[Epoch 166 complete] mean loss / pixel: 7.684, accuracy 74.296%, dt 2019-03-30 22:59:57.027404
[167,     2] loss / pixel: 7.86083
[167,     4] loss / pixel: 7.59844
[167,     6] loss / pixel: 8.00036
[167,     8] loss / pixel: 7.33359
[167,    10] loss / pixel: 7.74395
[Epoch 167 complete] mean loss / pixel: 7.685, accuracy 74.293%, dt 2019-03-30 23:00:40.695764
[168,     2] loss / pixel: 7.62273
[168,     4] loss / pixel: 7.46587
[168,     6] loss / pixel: 7.76740
[168,     8] loss / pixel: 7.80396
[168,    10] loss / pixel: 7.70323
[Epoch 168 complete] mean loss / pixel: 7.686, accuracy 74.305%, dt 2019-03-30 23:01:25.094042
[169,     2] loss / pixel: 7.79570
[169,     4] loss / pixel: 8.11217
[169,     6] loss / pixel: 7.94571
[169,     8] loss / pixel: 7.46593
[169,    10] loss / pixel: 7.17780
[Epoch 169 complete] mean loss / pixel: 7.685, accuracy 74.305%, dt 2019-03-30 23:02:10.082015
[170,     2] loss / pixel: 7.88105
[170,     4] loss / pixel: 7.60629
[170,     6] loss / pixel: 7.53945
[170,     8] loss / pixel: 7.71236
[170,    10] loss / pixel: 7.72403
[Epoch 170 complete] mean loss / pixel: 7.687, accuracy 74.301%, dt 2019-03-30 23:02:53.913093
[171,     2] loss / pixel: 7.26362
[171,     4] loss / pixel: 7.69624
[171,     6] loss / pixel: 7.74281
[171,     8] loss / pixel: 7.93504
[171,    10] loss / pixel: 7.79708
[Epoch 171 complete] mean loss / pixel: 7.681, accuracy 74.306%, dt 2019-03-30 23:03:38.577650
UPDATING LR 1.953125e-07
[172,     2] loss / pixel: 7.79842
[172,     4] loss / pixel: 7.28231
[172,     6] loss / pixel: 7.94846
[172,     8] loss / pixel: 7.69220
[172,    10] loss / pixel: 7.60942
[Epoch 172 complete] mean loss / pixel: 7.682, accuracy 74.298%, dt 2019-03-30 23:04:22.472746
[173,     2] loss / pixel: 7.27930
[173,     4] loss / pixel: 7.75391
[173,     6] loss / pixel: 7.64608
[173,     8] loss / pixel: 7.65561
[173,    10] loss / pixel: 7.91430
[Epoch 173 complete] mean loss / pixel: 7.688, accuracy 74.300%, dt 2019-03-30 23:05:06.224891
[174,     2] loss / pixel: 7.66388
[174,     4] loss / pixel: 7.59758
[174,     6] loss / pixel: 7.76282
[174,     8] loss / pixel: 7.56409
[174,    10] loss / pixel: 7.62817
[Epoch 174 complete] mean loss / pixel: 7.686, accuracy 74.305%, dt 2019-03-30 23:05:51.115679
[175,     2] loss / pixel: 7.82293
[175,     4] loss / pixel: 7.62184
[175,     6] loss / pixel: 7.84003
[175,     8] loss / pixel: 7.70889
[175,    10] loss / pixel: 7.56293
[Epoch 175 complete] mean loss / pixel: 7.686, accuracy 74.302%, dt 2019-03-30 23:06:35.315809
[176,     2] loss / pixel: 7.85521
[176,     4] loss / pixel: 7.49284
[176,     6] loss / pixel: 8.07740
[176,     8] loss / pixel: 7.42003
[176,    10] loss / pixel: 7.39646
[Epoch 176 complete] mean loss / pixel: 7.683, accuracy 74.308%, dt 2019-03-30 23:07:19.389032
[177,     2] loss / pixel: 7.55240
[177,     4] loss / pixel: 7.80415
[177,     6] loss / pixel: 7.69639
[177,     8] loss / pixel: 7.47992
[177,    10] loss / pixel: 7.92123
[Epoch 177 complete] mean loss / pixel: 7.687, accuracy 74.295%, dt 2019-03-30 23:08:03.997723
[178,     2] loss / pixel: 7.77415
[178,     4] loss / pixel: 7.59854
[178,     6] loss / pixel: 8.14222
[178,     8] loss / pixel: 7.47504
[178,    10] loss / pixel: 7.51399
[Epoch 178 complete] mean loss / pixel: 7.679, accuracy 74.306%, dt 2019-03-30 23:08:47.441197
[179,     2] loss / pixel: 7.81208
[179,     4] loss / pixel: 7.74263
[179,     6] loss / pixel: 7.65119
[179,     8] loss / pixel: 7.64929
[179,    10] loss / pixel: 7.40283
[Epoch 179 complete] mean loss / pixel: 7.683, accuracy 74.299%, dt 2019-03-30 23:09:32.003436
[180,     2] loss / pixel: 7.51617
[180,     4] loss / pixel: 7.20779
[180,     6] loss / pixel: 7.87782
[180,     8] loss / pixel: 7.68140
[180,    10] loss / pixel: 7.95356
[Epoch 180 complete] mean loss / pixel: 7.682, accuracy 74.303%, dt 2019-03-30 23:10:16.555315

Training complete. Saving graphs
Testing
Image index tensor(0)

*OVERALL REPORT*

Trained on 3 test images.
Acc: 72%, CentralAcc: 85% AvgConf: 1.128 FPos: 46137223  FNeg: 46137465 CorrUnlabel: 44445685


*PER CLASS REPORT*

class0 Acc: 0% Conf: 0.038 Corr: 3 FPos: 4238739 FNeg: 5767157 CorrUnLab: 4238736 on 132 predicted labels (1528308 actual).
class1 Acc: 82% Conf: 0.869 Corr: 102557 FPos: 5642262 FNeg: 5647879 CorrUnLab: 5625530 on 119289 predicted labels (124906 actual).
class2 Acc: 87% Conf: 1.324 Corr: 177567 FPos: 5564006 FNeg: 5567378 CorrUnLab: 5541783 on 199790 predicted labels (203162 actual).
class3 Acc: 84% Conf: 1.242 Corr: 82153 FPos: 5670381 FNeg: 4127463 CorrUnLab: 4112829 on 1639705 predicted labels (96787 actual).
class4 Acc: 66% Conf: 1.145 Corr: 62111 FPos: 5674155 FNeg: 5685334 CorrUnLab: 5654432 on 81834 predicted labels (93013 actual).
class5 Acc: 92% Conf: 2.084 Corr: 266267 FPos: 5479293 FNeg: 5473124 CorrUnLab: 5451516 on 294044 predicted labels (287875 actual).
class6 Acc: 78% Conf: 2.125 Corr: 79011 FPos: 5666115 FNeg: 5675215 CorrUnLab: 5653173 on 91953 predicted labels (101053 actual).
class7 Acc: 88% Conf: 2.946 Corr: 70004 FPos: 5688278 FNeg: 5666191 CorrUnLab: 5657305 on 100977 predicted labels (78890 actual).
class8 Acc: 96% Conf: 0.896 Corr: 3153701 FPos: 2513994 FNeg: 2527724 CorrUnLab: 2510381 on 3239444 predicted labels (3253174 actual).

*EQUAL WEIGHT REPORT*

Accuracies (equal contribution) 75%
Confidence (equal contribution) 1.408
Training complete in 2.258 hrs
Reading in previous experiments.

Writing output to running results
Completed run at 2019-03-30 23:10:40.163382
Time for run 2.260 hrs

Writing output to metaresults
Successful completion
Completed in 2.261 hours
slurmstepd: error: task_p_post_term: rmdir(/sys/fs/cgroup/cpuset/slurm10414327/slurm10414327.4294967294_0) failed Device or resource busy
