Changed directory to /home/jhb57/dnn-information.

JobID: 10414330
======
Time: Sat 30 Mar 21:23:35 GMT 2019
Running on master node: gpu-e-10
Current directory: /home/jhb57/dnn-information

Nodes allocated:
================
gpu-e-10

numtasks=4, numnodes=1, mpi_tasks_per_node=4 (OMP_NUM_THREADS=1)

Executing command:
==================
python /home/jhb57/dnn-information/experiments/experiment_1/run_experiment_uniform_vary_eps_1.py 

Script started at 2019-03-30 21:23:40.214567
appending /home/jhb57/dnn-information/models/unet
Initialisation time 0.855 secs

Running smoothing type uniform_vary_eps at 2019-03-30 21:23:41.070024 

Appending /home/jhb57/dnn-information
Loading images
Data shape (110, 768, 512)
Label shape (110, 2, 768, 512)
No cleaning in data load
Loaded.
len trainset 11
len testset 3
Info layers numbers [0, 6, 12, 18, 24, 30, 36, 42, 48, 54]
Let's use 4 GPUs!
Moving model to cuda:0
Updating at img [    0  1584  3168  7920 11088 14256 15048]
Updating to lrs [1.000000e-04 5.000000e-05 2.500000e-05 1.250000e-05 1.562500e-06
 3.906250e-07 1.953125e-07]
Starting training.
UPDATING LR 0.0001
Smoothing by varying eps
Resulting Epsilon:
 [[0.10255328 0.15286223 0.15051802 0.18221349 0.21006711 0.13960293
  0.16936121 0.20695012 0.1009877 ]
 [0.10191246 0.14254636 0.15353754 0.20641255 0.19580946 0.13381457
  0.1673254  0.18009354 0.1009129 ]
 [0.10231144 0.17016317 0.12709269 0.18048052 0.19776258 0.11629799
  0.14713037 0.19599673 0.10103292]
 [0.10320682 0.17005944 0.12256844 0.16243335 0.16434117 0.11868224
  0.15114125 0.18496217 0.1008212 ]
 [0.10203718 0.19807568 0.12553493 0.17933762 0.1744     0.11317616
  0.18147091 0.15995935 0.10121849]
 [0.10224746 0.1419157  0.15162322 0.18630764 0.17861672 0.12559246
  0.18019551 0.20224949 0.10112338]
 [0.1020477  0.18644712 0.12994292 0.16867052 0.19005742 0.12047142
  0.15423984 0.18646737 0.10089383]
 [0.10165862 0.19814877 0.13178815 0.1728473  0.19321653 0.11556374
  0.16470318 0.18287903 0.10113187]]
Smoothing by uniform vary eps
Smoothing by uniform vary eps
Smoothing by uniform vary eps
Smoothing by uniform vary eps
Smoothing by uniform vary eps
Smoothing by uniform vary eps
Smoothing by uniform vary eps
Smoothing by uniform vary eps
Smoothing by uniform vary eps
Reconstructed smoothing tensors batch 0 
 [[0.89744672 0.01281916 0.01281916 0.01281916 0.01281916 0.01281916
  0.01281916 0.01281916 0.01281916]
 [0.01910778 0.84713777 0.01910778 0.01910778 0.01910778 0.01910778
  0.01910778 0.01910778 0.01910778]
 [0.01881475 0.01881475 0.84948198 0.01881475 0.01881475 0.01881475
  0.01881475 0.01881475 0.01881475]
 [0.02277669 0.02277669 0.02277669 0.81778651 0.02277669 0.02277669
  0.02277669 0.02277669 0.02277669]
 [0.02625839 0.02625839 0.02625839 0.02625839 0.78993289 0.02625839
  0.02625839 0.02625839 0.02625839]
 [0.01745037 0.01745037 0.01745037 0.01745037 0.01745037 0.86039707
  0.01745037 0.01745037 0.01745037]
 [0.02117015 0.02117015 0.02117015 0.02117015 0.02117015 0.02117015
  0.83063879 0.02117015 0.02117015]
 [0.02586877 0.02586877 0.02586877 0.02586877 0.02586877 0.02586877
  0.02586877 0.79304988 0.02586877]
 [0.01262346 0.01262346 0.01262346 0.01262346 0.01262346 0.01262346
  0.01262346 0.01262346 0.8990123 ]]
Reconstructed smoothing tensors batch 1 
 [[0.89808754 0.01273906 0.01273906 0.01273906 0.01273906 0.01273906
  0.01273906 0.01273906 0.01273906]
 [0.01781829 0.85745364 0.01781829 0.01781829 0.01781829 0.01781829
  0.01781829 0.01781829 0.01781829]
 [0.01919219 0.01919219 0.84646246 0.01919219 0.01919219 0.01919219
  0.01919219 0.01919219 0.01919219]
 [0.02580157 0.02580157 0.02580157 0.79358745 0.02580157 0.02580157
  0.02580157 0.02580157 0.02580157]
 [0.02447618 0.02447618 0.02447618 0.02447618 0.80419054 0.02447618
  0.02447618 0.02447618 0.02447618]
 [0.01672682 0.01672682 0.01672682 0.01672682 0.01672682 0.86618543
  0.01672682 0.01672682 0.01672682]
 [0.02091567 0.02091567 0.02091567 0.02091567 0.02091567 0.02091567
  0.8326746  0.02091567 0.02091567]
 [0.02251169 0.02251169 0.02251169 0.02251169 0.02251169 0.02251169
  0.02251169 0.81990646 0.02251169]
 [0.01261411 0.01261411 0.01261411 0.01261411 0.01261411 0.01261411
  0.01261411 0.01261411 0.8990871 ]]
Reconstructed smoothing tensors batch 2 
 [[0.89768856 0.01278893 0.01278893 0.01278893 0.01278893 0.01278893
  0.01278893 0.01278893 0.01278893]
 [0.0212704  0.82983683 0.0212704  0.0212704  0.0212704  0.0212704
  0.0212704  0.0212704  0.0212704 ]
 [0.01588659 0.01588659 0.87290731 0.01588659 0.01588659 0.01588659
  0.01588659 0.01588659 0.01588659]
 [0.02256006 0.02256006 0.02256006 0.81951948 0.02256006 0.02256006
  0.02256006 0.02256006 0.02256006]
 [0.02472032 0.02472032 0.02472032 0.02472032 0.80223742 0.02472032
  0.02472032 0.02472032 0.02472032]
 [0.01453725 0.01453725 0.01453725 0.01453725 0.01453725 0.88370201
  0.01453725 0.01453725 0.01453725]
 [0.0183913  0.0183913  0.0183913  0.0183913  0.0183913  0.0183913
  0.85286963 0.0183913  0.0183913 ]
 [0.02449959 0.02449959 0.02449959 0.02449959 0.02449959 0.02449959
  0.02449959 0.80400327 0.02449959]
 [0.01262911 0.01262911 0.01262911 0.01262911 0.01262911 0.01262911
  0.01262911 0.01262911 0.89896708]]
Reconstructed smoothing tensors batch 3 
 [[0.89679318 0.01290085 0.01290085 0.01290085 0.01290085 0.01290085
  0.01290085 0.01290085 0.01290085]
 [0.02125743 0.82994056 0.02125743 0.02125743 0.02125743 0.02125743
  0.02125743 0.02125743 0.02125743]
 [0.01532105 0.01532105 0.87743156 0.01532105 0.01532105 0.01532105
  0.01532105 0.01532105 0.01532105]
 [0.02030417 0.02030417 0.02030417 0.83756665 0.02030417 0.02030417
  0.02030417 0.02030417 0.02030417]
 [0.02054265 0.02054265 0.02054265 0.02054265 0.83565883 0.02054265
  0.02054265 0.02054265 0.02054265]
 [0.01483528 0.01483528 0.01483528 0.01483528 0.01483528 0.88131776
  0.01483528 0.01483528 0.01483528]
 [0.01889266 0.01889266 0.01889266 0.01889266 0.01889266 0.01889266
  0.84885875 0.01889266 0.01889266]
 [0.02312027 0.02312027 0.02312027 0.02312027 0.02312027 0.02312027
  0.02312027 0.81503783 0.02312027]
 [0.01260265 0.01260265 0.01260265 0.01260265 0.01260265 0.01260265
  0.01260265 0.01260265 0.8991788 ]]
Reconstructed smoothing tensors batch 4 
 [[0.89796282 0.01275465 0.01275465 0.01275465 0.01275465 0.01275465
  0.01275465 0.01275465 0.01275465]
 [0.02475946 0.80192432 0.02475946 0.02475946 0.02475946 0.02475946
  0.02475946 0.02475946 0.02475946]
 [0.01569187 0.01569187 0.87446507 0.01569187 0.01569187 0.01569187
  0.01569187 0.01569187 0.01569187]
 [0.0224172  0.0224172  0.0224172  0.82066238 0.0224172  0.0224172
  0.0224172  0.0224172  0.0224172 ]
 [0.0218     0.0218     0.0218     0.0218     0.8256     0.0218
  0.0218     0.0218     0.0218    ]
 [0.01414702 0.01414702 0.01414702 0.01414702 0.01414702 0.88682384
  0.01414702 0.01414702 0.01414702]
 [0.02268386 0.02268386 0.02268386 0.02268386 0.02268386 0.02268386
  0.81852909 0.02268386 0.02268386]
 [0.01999492 0.01999492 0.01999492 0.01999492 0.01999492 0.01999492
  0.01999492 0.84004065 0.01999492]
 [0.01265231 0.01265231 0.01265231 0.01265231 0.01265231 0.01265231
  0.01265231 0.01265231 0.89878151]]
Reconstructed smoothing tensors batch 5 
 [[0.89775254 0.01278093 0.01278093 0.01278093 0.01278093 0.01278093
  0.01278093 0.01278093 0.01278093]
 [0.01773946 0.8580843  0.01773946 0.01773946 0.01773946 0.01773946
  0.01773946 0.01773946 0.01773946]
 [0.0189529  0.0189529  0.84837678 0.0189529  0.0189529  0.0189529
  0.0189529  0.0189529  0.0189529 ]
 [0.02328846 0.02328846 0.02328846 0.81369236 0.02328846 0.02328846
  0.02328846 0.02328846 0.02328846]
 [0.02232709 0.02232709 0.02232709 0.02232709 0.82138328 0.02232709
  0.02232709 0.02232709 0.02232709]
 [0.01569906 0.01569906 0.01569906 0.01569906 0.01569906 0.87440754
  0.01569906 0.01569906 0.01569906]
 [0.02252444 0.02252444 0.02252444 0.02252444 0.02252444 0.02252444
  0.81980449 0.02252444 0.02252444]
 [0.02528119 0.02528119 0.02528119 0.02528119 0.02528119 0.02528119
  0.02528119 0.79775051 0.02528119]
 [0.01264042 0.01264042 0.01264042 0.01264042 0.01264042 0.01264042
  0.01264042 0.01264042 0.89887662]]
Reconstructed smoothing tensors batch 6 
 [[0.8979523  0.01275596 0.01275596 0.01275596 0.01275596 0.01275596
  0.01275596 0.01275596 0.01275596]
 [0.02330589 0.81355288 0.02330589 0.02330589 0.02330589 0.02330589
  0.02330589 0.02330589 0.02330589]
 [0.01624286 0.01624286 0.87005708 0.01624286 0.01624286 0.01624286
  0.01624286 0.01624286 0.01624286]
 [0.02108382 0.02108382 0.02108382 0.83132948 0.02108382 0.02108382
  0.02108382 0.02108382 0.02108382]
 [0.02375718 0.02375718 0.02375718 0.02375718 0.80994258 0.02375718
  0.02375718 0.02375718 0.02375718]
 [0.01505893 0.01505893 0.01505893 0.01505893 0.01505893 0.87952858
  0.01505893 0.01505893 0.01505893]
 [0.01927998 0.01927998 0.01927998 0.01927998 0.01927998 0.01927998
  0.84576016 0.01927998 0.01927998]
 [0.02330842 0.02330842 0.02330842 0.02330842 0.02330842 0.02330842
  0.02330842 0.81353263 0.02330842]
 [0.01261173 0.01261173 0.01261173 0.01261173 0.01261173 0.01261173
  0.01261173 0.01261173 0.89910617]]
Reconstructed smoothing tensors batch 7 
 [[0.89834138 0.01270733 0.01270733 0.01270733 0.01270733 0.01270733
  0.01270733 0.01270733 0.01270733]
 [0.0247686  0.80185123 0.0247686  0.0247686  0.0247686  0.0247686
  0.0247686  0.0247686  0.0247686 ]
 [0.01647352 0.01647352 0.86821185 0.01647352 0.01647352 0.01647352
  0.01647352 0.01647352 0.01647352]
 [0.02160591 0.02160591 0.02160591 0.8271527  0.02160591 0.02160591
  0.02160591 0.02160591 0.02160591]
 [0.02415207 0.02415207 0.02415207 0.02415207 0.80678347 0.02415207
  0.02415207 0.02415207 0.02415207]
 [0.01444547 0.01444547 0.01444547 0.01444547 0.01444547 0.88443626
  0.01444547 0.01444547 0.01444547]
 [0.0205879  0.0205879  0.0205879  0.0205879  0.0205879  0.0205879
  0.83529682 0.0205879  0.0205879 ]
 [0.02285988 0.02285988 0.02285988 0.02285988 0.02285988 0.02285988
  0.02285988 0.81712097 0.02285988]
 [0.01264148 0.01264148 0.01264148 0.01264148 0.01264148 0.01264148
  0.01264148 0.01264148 0.89886813]]
Testing old and new one hots
argmax (256, 150 ) tensor(3, device='cuda:0')
old_hot (256, 150 ) tensor([0., 0., 0., 1., 0., 0., 0., 0., 0.], device='cuda:0')
one_hot (256, 150 ) tensor([0.0228, 0.0228, 0.0228, 0.8178, 0.0228, 0.0228, 0.0228, 0.0228, 0.0228],
       device='cuda:0')
argmax (256, 175 ) tensor(5, device='cuda:0')
old_hot (256, 175 ) tensor([0., 0., 0., 0., 0., 1., 0., 0., 0.], device='cuda:0')
one_hot (256, 175 ) tensor([0.0175, 0.0175, 0.0175, 0.0175, 0.0175, 0.8604, 0.0175, 0.0175, 0.0175],
       device='cuda:0')
argmax (256, 200 ) tensor(8, device='cuda:0')
old_hot (256, 200 ) tensor([0., 0., 0., 0., 0., 0., 0., 0., 1.], device='cuda:0')
one_hot (256, 200 ) tensor([0.0126, 0.0126, 0.0126, 0.0126, 0.0126, 0.0126, 0.0126, 0.0126, 0.8990],
       device='cuda:0')
argmax (256, 225 ) tensor(8, device='cuda:0')
old_hot (256, 225 ) tensor([0., 0., 0., 0., 0., 0., 0., 0., 1.], device='cuda:0')
one_hot (256, 225 ) tensor([0.0126, 0.0126, 0.0126, 0.0126, 0.0126, 0.0126, 0.0126, 0.0126, 0.8990],
       device='cuda:0')
argmax (256, 250 ) tensor(8, device='cuda:0')
old_hot (256, 250 ) tensor([0., 0., 0., 0., 0., 0., 0., 0., 1.], device='cuda:0')
one_hot (256, 250 ) tensor([0.0126, 0.0126, 0.0126, 0.0126, 0.0126, 0.0126, 0.0126, 0.0126, 0.8990],
       device='cuda:0')
argmax (256, 275 ) tensor(8, device='cuda:0')
old_hot (256, 275 ) tensor([0., 0., 0., 0., 0., 0., 0., 0., 1.], device='cuda:0')
one_hot (256, 275 ) tensor([0.0126, 0.0126, 0.0126, 0.0126, 0.0126, 0.0126, 0.0126, 0.0126, 0.8990],
       device='cuda:0')
argmax (256, 300 ) tensor(8, device='cuda:0')
old_hot (256, 300 ) tensor([0., 0., 0., 0., 0., 0., 0., 0., 1.], device='cuda:0')
one_hot (256, 300 ) tensor([0.0126, 0.0126, 0.0126, 0.0126, 0.0126, 0.0126, 0.0126, 0.0126, 0.8990],
       device='cuda:0')
argmax (256, 325 ) tensor(8, device='cuda:0')
old_hot (256, 325 ) tensor([0., 0., 0., 0., 0., 0., 0., 0., 1.], device='cuda:0')
one_hot (256, 325 ) tensor([0.0126, 0.0126, 0.0126, 0.0126, 0.0126, 0.0126, 0.0126, 0.0126, 0.8990],
       device='cuda:0')
Using one hot
 tensor([0.8974, 0.0128, 0.0128, 0.0128, 0.0128, 0.0128, 0.0128, 0.0128, 0.0128],
       device='cuda:0')
ENTERING loss cleaning.
Cleaning by ignoring loss
[1,     2] loss / pixel: 13.42197
[1,     4] loss / pixel: 13.02004
[1,     6] loss / pixel: 12.51707
[1,     8] loss / pixel: 12.04733
[1,    10] loss / pixel: 12.12390
[Epoch 1 complete] mean loss / pixel: 12.568, accuracy 29.464%, dt 2019-03-30 21:24:48.317987
[2,     2] loss / pixel: 11.25484
[2,     4] loss / pixel: 11.54705
[2,     6] loss / pixel: 11.37783
[2,     8] loss / pixel: 10.68256
[2,    10] loss / pixel: 10.49644
[Epoch 2 complete] mean loss / pixel: 11.034, accuracy 60.625%, dt 2019-03-30 21:25:32.410630
[3,     2] loss / pixel: 10.54112
[3,     4] loss / pixel: 10.45313
[3,     6] loss / pixel: 10.45957
[3,     8] loss / pixel: 10.62566
[3,    10] loss / pixel: 10.20008
[Epoch 3 complete] mean loss / pixel: 10.437, accuracy 64.471%, dt 2019-03-30 21:26:17.228561
[4,     2] loss / pixel: 10.18098
[4,     4] loss / pixel: 10.27352
[4,     6] loss / pixel: 9.91031
[4,     8] loss / pixel: 10.17736
[4,    10] loss / pixel: 10.20710
[Epoch 4 complete] mean loss / pixel: 10.130, accuracy 66.389%, dt 2019-03-30 21:27:02.388115
[5,     2] loss / pixel: 10.05973
[5,     4] loss / pixel: 9.68220
[5,     6] loss / pixel: 10.32564
[5,     8] loss / pixel: 9.81791
[5,    10] loss / pixel: 9.92876
[Epoch 5 complete] mean loss / pixel: 9.946, accuracy 67.803%, dt 2019-03-30 21:27:47.526600
[6,     2] loss / pixel: 9.80966
[6,     4] loss / pixel: 9.89637
[6,     6] loss / pixel: 9.66768
[6,     8] loss / pixel: 10.04831
[6,    10] loss / pixel: 9.97775
[Epoch 6 complete] mean loss / pixel: 9.859, accuracy 68.547%, dt 2019-03-30 21:28:32.934718
[7,     2] loss / pixel: 9.78526
[7,     4] loss / pixel: 9.75900
[7,     6] loss / pixel: 10.01156
[7,     8] loss / pixel: 9.86546
[7,    10] loss / pixel: 9.61078
[Epoch 7 complete] mean loss / pixel: 9.793, accuracy 69.184%, dt 2019-03-30 21:29:17.852119
[8,     2] loss / pixel: 9.51958
[8,     4] loss / pixel: 9.33913
[8,     6] loss / pixel: 9.75506
[8,     8] loss / pixel: 9.86233
[8,    10] loss / pixel: 10.05447
[Epoch 8 complete] mean loss / pixel: 9.705, accuracy 69.956%, dt 2019-03-30 21:30:02.752911
[9,     2] loss / pixel: 9.60031
[9,     4] loss / pixel: 9.52330
[9,     6] loss / pixel: 9.50582
[9,     8] loss / pixel: 9.69667
[9,    10] loss / pixel: 9.75541
[Epoch 9 complete] mean loss / pixel: 9.643, accuracy 70.713%, dt 2019-03-30 21:30:47.409721
[10,     2] loss / pixel: 9.45456
[10,     4] loss / pixel: 9.15636
[10,     6] loss / pixel: 9.70036
[10,     8] loss / pixel: 9.76280
[10,    10] loss / pixel: 9.73462
[Epoch 10 complete] mean loss / pixel: 9.619, accuracy 70.855%, dt 2019-03-30 21:31:31.708294
[11,     2] loss / pixel: 9.52108
[11,     4] loss / pixel: 9.77186
[11,     6] loss / pixel: 9.41674
[11,     8] loss / pixel: 9.58654
[11,    10] loss / pixel: 9.70425
[Epoch 11 complete] mean loss / pixel: 9.568, accuracy 71.110%, dt 2019-03-30 21:32:15.986263
[12,     2] loss / pixel: 9.91392
[12,     4] loss / pixel: 9.38533
[12,     6] loss / pixel: 9.27462
[12,     8] loss / pixel: 9.26532
[12,    10] loss / pixel: 9.70501
[Epoch 12 complete] mean loss / pixel: 9.516, accuracy 71.368%, dt 2019-03-30 21:33:01.305544
[13,     2] loss / pixel: 9.09210
[13,     4] loss / pixel: 9.49472
[13,     6] loss / pixel: 9.35694
[13,     8] loss / pixel: 9.78504
[13,    10] loss / pixel: 9.68758
[Epoch 13 complete] mean loss / pixel: 9.476, accuracy 71.578%, dt 2019-03-30 21:33:46.052848
[14,     2] loss / pixel: 9.23376
[14,     4] loss / pixel: 9.63931
[14,     6] loss / pixel: 9.78280
[14,     8] loss / pixel: 9.22066
[14,    10] loss / pixel: 9.47497
[Epoch 14 complete] mean loss / pixel: 9.455, accuracy 71.240%, dt 2019-03-30 21:34:33.205279
[15,     2] loss / pixel: 8.95065
[15,     4] loss / pixel: 9.71640
[15,     6] loss / pixel: 9.54015
[15,     8] loss / pixel: 9.22074
[15,    10] loss / pixel: 9.66426
[Epoch 15 complete] mean loss / pixel: 9.419, accuracy 71.822%, dt 2019-03-30 21:35:17.072587
[16,     2] loss / pixel: 9.52498
[16,     4] loss / pixel: 9.15503
[16,     6] loss / pixel: 9.84417
[16,     8] loss / pixel: 9.45929
[16,    10] loss / pixel: 9.22252
[Epoch 16 complete] mean loss / pixel: 9.392, accuracy 71.805%, dt 2019-03-30 21:36:01.059215
[17,     2] loss / pixel: 9.20037
[17,     4] loss / pixel: 9.48992
[17,     6] loss / pixel: 9.46341
[17,     8] loss / pixel: 9.21580
[17,    10] loss / pixel: 9.14081
[Epoch 17 complete] mean loss / pixel: 9.383, accuracy 71.650%, dt 2019-03-30 21:36:45.715159
[18,     2] loss / pixel: 9.36094
[18,     4] loss / pixel: 9.27620
[18,     6] loss / pixel: 9.35665
[18,     8] loss / pixel: 9.54206
[18,    10] loss / pixel: 9.30968
[Epoch 18 complete] mean loss / pixel: 9.357, accuracy 71.947%, dt 2019-03-30 21:37:30.535400
UPDATING LR 5e-05
[19,     2] loss / pixel: 9.32368
[19,     4] loss / pixel: 9.30568
[19,     6] loss / pixel: 9.46641
[19,     8] loss / pixel: 9.01001
[19,    10] loss / pixel: 9.40190
[Epoch 19 complete] mean loss / pixel: 9.327, accuracy 72.002%, dt 2019-03-30 21:38:16.102315
[20,     2] loss / pixel: 8.54564
[20,     4] loss / pixel: 9.53249
[20,     6] loss / pixel: 9.38236
[20,     8] loss / pixel: 9.48956
[20,    10] loss / pixel: 9.40509
[Epoch 20 complete] mean loss / pixel: 9.314, accuracy 72.049%, dt 2019-03-30 21:39:00.449002
[21,     2] loss / pixel: 9.25972
[21,     4] loss / pixel: 9.03762
[21,     6] loss / pixel: 9.36715
[21,     8] loss / pixel: 9.78900
[21,    10] loss / pixel: 9.14373
[Epoch 21 complete] mean loss / pixel: 9.297, accuracy 72.205%, dt 2019-03-30 21:39:44.667670
[22,     2] loss / pixel: 9.55986
[22,     4] loss / pixel: 9.32187
[22,     6] loss / pixel: 9.34732
[22,     8] loss / pixel: 8.91222
[22,    10] loss / pixel: 9.27270
[Epoch 22 complete] mean loss / pixel: 9.282, accuracy 72.244%, dt 2019-03-30 21:40:29.733665
[23,     2] loss / pixel: 9.06251
[23,     4] loss / pixel: 8.96459
[23,     6] loss / pixel: 9.72437
[23,     8] loss / pixel: 9.23242
[23,    10] loss / pixel: 9.20839
[Epoch 23 complete] mean loss / pixel: 9.262, accuracy 72.155%, dt 2019-03-30 21:41:17.418065
[24,     2] loss / pixel: 9.05220
[24,     4] loss / pixel: 9.13357
[24,     6] loss / pixel: 9.27447
[24,     8] loss / pixel: 9.53182
[24,    10] loss / pixel: 9.38684
[Epoch 24 complete] mean loss / pixel: 9.250, accuracy 72.382%, dt 2019-03-30 21:42:02.240657
[25,     2] loss / pixel: 9.41107
[25,     4] loss / pixel: 9.17010
[25,     6] loss / pixel: 8.93498
[25,     8] loss / pixel: 9.09268
[25,    10] loss / pixel: 9.31795
[Epoch 25 complete] mean loss / pixel: 9.238, accuracy 72.456%, dt 2019-03-30 21:42:47.035231
[26,     2] loss / pixel: 9.36296
[26,     4] loss / pixel: 9.46393
[26,     6] loss / pixel: 9.20605
[26,     8] loss / pixel: 9.33719
[26,    10] loss / pixel: 9.09622
[Epoch 26 complete] mean loss / pixel: 9.228, accuracy 72.416%, dt 2019-03-30 21:43:31.420543
[27,     2] loss / pixel: 9.51114
[27,     4] loss / pixel: 9.13819
[27,     6] loss / pixel: 9.01650
[27,     8] loss / pixel: 9.62750
[27,    10] loss / pixel: 8.91399
[Epoch 27 complete] mean loss / pixel: 9.219, accuracy 72.458%, dt 2019-03-30 21:44:16.177725
[28,     2] loss / pixel: 9.31257
[28,     4] loss / pixel: 9.01529
[28,     6] loss / pixel: 8.94667
[28,     8] loss / pixel: 9.27225
[28,    10] loss / pixel: 9.42333
[Epoch 28 complete] mean loss / pixel: 9.196, accuracy 72.558%, dt 2019-03-30 21:45:01.410366
[29,     2] loss / pixel: 9.13703
[29,     4] loss / pixel: 8.89878
[29,     6] loss / pixel: 9.32633
[29,     8] loss / pixel: 9.05204
[29,    10] loss / pixel: 9.28717
[Epoch 29 complete] mean loss / pixel: 9.190, accuracy 72.530%, dt 2019-03-30 21:45:46.385840
[30,     2] loss / pixel: 8.85951
[30,     4] loss / pixel: 9.32163
[30,     6] loss / pixel: 9.27480
[30,     8] loss / pixel: 9.19816
[30,    10] loss / pixel: 9.24566
[Epoch 30 complete] mean loss / pixel: 9.176, accuracy 72.602%, dt 2019-03-30 21:46:31.779254
[31,     2] loss / pixel: 9.08852
[31,     4] loss / pixel: 9.34609
[31,     6] loss / pixel: 9.14145
[31,     8] loss / pixel: 9.19413
[31,    10] loss / pixel: 8.99852
[Epoch 31 complete] mean loss / pixel: 9.173, accuracy 72.644%, dt 2019-03-30 21:47:21.612705
[32,     2] loss / pixel: 9.08527
[32,     4] loss / pixel: 9.23007
[32,     6] loss / pixel: 9.16170
[32,     8] loss / pixel: 9.15989
[32,    10] loss / pixel: 9.29855
[Epoch 32 complete] mean loss / pixel: 9.157, accuracy 72.617%, dt 2019-03-30 21:48:06.111502
[33,     2] loss / pixel: 9.38066
[33,     4] loss / pixel: 8.91695
[33,     6] loss / pixel: 9.37482
[33,     8] loss / pixel: 8.87613
[33,    10] loss / pixel: 9.01245
[Epoch 33 complete] mean loss / pixel: 9.159, accuracy 72.536%, dt 2019-03-30 21:48:51.738884
[34,     2] loss / pixel: 9.17300
[34,     4] loss / pixel: 9.23312
[34,     6] loss / pixel: 9.17188
[34,     8] loss / pixel: 9.11331
[34,    10] loss / pixel: 9.17131
[Epoch 34 complete] mean loss / pixel: 9.146, accuracy 72.601%, dt 2019-03-30 21:49:36.145314
[35,     2] loss / pixel: 9.42174
[35,     4] loss / pixel: 9.06858
[35,     6] loss / pixel: 8.62558
[35,     8] loss / pixel: 9.01943
[35,    10] loss / pixel: 9.46382
[Epoch 35 complete] mean loss / pixel: 9.139, accuracy 72.645%, dt 2019-03-30 21:50:20.947615
[36,     2] loss / pixel: 9.07002
[36,     4] loss / pixel: 9.24225
[36,     6] loss / pixel: 8.94800
[36,     8] loss / pixel: 9.21966
[36,    10] loss / pixel: 8.96675
[Epoch 36 complete] mean loss / pixel: 9.126, accuracy 72.662%, dt 2019-03-30 21:51:05.669080
UPDATING LR 2.5e-05
[37,     2] loss / pixel: 8.97695
[37,     4] loss / pixel: 9.16959
[37,     6] loss / pixel: 9.05466
[37,     8] loss / pixel: 8.98228
[37,    10] loss / pixel: 9.21306
[Epoch 37 complete] mean loss / pixel: 9.102, accuracy 72.883%, dt 2019-03-30 21:51:50.566590
[38,     2] loss / pixel: 8.88202
[38,     4] loss / pixel: 9.37110
[38,     6] loss / pixel: 9.26193
[38,     8] loss / pixel: 8.97771
[38,    10] loss / pixel: 8.86611
[Epoch 38 complete] mean loss / pixel: 9.093, accuracy 72.881%, dt 2019-03-30 21:52:35.451968
[39,     2] loss / pixel: 9.01248
[39,     4] loss / pixel: 9.06946
[39,     6] loss / pixel: 8.93179
[39,     8] loss / pixel: 9.21097
[39,    10] loss / pixel: 9.29230
[Epoch 39 complete] mean loss / pixel: 9.083, accuracy 72.956%, dt 2019-03-30 21:53:19.425841
[40,     2] loss / pixel: 9.06418
[40,     4] loss / pixel: 9.21355
[40,     6] loss / pixel: 9.05678
[40,     8] loss / pixel: 9.22246
[40,    10] loss / pixel: 9.16435
[Epoch 40 complete] mean loss / pixel: 9.077, accuracy 72.958%, dt 2019-03-30 21:54:03.707489
[41,     2] loss / pixel: 9.02919
[41,     4] loss / pixel: 9.17323
[41,     6] loss / pixel: 9.42800
[41,     8] loss / pixel: 8.77439
[41,    10] loss / pixel: 8.82453
[Epoch 41 complete] mean loss / pixel: 9.068, accuracy 73.067%, dt 2019-03-30 21:54:48.238051
[42,     2] loss / pixel: 8.89736
[42,     4] loss / pixel: 8.79977
[42,     6] loss / pixel: 9.38907
[42,     8] loss / pixel: 9.15212
[42,    10] loss / pixel: 9.19472
[Epoch 42 complete] mean loss / pixel: 9.061, accuracy 73.028%, dt 2019-03-30 21:55:32.080766
[43,     2] loss / pixel: 8.93219
[43,     4] loss / pixel: 8.87583
[43,     6] loss / pixel: 8.84510
[43,     8] loss / pixel: 9.23923
[43,    10] loss / pixel: 9.42427
[Epoch 43 complete] mean loss / pixel: 9.058, accuracy 73.094%, dt 2019-03-30 21:56:15.561018
[44,     2] loss / pixel: 9.12839
[44,     4] loss / pixel: 9.23141
[44,     6] loss / pixel: 8.52076
[44,     8] loss / pixel: 9.52685
[44,    10] loss / pixel: 8.88326
[Epoch 44 complete] mean loss / pixel: 9.049, accuracy 73.133%, dt 2019-03-30 21:57:08.123030
[45,     2] loss / pixel: 9.09156
[45,     4] loss / pixel: 9.12484
[45,     6] loss / pixel: 9.22374
[45,     8] loss / pixel: 8.81689
[45,    10] loss / pixel: 9.21037
[Epoch 45 complete] mean loss / pixel: 9.040, accuracy 73.178%, dt 2019-03-30 21:57:52.872569
[46,     2] loss / pixel: 9.16567
[46,     4] loss / pixel: 8.99410
[46,     6] loss / pixel: 9.03301
[46,     8] loss / pixel: 8.95671
[46,    10] loss / pixel: 9.12036
[Epoch 46 complete] mean loss / pixel: 9.035, accuracy 73.198%, dt 2019-03-30 21:58:37.903734
[47,     2] loss / pixel: 8.85362
[47,     4] loss / pixel: 8.99770
[47,     6] loss / pixel: 9.05350
[47,     8] loss / pixel: 9.22472
[47,    10] loss / pixel: 9.12621
[Epoch 47 complete] mean loss / pixel: 9.033, accuracy 73.195%, dt 2019-03-30 21:59:22.772801
[48,     2] loss / pixel: 8.70271
[48,     4] loss / pixel: 9.30532
[48,     6] loss / pixel: 9.16821
[48,     8] loss / pixel: 8.67618
[48,    10] loss / pixel: 9.25334
[Epoch 48 complete] mean loss / pixel: 9.032, accuracy 73.197%, dt 2019-03-30 22:00:19.505364
[49,     2] loss / pixel: 9.02083
[49,     4] loss / pixel: 8.90350
[49,     6] loss / pixel: 9.00943
[49,     8] loss / pixel: 9.05218
[49,    10] loss / pixel: 8.91656
[Epoch 49 complete] mean loss / pixel: 9.026, accuracy 73.219%, dt 2019-03-30 22:01:03.910791
[50,     2] loss / pixel: 9.09121
[50,     4] loss / pixel: 9.12236
[50,     6] loss / pixel: 8.87675
[50,     8] loss / pixel: 9.21510
[50,    10] loss / pixel: 8.66745
[Epoch 50 complete] mean loss / pixel: 9.015, accuracy 73.256%, dt 2019-03-30 22:01:48.849713
[51,     2] loss / pixel: 8.82433
[51,     4] loss / pixel: 8.88760
[51,     6] loss / pixel: 9.17823
[51,     8] loss / pixel: 8.78904
[51,    10] loss / pixel: 9.23770
[Epoch 51 complete] mean loss / pixel: 9.009, accuracy 73.297%, dt 2019-03-30 22:02:33.497348
[52,     2] loss / pixel: 9.28890
[52,     4] loss / pixel: 9.26088
[52,     6] loss / pixel: 8.96361
[52,     8] loss / pixel: 8.77253
[52,    10] loss / pixel: 8.66253
[Epoch 52 complete] mean loss / pixel: 9.006, accuracy 73.334%, dt 2019-03-30 22:03:17.056334
[53,     2] loss / pixel: 9.18008
[53,     4] loss / pixel: 9.27323
[53,     6] loss / pixel: 8.79748
[53,     8] loss / pixel: 8.86645
[53,    10] loss / pixel: 8.81426
[Epoch 53 complete] mean loss / pixel: 8.997, accuracy 73.356%, dt 2019-03-30 22:04:01.434367
[54,     2] loss / pixel: 8.73897
[54,     4] loss / pixel: 9.16033
[54,     6] loss / pixel: 9.01528
[54,     8] loss / pixel: 9.37067
[54,    10] loss / pixel: 8.79026
[Epoch 54 complete] mean loss / pixel: 8.992, accuracy 73.331%, dt 2019-03-30 22:04:46.242289
[55,     2] loss / pixel: 8.92581
[55,     4] loss / pixel: 8.70460
[55,     6] loss / pixel: 8.88933
[55,     8] loss / pixel: 9.03498
[55,    10] loss / pixel: 9.36992
[Epoch 55 complete] mean loss / pixel: 8.985, accuracy 73.394%, dt 2019-03-30 22:05:30.663275
[56,     2] loss / pixel: 9.08591
[56,     4] loss / pixel: 8.82752
[56,     6] loss / pixel: 8.81386
[56,     8] loss / pixel: 8.94725
[56,    10] loss / pixel: 9.27823
[Epoch 56 complete] mean loss / pixel: 8.973, accuracy 73.465%, dt 2019-03-30 22:06:15.781690
[57,     2] loss / pixel: 9.18956
[57,     4] loss / pixel: 9.16879
[57,     6] loss / pixel: 9.20633
[57,     8] loss / pixel: 8.62357
[57,    10] loss / pixel: 8.82947
[Epoch 57 complete] mean loss / pixel: 8.968, accuracy 73.516%, dt 2019-03-30 22:07:00.371344
[58,     2] loss / pixel: 8.62861
[58,     4] loss / pixel: 8.97187
[58,     6] loss / pixel: 9.18460
[58,     8] loss / pixel: 9.06195
[58,    10] loss / pixel: 8.85484
[Epoch 58 complete] mean loss / pixel: 8.966, accuracy 73.464%, dt 2019-03-30 22:07:44.925359
[59,     2] loss / pixel: 8.84334
[59,     4] loss / pixel: 8.76907
[59,     6] loss / pixel: 9.32577
[59,     8] loss / pixel: 9.04266
[59,    10] loss / pixel: 8.85129
[Epoch 59 complete] mean loss / pixel: 8.961, accuracy 73.481%, dt 2019-03-30 22:08:29.484670
[60,     2] loss / pixel: 9.08000
[60,     4] loss / pixel: 8.90909
[60,     6] loss / pixel: 8.99777
[60,     8] loss / pixel: 8.85350
[60,    10] loss / pixel: 9.01033
[Epoch 60 complete] mean loss / pixel: 8.954, accuracy 73.544%, dt 2019-03-30 22:09:14.777667
[61,     2] loss / pixel: 8.93408
[61,     4] loss / pixel: 9.18654
[61,     6] loss / pixel: 9.10774
[61,     8] loss / pixel: 9.05408
[61,    10] loss / pixel: 8.59969
[Epoch 61 complete] mean loss / pixel: 8.948, accuracy 73.527%, dt 2019-03-30 22:09:59.996273
[62,     2] loss / pixel: 8.95607
[62,     4] loss / pixel: 9.12861
[62,     6] loss / pixel: 8.92562
[62,     8] loss / pixel: 8.64670
[62,    10] loss / pixel: 8.91636
[Epoch 62 complete] mean loss / pixel: 8.940, accuracy 73.579%, dt 2019-03-30 22:10:44.638797
[63,     2] loss / pixel: 9.04877
[63,     4] loss / pixel: 8.75479
[63,     6] loss / pixel: 9.06677
[63,     8] loss / pixel: 8.75992
[63,    10] loss / pixel: 9.17001
[Epoch 63 complete] mean loss / pixel: 8.936, accuracy 73.604%, dt 2019-03-30 22:11:29.669394
[64,     2] loss / pixel: 9.08257
[64,     4] loss / pixel: 8.99624
[64,     6] loss / pixel: 9.00379
[64,     8] loss / pixel: 9.20062
[64,    10] loss / pixel: 8.49188
[Epoch 64 complete] mean loss / pixel: 8.931, accuracy 73.635%, dt 2019-03-30 22:12:14.730487
[65,     2] loss / pixel: 9.13606
[65,     4] loss / pixel: 9.19019
[65,     6] loss / pixel: 8.80674
[65,     8] loss / pixel: 8.94073
[65,    10] loss / pixel: 8.69216
[Epoch 65 complete] mean loss / pixel: 8.921, accuracy 73.708%, dt 2019-03-30 22:12:58.234038
[66,     2] loss / pixel: 9.06091
[66,     4] loss / pixel: 8.76926
[66,     6] loss / pixel: 9.03471
[66,     8] loss / pixel: 8.96579
[66,    10] loss / pixel: 8.70343
[Epoch 66 complete] mean loss / pixel: 8.910, accuracy 73.741%, dt 2019-03-30 22:13:43.964980
[67,     2] loss / pixel: 8.94080
[67,     4] loss / pixel: 9.02070
[67,     6] loss / pixel: 8.89346
[67,     8] loss / pixel: 8.78731
[67,    10] loss / pixel: 8.99045
[Epoch 67 complete] mean loss / pixel: 8.906, accuracy 73.729%, dt 2019-03-30 22:14:28.935041
[68,     2] loss / pixel: 9.09256
[68,     4] loss / pixel: 9.07217
[68,     6] loss / pixel: 8.78009
[68,     8] loss / pixel: 8.80860
[68,    10] loss / pixel: 8.73561
[Epoch 68 complete] mean loss / pixel: 8.900, accuracy 73.802%, dt 2019-03-30 22:15:13.158639
[69,     2] loss / pixel: 8.96645
[69,     4] loss / pixel: 8.86780
[69,     6] loss / pixel: 8.68229
[69,     8] loss / pixel: 8.50746
[69,    10] loss / pixel: 9.22296
[Epoch 69 complete] mean loss / pixel: 8.902, accuracy 73.712%, dt 2019-03-30 22:15:57.659046
[70,     2] loss / pixel: 8.98714
[70,     4] loss / pixel: 8.97081
[70,     6] loss / pixel: 8.89722
[70,     8] loss / pixel: 9.15626
[70,    10] loss / pixel: 8.63296
[Epoch 70 complete] mean loss / pixel: 8.917, accuracy 73.689%, dt 2019-03-30 22:16:40.779997
[71,     2] loss / pixel: 9.20999
[71,     4] loss / pixel: 9.07718
[71,     6] loss / pixel: 8.88898
[71,     8] loss / pixel: 8.47623
[71,    10] loss / pixel: 8.93799
[Epoch 71 complete] mean loss / pixel: 8.901, accuracy 73.601%, dt 2019-03-30 22:17:25.254726
[72,     2] loss / pixel: 8.55260
[72,     4] loss / pixel: 9.09014
[72,     6] loss / pixel: 8.46435
[72,     8] loss / pixel: 9.18034
[72,    10] loss / pixel: 9.04039
[Epoch 72 complete] mean loss / pixel: 8.888, accuracy 73.751%, dt 2019-03-30 22:18:10.049135
[73,     2] loss / pixel: 8.78730
[73,     4] loss / pixel: 8.70722
[73,     6] loss / pixel: 8.93206
[73,     8] loss / pixel: 9.23958
[73,    10] loss / pixel: 8.73388
[Epoch 73 complete] mean loss / pixel: 8.877, accuracy 73.810%, dt 2019-03-30 22:18:53.607495
[74,     2] loss / pixel: 8.54137
[74,     4] loss / pixel: 8.90733
[74,     6] loss / pixel: 8.75124
[74,     8] loss / pixel: 9.09924
[74,    10] loss / pixel: 8.86576
[Epoch 74 complete] mean loss / pixel: 8.873, accuracy 73.855%, dt 2019-03-30 22:19:38.123454
[75,     2] loss / pixel: 8.92054
[75,     4] loss / pixel: 9.00008
[75,     6] loss / pixel: 8.58841
[75,     8] loss / pixel: 8.81797
[75,    10] loss / pixel: 9.07690
[Epoch 75 complete] mean loss / pixel: 8.867, accuracy 73.885%, dt 2019-03-30 22:20:22.961030
[76,     2] loss / pixel: 8.61703
[76,     4] loss / pixel: 8.54828
[76,     6] loss / pixel: 9.37276
[76,     8] loss / pixel: 9.05243
[76,    10] loss / pixel: 8.85601
[Epoch 76 complete] mean loss / pixel: 8.867, accuracy 73.829%, dt 2019-03-30 22:21:08.269447
[77,     2] loss / pixel: 8.79892
[77,     4] loss / pixel: 8.77209
[77,     6] loss / pixel: 8.82220
[77,     8] loss / pixel: 9.06776
[77,    10] loss / pixel: 8.85168
[Epoch 77 complete] mean loss / pixel: 8.855, accuracy 73.909%, dt 2019-03-30 22:21:52.388847
[78,     2] loss / pixel: 8.93780
[78,     4] loss / pixel: 8.93725
[78,     6] loss / pixel: 8.84024
[78,     8] loss / pixel: 8.55339
[78,    10] loss / pixel: 9.00871
[Epoch 78 complete] mean loss / pixel: 8.856, accuracy 73.945%, dt 2019-03-30 22:22:37.970527
[79,     2] loss / pixel: 8.82193
[79,     4] loss / pixel: 9.12495
[79,     6] loss / pixel: 8.96058
[79,     8] loss / pixel: 8.95936
[79,    10] loss / pixel: 8.36663
[Epoch 79 complete] mean loss / pixel: 8.844, accuracy 73.936%, dt 2019-03-30 22:23:22.138960
[80,     2] loss / pixel: 8.57099
[80,     4] loss / pixel: 8.83753
[80,     6] loss / pixel: 8.71270
[80,     8] loss / pixel: 8.90747
[80,    10] loss / pixel: 9.05508
[Epoch 80 complete] mean loss / pixel: 8.845, accuracy 73.898%, dt 2019-03-30 22:24:05.754896
[81,     2] loss / pixel: 8.82346
[81,     4] loss / pixel: 8.76125
[81,     6] loss / pixel: 8.87478
[81,     8] loss / pixel: 8.81192
[81,    10] loss / pixel: 8.87841
[Epoch 81 complete] mean loss / pixel: 8.838, accuracy 73.964%, dt 2019-03-30 22:24:50.668551
[82,     2] loss / pixel: 8.94031
[82,     4] loss / pixel: 8.94967
[82,     6] loss / pixel: 8.92643
[82,     8] loss / pixel: 8.86481
[82,    10] loss / pixel: 8.40157
[Epoch 82 complete] mean loss / pixel: 8.830, accuracy 73.996%, dt 2019-03-30 22:25:35.219499
[83,     2] loss / pixel: 8.96216
[83,     4] loss / pixel: 8.62817
[83,     6] loss / pixel: 8.96575
[83,     8] loss / pixel: 8.77509
[83,    10] loss / pixel: 8.63895
[Epoch 83 complete] mean loss / pixel: 8.821, accuracy 74.002%, dt 2019-03-30 22:26:18.866921
[84,     2] loss / pixel: 8.83124
[84,     4] loss / pixel: 8.90267
[84,     6] loss / pixel: 8.72473
[84,     8] loss / pixel: 8.87475
[84,    10] loss / pixel: 8.78712
[Epoch 84 complete] mean loss / pixel: 8.819, accuracy 74.030%, dt 2019-03-30 22:27:02.933598
[85,     2] loss / pixel: 9.02689
[85,     4] loss / pixel: 8.64461
[85,     6] loss / pixel: 9.00460
[85,     8] loss / pixel: 8.56422
[85,    10] loss / pixel: 8.80204
[Epoch 85 complete] mean loss / pixel: 8.810, accuracy 74.084%, dt 2019-03-30 22:27:46.715674
[86,     2] loss / pixel: 8.91244
[86,     4] loss / pixel: 8.88873
[86,     6] loss / pixel: 8.98065
[86,     8] loss / pixel: 8.66342
[86,    10] loss / pixel: 8.68707
[Epoch 86 complete] mean loss / pixel: 8.808, accuracy 74.081%, dt 2019-03-30 22:28:31.413651
[87,     2] loss / pixel: 8.96876
[87,     4] loss / pixel: 8.74321
[87,     6] loss / pixel: 8.63424
[87,     8] loss / pixel: 8.56004
[87,    10] loss / pixel: 9.24798
[Epoch 87 complete] mean loss / pixel: 8.801, accuracy 74.066%, dt 2019-03-30 22:29:15.011311
[88,     2] loss / pixel: 9.02100
[88,     4] loss / pixel: 8.56875
[88,     6] loss / pixel: 8.78890
[88,     8] loss / pixel: 8.75000
[88,    10] loss / pixel: 8.67186
[Epoch 88 complete] mean loss / pixel: 8.795, accuracy 74.113%, dt 2019-03-30 22:29:59.184731
[89,     2] loss / pixel: 8.90572
[89,     4] loss / pixel: 8.71140
[89,     6] loss / pixel: 8.67982
[89,     8] loss / pixel: 8.97447
[89,    10] loss / pixel: 8.79754
[Epoch 89 complete] mean loss / pixel: 8.793, accuracy 74.132%, dt 2019-03-30 22:30:44.249913
[90,     2] loss / pixel: 8.55599
[90,     4] loss / pixel: 8.59028
[90,     6] loss / pixel: 8.78213
[90,     8] loss / pixel: 8.78140
[90,    10] loss / pixel: 9.01985
[Epoch 90 complete] mean loss / pixel: 8.786, accuracy 74.118%, dt 2019-03-30 22:31:27.708867
UPDATING LR 1.25e-05
[91,     2] loss / pixel: 9.17446
[91,     4] loss / pixel: 8.92888
[91,     6] loss / pixel: 8.90456
[91,     8] loss / pixel: 8.29554
[91,    10] loss / pixel: 8.87237
[Epoch 91 complete] mean loss / pixel: 8.780, accuracy 74.172%, dt 2019-03-30 22:32:11.913011
[92,     2] loss / pixel: 8.53290
[92,     4] loss / pixel: 8.68045
[92,     6] loss / pixel: 8.73095
[92,     8] loss / pixel: 8.98777
[92,    10] loss / pixel: 8.76494
[Epoch 92 complete] mean loss / pixel: 8.773, accuracy 74.220%, dt 2019-03-30 22:32:56.627684
[93,     2] loss / pixel: 8.56722
[93,     4] loss / pixel: 8.85564
[93,     6] loss / pixel: 8.85035
[93,     8] loss / pixel: 8.80226
[93,    10] loss / pixel: 8.78468
[Epoch 93 complete] mean loss / pixel: 8.766, accuracy 74.244%, dt 2019-03-30 22:33:39.603742
[94,     2] loss / pixel: 9.00227
[94,     4] loss / pixel: 8.67056
[94,     6] loss / pixel: 8.82010
[94,     8] loss / pixel: 8.57335
[94,    10] loss / pixel: 8.79628
[Epoch 94 complete] mean loss / pixel: 8.771, accuracy 74.259%, dt 2019-03-30 22:34:24.578973
[95,     2] loss / pixel: 8.60307
[95,     4] loss / pixel: 8.63684
[95,     6] loss / pixel: 9.07706
[95,     8] loss / pixel: 8.71002
[95,    10] loss / pixel: 9.03748
[Epoch 95 complete] mean loss / pixel: 8.766, accuracy 74.275%, dt 2019-03-30 22:35:10.638566
[96,     2] loss / pixel: 8.93229
[96,     4] loss / pixel: 8.94493
[96,     6] loss / pixel: 8.81185
[96,     8] loss / pixel: 8.62563
[96,    10] loss / pixel: 8.91432
[Epoch 96 complete] mean loss / pixel: 8.763, accuracy 74.283%, dt 2019-03-30 22:35:56.662382
[97,     2] loss / pixel: 8.60388
[97,     4] loss / pixel: 8.99000
[97,     6] loss / pixel: 8.52582
[97,     8] loss / pixel: 8.65563
[97,    10] loss / pixel: 8.89290
[Epoch 97 complete] mean loss / pixel: 8.756, accuracy 74.287%, dt 2019-03-30 22:36:41.777530
[98,     2] loss / pixel: 8.68363
[98,     4] loss / pixel: 8.78102
[98,     6] loss / pixel: 8.47728
[98,     8] loss / pixel: 8.68664
[98,    10] loss / pixel: 9.02942
[Epoch 98 complete] mean loss / pixel: 8.758, accuracy 74.280%, dt 2019-03-30 22:37:26.526829
[99,     2] loss / pixel: 8.94502
[99,     4] loss / pixel: 8.45839
[99,     6] loss / pixel: 8.81702
[99,     8] loss / pixel: 9.09183
[99,    10] loss / pixel: 8.75813
[Epoch 99 complete] mean loss / pixel: 8.761, accuracy 74.303%, dt 2019-03-30 22:38:10.586782
[100,     2] loss / pixel: 8.52013
[100,     4] loss / pixel: 8.80073
[100,     6] loss / pixel: 8.91093
[100,     8] loss / pixel: 8.72261
[100,    10] loss / pixel: 8.73777
[Epoch 100 complete] mean loss / pixel: 8.752, accuracy 74.289%, dt 2019-03-30 22:38:55.257650
[101,     2] loss / pixel: 8.67490
[101,     4] loss / pixel: 8.84943
[101,     6] loss / pixel: 8.53313
[101,     8] loss / pixel: 8.86714
[101,    10] loss / pixel: 8.93013
[Epoch 101 complete] mean loss / pixel: 8.747, accuracy 74.306%, dt 2019-03-30 22:39:40.570800
[102,     2] loss / pixel: 8.81371
[102,     4] loss / pixel: 8.55653
[102,     6] loss / pixel: 8.76928
[102,     8] loss / pixel: 8.91523
[102,    10] loss / pixel: 8.56770
[Epoch 102 complete] mean loss / pixel: 8.748, accuracy 74.303%, dt 2019-03-30 22:40:25.821697
[103,     2] loss / pixel: 8.68211
[103,     4] loss / pixel: 8.45625
[103,     6] loss / pixel: 8.66605
[103,     8] loss / pixel: 8.96313
[103,    10] loss / pixel: 8.78983
[Epoch 103 complete] mean loss / pixel: 8.746, accuracy 74.319%, dt 2019-03-30 22:41:10.138525
[104,     2] loss / pixel: 8.52860
[104,     4] loss / pixel: 8.63698
[104,     6] loss / pixel: 8.72404
[104,     8] loss / pixel: 9.07120
[104,    10] loss / pixel: 8.68919
[Epoch 104 complete] mean loss / pixel: 8.743, accuracy 74.339%, dt 2019-03-30 22:41:54.173309
[105,     2] loss / pixel: 8.60053
[105,     4] loss / pixel: 8.88027
[105,     6] loss / pixel: 8.80994
[105,     8] loss / pixel: 8.49459
[105,    10] loss / pixel: 8.76468
[Epoch 105 complete] mean loss / pixel: 8.738, accuracy 74.331%, dt 2019-03-30 22:42:37.212574
[106,     2] loss / pixel: 8.46886
[106,     4] loss / pixel: 8.92921
[106,     6] loss / pixel: 8.71292
[106,     8] loss / pixel: 8.76029
[106,    10] loss / pixel: 8.84177
[Epoch 106 complete] mean loss / pixel: 8.739, accuracy 74.344%, dt 2019-03-30 22:43:21.778316
[107,     2] loss / pixel: 8.20686
[107,     4] loss / pixel: 8.94865
[107,     6] loss / pixel: 8.59850
[107,     8] loss / pixel: 8.84035
[107,    10] loss / pixel: 8.83149
[Epoch 107 complete] mean loss / pixel: 8.737, accuracy 74.347%, dt 2019-03-30 22:44:07.138336
[108,     2] loss / pixel: 8.60629
[108,     4] loss / pixel: 8.86036
[108,     6] loss / pixel: 8.62613
[108,     8] loss / pixel: 8.93816
[108,    10] loss / pixel: 8.75831
[Epoch 108 complete] mean loss / pixel: 8.733, accuracy 74.375%, dt 2019-03-30 22:44:52.380208
[109,     2] loss / pixel: 8.76006
[109,     4] loss / pixel: 8.66566
[109,     6] loss / pixel: 8.68920
[109,     8] loss / pixel: 8.82618
[109,    10] loss / pixel: 8.65983
[Epoch 109 complete] mean loss / pixel: 8.727, accuracy 74.388%, dt 2019-03-30 22:45:37.149511
[110,     2] loss / pixel: 8.40956
[110,     4] loss / pixel: 9.04176
[110,     6] loss / pixel: 8.76325
[110,     8] loss / pixel: 8.76377
[110,    10] loss / pixel: 8.69997
[Epoch 110 complete] mean loss / pixel: 8.728, accuracy 74.389%, dt 2019-03-30 22:46:21.167470
[111,     2] loss / pixel: 8.81884
[111,     4] loss / pixel: 8.94648
[111,     6] loss / pixel: 8.52574
[111,     8] loss / pixel: 8.79745
[111,    10] loss / pixel: 8.49547
[Epoch 111 complete] mean loss / pixel: 8.725, accuracy 74.364%, dt 2019-03-30 22:47:05.444513
[112,     2] loss / pixel: 8.64769
[112,     4] loss / pixel: 8.45150
[112,     6] loss / pixel: 8.82131
[112,     8] loss / pixel: 8.67561
[112,    10] loss / pixel: 9.01383
[Epoch 112 complete] mean loss / pixel: 8.724, accuracy 74.400%, dt 2019-03-30 22:47:49.434545
[113,     2] loss / pixel: 8.73718
[113,     4] loss / pixel: 8.65216
[113,     6] loss / pixel: 8.83682
[113,     8] loss / pixel: 8.59661
[113,    10] loss / pixel: 8.86164
[Epoch 113 complete] mean loss / pixel: 8.724, accuracy 74.406%, dt 2019-03-30 22:48:33.031487
[114,     2] loss / pixel: 8.77631
[114,     4] loss / pixel: 8.36120
[114,     6] loss / pixel: 8.76727
[114,     8] loss / pixel: 8.96253
[114,    10] loss / pixel: 8.69406
[Epoch 114 complete] mean loss / pixel: 8.717, accuracy 74.389%, dt 2019-03-30 22:49:17.186745
[115,     2] loss / pixel: 8.65927
[115,     4] loss / pixel: 8.69952
[115,     6] loss / pixel: 8.63571
[115,     8] loss / pixel: 8.45754
[115,    10] loss / pixel: 8.96517
[Epoch 115 complete] mean loss / pixel: 8.717, accuracy 74.402%, dt 2019-03-30 22:50:01.795591
[116,     2] loss / pixel: 8.67542
[116,     4] loss / pixel: 8.70559
[116,     6] loss / pixel: 8.57860
[116,     8] loss / pixel: 8.98483
[116,    10] loss / pixel: 8.39987
[Epoch 116 complete] mean loss / pixel: 8.715, accuracy 74.412%, dt 2019-03-30 22:50:46.307666
[117,     2] loss / pixel: 8.40068
[117,     4] loss / pixel: 8.65544
[117,     6] loss / pixel: 8.63858
[117,     8] loss / pixel: 8.58912
[117,    10] loss / pixel: 8.93228
[Epoch 117 complete] mean loss / pixel: 8.714, accuracy 74.426%, dt 2019-03-30 22:51:30.091738
[118,     2] loss / pixel: 8.52949
[118,     4] loss / pixel: 8.72592
[118,     6] loss / pixel: 8.86512
[118,     8] loss / pixel: 8.73990
[118,    10] loss / pixel: 8.52951
[Epoch 118 complete] mean loss / pixel: 8.709, accuracy 74.419%, dt 2019-03-30 22:52:14.602337
[119,     2] loss / pixel: 8.36768
[119,     4] loss / pixel: 8.70935
[119,     6] loss / pixel: 8.61740
[119,     8] loss / pixel: 9.06648
[119,    10] loss / pixel: 8.75278
[Epoch 119 complete] mean loss / pixel: 8.709, accuracy 74.427%, dt 2019-03-30 22:52:59.603978
[120,     2] loss / pixel: 8.62922
[120,     4] loss / pixel: 8.52776
[120,     6] loss / pixel: 8.72964
[120,     8] loss / pixel: 8.68292
[120,    10] loss / pixel: 8.82301
[Epoch 120 complete] mean loss / pixel: 8.707, accuracy 74.432%, dt 2019-03-30 22:53:44.330290
[121,     2] loss / pixel: 8.97049
[121,     4] loss / pixel: 8.73641
[121,     6] loss / pixel: 8.55600
[121,     8] loss / pixel: 8.54569
[121,    10] loss / pixel: 8.69850
[Epoch 121 complete] mean loss / pixel: 8.707, accuracy 74.418%, dt 2019-03-30 22:54:28.768346
[122,     2] loss / pixel: 8.12192
[122,     4] loss / pixel: 8.63471
[122,     6] loss / pixel: 8.90495
[122,     8] loss / pixel: 8.88389
[122,    10] loss / pixel: 8.93906
[Epoch 122 complete] mean loss / pixel: 8.702, accuracy 74.437%, dt 2019-03-30 22:55:13.243496
[123,     2] loss / pixel: 8.60307
[123,     4] loss / pixel: 8.75405
[123,     6] loss / pixel: 8.64741
[123,     8] loss / pixel: 9.04108
[123,    10] loss / pixel: 8.76032
[Epoch 123 complete] mean loss / pixel: 8.696, accuracy 74.456%, dt 2019-03-30 22:55:57.598900
[124,     2] loss / pixel: 8.39995
[124,     4] loss / pixel: 8.53919
[124,     6] loss / pixel: 8.65730
[124,     8] loss / pixel: 8.90518
[124,    10] loss / pixel: 8.71048
[Epoch 124 complete] mean loss / pixel: 8.696, accuracy 74.445%, dt 2019-03-30 22:56:42.651552
[125,     2] loss / pixel: 8.38283
[125,     4] loss / pixel: 8.55922
[125,     6] loss / pixel: 9.15169
[125,     8] loss / pixel: 8.87429
[125,    10] loss / pixel: 8.46839
[Epoch 125 complete] mean loss / pixel: 8.691, accuracy 74.474%, dt 2019-03-30 22:57:27.662738
[126,     2] loss / pixel: 8.90880
[126,     4] loss / pixel: 8.87076
[126,     6] loss / pixel: 8.46749
[126,     8] loss / pixel: 8.68154
[126,    10] loss / pixel: 8.60951
[Epoch 126 complete] mean loss / pixel: 8.691, accuracy 74.484%, dt 2019-03-30 22:58:11.290904
UPDATING LR 1.5625e-06
[127,     2] loss / pixel: 8.71807
[127,     4] loss / pixel: 8.61614
[127,     6] loss / pixel: 8.85852
[127,     8] loss / pixel: 8.71340
[127,    10] loss / pixel: 8.53537
[Epoch 127 complete] mean loss / pixel: 8.686, accuracy 74.490%, dt 2019-03-30 22:58:55.813876
[128,     2] loss / pixel: 8.69919
[128,     4] loss / pixel: 8.76532
[128,     6] loss / pixel: 8.69513
[128,     8] loss / pixel: 8.85804
[128,    10] loss / pixel: 8.28062
[Epoch 128 complete] mean loss / pixel: 8.682, accuracy 74.510%, dt 2019-03-30 22:59:39.824618
[129,     2] loss / pixel: 8.87156
[129,     4] loss / pixel: 8.71514
[129,     6] loss / pixel: 8.67282
[129,     8] loss / pixel: 8.48113
[129,    10] loss / pixel: 8.78348
[Epoch 129 complete] mean loss / pixel: 8.686, accuracy 74.509%, dt 2019-03-30 23:00:23.961247
[130,     2] loss / pixel: 8.72066
[130,     4] loss / pixel: 8.79306
[130,     6] loss / pixel: 8.43818
[130,     8] loss / pixel: 9.01485
[130,    10] loss / pixel: 8.45604
[Epoch 130 complete] mean loss / pixel: 8.683, accuracy 74.523%, dt 2019-03-30 23:01:08.864531
[131,     2] loss / pixel: 8.95537
[131,     4] loss / pixel: 8.63094
[131,     6] loss / pixel: 8.67396
[131,     8] loss / pixel: 8.47036
[131,    10] loss / pixel: 8.77998
[Epoch 131 complete] mean loss / pixel: 8.682, accuracy 74.523%, dt 2019-03-30 23:01:53.188846
[132,     2] loss / pixel: 8.84523
[132,     4] loss / pixel: 8.46035
[132,     6] loss / pixel: 8.70927
[132,     8] loss / pixel: 9.08802
[132,    10] loss / pixel: 8.24797
[Epoch 132 complete] mean loss / pixel: 8.685, accuracy 74.525%, dt 2019-03-30 23:02:37.774827
[133,     2] loss / pixel: 9.18699
[133,     4] loss / pixel: 8.55587
[133,     6] loss / pixel: 8.53086
[133,     8] loss / pixel: 8.41567
[133,    10] loss / pixel: 8.83945
[Epoch 133 complete] mean loss / pixel: 8.687, accuracy 74.524%, dt 2019-03-30 23:03:22.120780
[134,     2] loss / pixel: 8.80192
[134,     4] loss / pixel: 8.68892
[134,     6] loss / pixel: 8.59332
[134,     8] loss / pixel: 8.37596
[134,    10] loss / pixel: 8.55369
[Epoch 134 complete] mean loss / pixel: 8.685, accuracy 74.526%, dt 2019-03-30 23:04:06.324853
[135,     2] loss / pixel: 9.00130
[135,     4] loss / pixel: 8.75777
[135,     6] loss / pixel: 8.44537
[135,     8] loss / pixel: 8.37749
[135,    10] loss / pixel: 8.68923
[Epoch 135 complete] mean loss / pixel: 8.680, accuracy 74.530%, dt 2019-03-30 23:04:51.066886
[136,     2] loss / pixel: 8.81103
[136,     4] loss / pixel: 8.74958
[136,     6] loss / pixel: 8.57013
[136,     8] loss / pixel: 8.51701
[136,    10] loss / pixel: 8.70347
[Epoch 136 complete] mean loss / pixel: 8.681, accuracy 74.523%, dt 2019-03-30 23:05:36.278801
[137,     2] loss / pixel: 8.45090
[137,     4] loss / pixel: 8.77830
[137,     6] loss / pixel: 8.65438
[137,     8] loss / pixel: 8.59658
[137,    10] loss / pixel: 8.70983
[Epoch 137 complete] mean loss / pixel: 8.682, accuracy 74.527%, dt 2019-03-30 23:06:20.423346
[138,     2] loss / pixel: 8.62550
[138,     4] loss / pixel: 8.64742
[138,     6] loss / pixel: 8.78028
[138,     8] loss / pixel: 8.84075
[138,    10] loss / pixel: 8.69064
[Epoch 138 complete] mean loss / pixel: 8.686, accuracy 74.533%, dt 2019-03-30 23:07:04.232365
[139,     2] loss / pixel: 8.46846
[139,     4] loss / pixel: 8.63779
[139,     6] loss / pixel: 8.64275
[139,     8] loss / pixel: 8.97123
[139,    10] loss / pixel: 8.43319
[Epoch 139 complete] mean loss / pixel: 8.684, accuracy 74.529%, dt 2019-03-30 23:07:48.880086
[140,     2] loss / pixel: 8.58176
[140,     4] loss / pixel: 8.86937
[140,     6] loss / pixel: 8.60820
[140,     8] loss / pixel: 8.47497
[140,    10] loss / pixel: 8.80062
[Epoch 140 complete] mean loss / pixel: 8.681, accuracy 74.534%, dt 2019-03-30 23:08:34.534358
[141,     2] loss / pixel: 8.44755
[141,     4] loss / pixel: 8.92423
[141,     6] loss / pixel: 8.63553
[141,     8] loss / pixel: 8.54925
[141,    10] loss / pixel: 8.66916
[Epoch 141 complete] mean loss / pixel: 8.684, accuracy 74.530%, dt 2019-03-30 23:09:19.948243
[142,     2] loss / pixel: 8.93589
[142,     4] loss / pixel: 8.87360
[142,     6] loss / pixel: 8.51616
[142,     8] loss / pixel: 8.38597
[142,    10] loss / pixel: 8.67920
[Epoch 142 complete] mean loss / pixel: 8.681, accuracy 74.528%, dt 2019-03-30 23:10:04.343306
[143,     2] loss / pixel: 8.84115
[143,     4] loss / pixel: 8.78587
[143,     6] loss / pixel: 8.70853
[143,     8] loss / pixel: 8.69906
[143,    10] loss / pixel: 8.43549
[Epoch 143 complete] mean loss / pixel: 8.679, accuracy 74.540%, dt 2019-03-30 23:10:48.192415
[144,     2] loss / pixel: 8.80733
[144,     4] loss / pixel: 8.85960
[144,     6] loss / pixel: 8.92437
[144,     8] loss / pixel: 8.24572
[144,    10] loss / pixel: 8.56817
[Epoch 144 complete] mean loss / pixel: 8.679, accuracy 74.537%, dt 2019-03-30 23:11:32.040284
[145,     2] loss / pixel: 8.59802
[145,     4] loss / pixel: 8.67852
[145,     6] loss / pixel: 8.67333
[145,     8] loss / pixel: 9.01838
[145,    10] loss / pixel: 8.48736
[Epoch 145 complete] mean loss / pixel: 8.677, accuracy 74.540%, dt 2019-03-30 23:12:16.709884
[146,     2] loss / pixel: 8.38790
[146,     4] loss / pixel: 8.52279
[146,     6] loss / pixel: 8.91499
[146,     8] loss / pixel: 8.71735
[146,    10] loss / pixel: 8.74431
[Epoch 146 complete] mean loss / pixel: 8.681, accuracy 74.543%, dt 2019-03-30 23:13:01.615668
[147,     2] loss / pixel: 8.58685
[147,     4] loss / pixel: 8.68564
[147,     6] loss / pixel: 8.88189
[147,     8] loss / pixel: 8.84893
[147,    10] loss / pixel: 8.65804
[Epoch 147 complete] mean loss / pixel: 8.678, accuracy 74.539%, dt 2019-03-30 23:13:46.893513
[148,     2] loss / pixel: 8.71867
[148,     4] loss / pixel: 8.57394
[148,     6] loss / pixel: 8.67483
[148,     8] loss / pixel: 8.57163
[148,    10] loss / pixel: 8.75151
[Epoch 148 complete] mean loss / pixel: 8.678, accuracy 74.542%, dt 2019-03-30 23:14:30.875249
[149,     2] loss / pixel: 8.93603
[149,     4] loss / pixel: 8.76819
[149,     6] loss / pixel: 8.45437
[149,     8] loss / pixel: 8.55493
[149,    10] loss / pixel: 8.49863
[Epoch 149 complete] mean loss / pixel: 8.677, accuracy 74.540%, dt 2019-03-30 23:15:15.223705
[150,     2] loss / pixel: 8.58589
[150,     4] loss / pixel: 8.83589
[150,     6] loss / pixel: 8.88872
[150,     8] loss / pixel: 8.91491
[150,    10] loss / pixel: 8.47040
[Epoch 150 complete] mean loss / pixel: 8.677, accuracy 74.540%, dt 2019-03-30 23:15:59.134325
[151,     2] loss / pixel: 8.65961
[151,     4] loss / pixel: 8.60171
[151,     6] loss / pixel: 8.97017
[151,     8] loss / pixel: 8.92051
[151,    10] loss / pixel: 8.32493
[Epoch 151 complete] mean loss / pixel: 8.677, accuracy 74.544%, dt 2019-03-30 23:16:43.271849
[152,     2] loss / pixel: 9.06435
[152,     4] loss / pixel: 8.67112
[152,     6] loss / pixel: 8.49695
[152,     8] loss / pixel: 8.61573
[152,    10] loss / pixel: 8.70696
[Epoch 152 complete] mean loss / pixel: 8.676, accuracy 74.549%, dt 2019-03-30 23:17:27.620584
[153,     2] loss / pixel: 8.65313
[153,     4] loss / pixel: 8.75830
[153,     6] loss / pixel: 8.89975
[153,     8] loss / pixel: 8.61911
[153,    10] loss / pixel: 8.63119
[Epoch 153 complete] mean loss / pixel: 8.676, accuracy 74.549%, dt 2019-03-30 23:18:11.589911
[154,     2] loss / pixel: 8.75445
[154,     4] loss / pixel: 8.55406
[154,     6] loss / pixel: 8.63768
[154,     8] loss / pixel: 8.81234
[154,    10] loss / pixel: 8.82089
[Epoch 154 complete] mean loss / pixel: 8.677, accuracy 74.554%, dt 2019-03-30 23:18:56.758662
[155,     2] loss / pixel: 8.68591
[155,     4] loss / pixel: 9.02800
[155,     6] loss / pixel: 8.82326
[155,     8] loss / pixel: 8.63087
[155,    10] loss / pixel: 8.26946
[Epoch 155 complete] mean loss / pixel: 8.677, accuracy 74.544%, dt 2019-03-30 23:19:41.073150
[156,     2] loss / pixel: 8.92488
[156,     4] loss / pixel: 8.82807
[156,     6] loss / pixel: 8.79428
[156,     8] loss / pixel: 8.35345
[156,    10] loss / pixel: 8.67822
[Epoch 156 complete] mean loss / pixel: 8.677, accuracy 74.549%, dt 2019-03-30 23:20:25.835304
[157,     2] loss / pixel: 8.69566
[157,     4] loss / pixel: 8.48125
[157,     6] loss / pixel: 8.54314
[157,     8] loss / pixel: 8.99475
[157,    10] loss / pixel: 8.69453
[Epoch 157 complete] mean loss / pixel: 8.679, accuracy 74.544%, dt 2019-03-30 23:21:10.904883
[158,     2] loss / pixel: 8.70984
[158,     4] loss / pixel: 8.51515
[158,     6] loss / pixel: 8.55828
[158,     8] loss / pixel: 8.68318
[158,    10] loss / pixel: 9.03961
[Epoch 158 complete] mean loss / pixel: 8.675, accuracy 74.546%, dt 2019-03-30 23:21:55.825703
[159,     2] loss / pixel: 8.65000
[159,     4] loss / pixel: 8.70573
[159,     6] loss / pixel: 8.70317
[159,     8] loss / pixel: 8.63405
[159,    10] loss / pixel: 8.76183
[Epoch 159 complete] mean loss / pixel: 8.676, accuracy 74.546%, dt 2019-03-30 23:22:40.258702
[160,     2] loss / pixel: 8.79714
[160,     4] loss / pixel: 8.97021
[160,     6] loss / pixel: 8.49242
[160,     8] loss / pixel: 8.58546
[160,    10] loss / pixel: 8.66870
[Epoch 160 complete] mean loss / pixel: 8.675, accuracy 74.547%, dt 2019-03-30 23:23:24.814611
[161,     2] loss / pixel: 8.69550
[161,     4] loss / pixel: 8.63722
[161,     6] loss / pixel: 8.54371
[161,     8] loss / pixel: 9.10961
[161,    10] loss / pixel: 8.32775
[Epoch 161 complete] mean loss / pixel: 8.672, accuracy 74.559%, dt 2019-03-30 23:24:09.389393
[162,     2] loss / pixel: 8.86083
[162,     4] loss / pixel: 8.60912
[162,     6] loss / pixel: 8.68530
[162,     8] loss / pixel: 8.51095
[162,    10] loss / pixel: 8.56338
[Epoch 162 complete] mean loss / pixel: 8.674, accuracy 74.549%, dt 2019-03-30 23:24:53.710062
UPDATING LR 3.90625e-07
[163,     2] loss / pixel: 8.70509
[163,     4] loss / pixel: 8.67692
[163,     6] loss / pixel: 8.91806
[163,     8] loss / pixel: 8.47910
[163,    10] loss / pixel: 8.84381
[Epoch 163 complete] mean loss / pixel: 8.673, accuracy 74.549%, dt 2019-03-30 23:25:36.938573
[164,     2] loss / pixel: 8.49721
[164,     4] loss / pixel: 8.71940
[164,     6] loss / pixel: 8.76029
[164,     8] loss / pixel: 8.65001
[164,    10] loss / pixel: 8.65690
[Epoch 164 complete] mean loss / pixel: 8.673, accuracy 74.551%, dt 2019-03-30 23:26:21.633582
[165,     2] loss / pixel: 8.66880
[165,     4] loss / pixel: 8.73899
[165,     6] loss / pixel: 8.86067
[165,     8] loss / pixel: 8.77882
[165,    10] loss / pixel: 8.44705
[Epoch 165 complete] mean loss / pixel: 8.674, accuracy 74.560%, dt 2019-03-30 23:27:04.945970
[166,     2] loss / pixel: 9.01704
[166,     4] loss / pixel: 8.76630
[166,     6] loss / pixel: 8.68193
[166,     8] loss / pixel: 8.39809
[166,    10] loss / pixel: 8.61550
[Epoch 166 complete] mean loss / pixel: 8.676, accuracy 74.561%, dt 2019-03-30 23:27:49.377150
[167,     2] loss / pixel: 8.22663
[167,     4] loss / pixel: 8.79611
[167,     6] loss / pixel: 8.66670
[167,     8] loss / pixel: 8.70183
[167,    10] loss / pixel: 8.76612
[Epoch 167 complete] mean loss / pixel: 8.676, accuracy 74.548%, dt 2019-03-30 23:28:34.807151
[168,     2] loss / pixel: 8.90358
[168,     4] loss / pixel: 8.34852
[168,     6] loss / pixel: 8.60049
[168,     8] loss / pixel: 8.79242
[168,    10] loss / pixel: 8.91035
[Epoch 168 complete] mean loss / pixel: 8.671, accuracy 74.560%, dt 2019-03-30 23:29:19.930792
[169,     2] loss / pixel: 8.05947
[169,     4] loss / pixel: 8.84316
[169,     6] loss / pixel: 8.94250
[169,     8] loss / pixel: 8.82884
[169,    10] loss / pixel: 8.76461
[Epoch 169 complete] mean loss / pixel: 8.674, accuracy 74.550%, dt 2019-03-30 23:30:04.965236
[170,     2] loss / pixel: 9.03822
[170,     4] loss / pixel: 8.63828
[170,     6] loss / pixel: 8.31267
[170,     8] loss / pixel: 8.70708
[170,    10] loss / pixel: 8.81807
[Epoch 170 complete] mean loss / pixel: 8.678, accuracy 74.553%, dt 2019-03-30 23:30:49.412925
[171,     2] loss / pixel: 8.88661
[171,     4] loss / pixel: 8.77263
[171,     6] loss / pixel: 8.43671
[171,     8] loss / pixel: 8.49924
[171,    10] loss / pixel: 8.64934
[Epoch 171 complete] mean loss / pixel: 8.670, accuracy 74.563%, dt 2019-03-30 23:31:33.402447
UPDATING LR 1.953125e-07
[172,     2] loss / pixel: 8.72632
[172,     4] loss / pixel: 8.52757
[172,     6] loss / pixel: 8.78110
[172,     8] loss / pixel: 8.86628
[172,    10] loss / pixel: 8.56357
[Epoch 172 complete] mean loss / pixel: 8.674, accuracy 74.564%, dt 2019-03-30 23:32:18.087100
[173,     2] loss / pixel: 8.31610
[173,     4] loss / pixel: 8.71529
[173,     6] loss / pixel: 8.95077
[173,     8] loss / pixel: 8.69368
[173,    10] loss / pixel: 8.80946
[Epoch 173 complete] mean loss / pixel: 8.675, accuracy 74.560%, dt 2019-03-30 23:33:02.167550
[174,     2] loss / pixel: 8.48745
[174,     4] loss / pixel: 8.54923
[174,     6] loss / pixel: 8.76065
[174,     8] loss / pixel: 8.38595
[174,    10] loss / pixel: 9.11862
[Epoch 174 complete] mean loss / pixel: 8.675, accuracy 74.558%, dt 2019-03-30 23:33:46.665273
[175,     2] loss / pixel: 8.80717
[175,     4] loss / pixel: 8.25675
[175,     6] loss / pixel: 8.75958
[175,     8] loss / pixel: 8.96239
[175,    10] loss / pixel: 8.72973
[Epoch 175 complete] mean loss / pixel: 8.670, accuracy 74.553%, dt 2019-03-30 23:34:31.653381
[176,     2] loss / pixel: 8.58474
[176,     4] loss / pixel: 8.73633
[176,     6] loss / pixel: 9.05976
[176,     8] loss / pixel: 8.66781
[176,    10] loss / pixel: 8.31674
[Epoch 176 complete] mean loss / pixel: 8.675, accuracy 74.559%, dt 2019-03-30 23:35:17.348560
[177,     2] loss / pixel: 8.69946
[177,     4] loss / pixel: 8.65722
[177,     6] loss / pixel: 8.58859
[177,     8] loss / pixel: 8.75310
[177,    10] loss / pixel: 8.95538
[Epoch 177 complete] mean loss / pixel: 8.675, accuracy 74.561%, dt 2019-03-30 23:36:01.763886
[178,     2] loss / pixel: 8.69902
[178,     4] loss / pixel: 8.64176
[178,     6] loss / pixel: 8.94001
[178,     8] loss / pixel: 8.69791
[178,    10] loss / pixel: 8.40072
[Epoch 178 complete] mean loss / pixel: 8.670, accuracy 74.560%, dt 2019-03-30 23:36:46.176489
[179,     2] loss / pixel: 8.89667
[179,     4] loss / pixel: 8.51967
[179,     6] loss / pixel: 8.65781
[179,     8] loss / pixel: 8.55902
[179,    10] loss / pixel: 8.55798
[Epoch 179 complete] mean loss / pixel: 8.675, accuracy 74.559%, dt 2019-03-30 23:37:31.330163
[180,     2] loss / pixel: 8.93464
[180,     4] loss / pixel: 8.57261
[180,     6] loss / pixel: 8.76416
[180,     8] loss / pixel: 8.47503
[180,    10] loss / pixel: 8.74476
[Epoch 180 complete] mean loss / pixel: 8.670, accuracy 74.560%, dt 2019-03-30 23:38:16.201438

Training complete. Saving graphs
Testing
Image index tensor(0)

*OVERALL REPORT*

Trained on 3 test images.
Acc: 72%, CentralAcc: 85% AvgConf: 0.985 FPos: 46137285  FNeg: 46137403 CorrUnlabel: 44447784


*PER CLASS REPORT*

class0 Acc: 0% Conf: 0.030 Corr: 0 FPos: 4238801 FNeg: 5767167 CorrUnLab: 4238800 on 60 predicted labels (1528308 actual).
class1 Acc: 80% Conf: 1.269 Corr: 100767 FPos: 5642262 FNeg: 5650474 CorrUnLab: 5626335 on 116694 predicted labels (124906 actual).
class2 Acc: 89% Conf: 3.123 Corr: 182167 FPos: 5564006 FNeg: 5529603 CorrUnLab: 5508608 on 237565 predicted labels (203162 actual).
class3 Acc: 80% Conf: 2.585 Corr: 78019 FPos: 5670381 FNeg: 5657891 CorrUnLab: 5639123 on 109277 predicted labels (96787 actual).
class4 Acc: 72% Conf: 2.193 Corr: 66982 FPos: 5674155 FNeg: 5675647 CorrUnLab: 5649616 on 91521 predicted labels (93013 actual).
class5 Acc: 92% Conf: 2.807 Corr: 265170 FPos: 5479293 FNeg: 5475793 CorrUnLab: 5453088 on 291375 predicted labels (287875 actual).
class6 Acc: 81% Conf: 2.828 Corr: 82218 FPos: 5666115 FNeg: 5645091 CorrUnLab: 5626256 on 122077 predicted labels (101053 actual).
class7 Acc: 86% Conf: 1.419 Corr: 68279 FPos: 5688278 FNeg: 4206427 CorrUnLab: 4195816 on 1560741 predicted labels (78890 actual).
class8 Acc: 96% Conf: 0.287 Corr: 3153293 FPos: 2513994 FNeg: 2529310 CorrUnLab: 2510142 on 3237858 predicted labels (3253174 actual).

*EQUAL WEIGHT REPORT*

Accuracies (equal contribution) 75%
Confidence (equal contribution) 1.838
Training complete in 2.246 hrs
Reading in previous experiments.

Writing output to running results
Completed run at 2019-03-30 23:38:40.065929
Time for run 2.250 hrs

Writing output to metaresults
Successful completion
Completed in 2.250 hours
slurmstepd: error: task_p_post_term: rmdir(/sys/fs/cgroup/cpuset/slurm10414330/slurm10414330.4294967294_0) failed Device or resource busy
