Changed directory to /home/jhb57/dnn-information.

JobID: 10414326
======
Time: Sat 30 Mar 20:53:24 GMT 2019
Running on master node: gpu-e-34
Current directory: /home/jhb57/dnn-information

Nodes allocated:
================
gpu-e-34

numtasks=4, numnodes=1, mpi_tasks_per_node=4 (OMP_NUM_THREADS=1)

Executing command:
==================
python /home/jhb57/dnn-information/experiments/experiment_0/run_experiment_uniform_fixed_eps_0.py 

Script started at 2019-03-30 20:53:26.559083
appending /home/jhb57/dnn-information/models/unet
Initialisation time 0.491 secs

Running smoothing type uniform_fixed_eps at 2019-03-30 20:53:27.050429 

Appending /home/jhb57/dnn-information
Loading images
Data shape (110, 768, 512)
Label shape (110, 2, 768, 512)
No cleaning in data load
Loaded.
len trainset 11
len testset 3
Info layers numbers [0, 6, 12, 18, 24, 30, 36, 42, 48, 54]
Let's use 4 GPUs!
Moving model to cuda:0
Updating at img [    0  1584  3168  7920 11088 14256 15048]
Updating to lrs [1.000000e-04 5.000000e-05 2.500000e-05 1.250000e-05 1.562500e-06
 3.906250e-07 1.953125e-07]
Starting training.
UPDATING LR 0.0001
Smoothing by uniform fixed eps
APPLIED uniform fixed epsilon.
argmax (256, 150 ) tensor(2, device='cuda:0')
old_hot (256, 150 ) tensor([0., 0., 1., 0., 0., 0., 0., 0., 0.], device='cuda:0')
one_hot (256, 150 ) tensor([0.0125, 0.0125, 0.9000, 0.0125, 0.0125, 0.0125, 0.0125, 0.0125, 0.0125],
       device='cuda:0')
argmax (256, 175 ) tensor(5, device='cuda:0')
old_hot (256, 175 ) tensor([0., 0., 0., 0., 0., 1., 0., 0., 0.], device='cuda:0')
one_hot (256, 175 ) tensor([0.0125, 0.0125, 0.0125, 0.0125, 0.0125, 0.9000, 0.0125, 0.0125, 0.0125],
       device='cuda:0')
argmax (256, 200 ) tensor(5, device='cuda:0')
old_hot (256, 200 ) tensor([0., 0., 0., 0., 0., 1., 0., 0., 0.], device='cuda:0')
one_hot (256, 200 ) tensor([0.0125, 0.0125, 0.0125, 0.0125, 0.0125, 0.9000, 0.0125, 0.0125, 0.0125],
       device='cuda:0')
argmax (256, 225 ) tensor(5, device='cuda:0')
old_hot (256, 225 ) tensor([0., 0., 0., 0., 0., 1., 0., 0., 0.], device='cuda:0')
one_hot (256, 225 ) tensor([0.0125, 0.0125, 0.0125, 0.0125, 0.0125, 0.9000, 0.0125, 0.0125, 0.0125],
       device='cuda:0')
argmax (256, 250 ) tensor(8, device='cuda:0')
old_hot (256, 250 ) tensor([0., 0., 0., 0., 0., 0., 0., 0., 1.], device='cuda:0')
one_hot (256, 250 ) tensor([0.0125, 0.0125, 0.0125, 0.0125, 0.0125, 0.0125, 0.0125, 0.0125, 0.9000],
       device='cuda:0')
argmax (256, 275 ) tensor(8, device='cuda:0')
old_hot (256, 275 ) tensor([0., 0., 0., 0., 0., 0., 0., 0., 1.], device='cuda:0')
one_hot (256, 275 ) tensor([0.0125, 0.0125, 0.0125, 0.0125, 0.0125, 0.0125, 0.0125, 0.0125, 0.9000],
       device='cuda:0')
argmax (256, 300 ) tensor(8, device='cuda:0')
old_hot (256, 300 ) tensor([0., 0., 0., 0., 0., 0., 0., 0., 1.], device='cuda:0')
one_hot (256, 300 ) tensor([0.0125, 0.0125, 0.0125, 0.0125, 0.0125, 0.0125, 0.0125, 0.0125, 0.9000],
       device='cuda:0')
argmax (256, 325 ) tensor(8, device='cuda:0')
old_hot (256, 325 ) tensor([0., 0., 0., 0., 0., 0., 0., 0., 1.], device='cuda:0')
one_hot (256, 325 ) tensor([0.0125, 0.0125, 0.0125, 0.0125, 0.0125, 0.0125, 0.0125, 0.0125, 0.9000],
       device='cuda:0')
Using one hot
 tensor([0.9000, 0.0125, 0.0125, 0.0125, 0.0125, 0.0125, 0.0125, 0.0125, 0.0125],
       device='cuda:0')
ENTERING loss cleaning.
Cleaning by ignoring loss
[1,     2] loss / pixel: 13.61928
[1,     4] loss / pixel: 12.83704
[1,     6] loss / pixel: 12.47881
[1,     8] loss / pixel: 12.44842
[1,    10] loss / pixel: 12.02892
[Epoch 1 complete] mean loss / pixel: 12.594, accuracy 20.891%, dt 2019-03-30 20:54:13.770176
[2,     2] loss / pixel: 11.50269
[2,     4] loss / pixel: 11.30687
[2,     6] loss / pixel: 10.99580
[2,     8] loss / pixel: 10.81218
[2,    10] loss / pixel: 10.43513
[Epoch 2 complete] mean loss / pixel: 10.954, accuracy 50.113%, dt 2019-03-30 20:54:44.855093
[3,     2] loss / pixel: 10.31897
[3,     4] loss / pixel: 10.25302
[3,     6] loss / pixel: 9.70978
[3,     8] loss / pixel: 10.50426
[3,    10] loss / pixel: 9.76409
[Epoch 3 complete] mean loss / pixel: 10.135, accuracy 65.907%, dt 2019-03-30 20:55:17.393478
[4,     2] loss / pixel: 9.78930
[4,     4] loss / pixel: 9.73590
[4,     6] loss / pixel: 9.65692
[4,     8] loss / pixel: 10.03036
[4,    10] loss / pixel: 9.70828
[Epoch 4 complete] mean loss / pixel: 9.761, accuracy 70.014%, dt 2019-03-30 20:55:49.151010
[5,     2] loss / pixel: 9.62292
[5,     4] loss / pixel: 9.56157
[5,     6] loss / pixel: 9.54926
[5,     8] loss / pixel: 9.56244
[5,    10] loss / pixel: 9.46309
[Epoch 5 complete] mean loss / pixel: 9.576, accuracy 71.085%, dt 2019-03-30 20:56:21.296571
[6,     2] loss / pixel: 9.55876
[6,     4] loss / pixel: 9.14729
[6,     6] loss / pixel: 9.44350
[6,     8] loss / pixel: 9.52077
[6,    10] loss / pixel: 9.59781
[Epoch 6 complete] mean loss / pixel: 9.520, accuracy 70.402%, dt 2019-03-30 20:56:51.889677
[7,     2] loss / pixel: 9.21864
[7,     4] loss / pixel: 9.27530
[7,     6] loss / pixel: 9.61571
[7,     8] loss / pixel: 9.55421
[7,    10] loss / pixel: 9.40704
[Epoch 7 complete] mean loss / pixel: 9.425, accuracy 71.179%, dt 2019-03-30 20:57:23.464593
[8,     2] loss / pixel: 9.36139
[8,     4] loss / pixel: 9.41482
[8,     6] loss / pixel: 9.29705
[8,     8] loss / pixel: 9.31011
[8,    10] loss / pixel: 9.37328
[Epoch 8 complete] mean loss / pixel: 9.372, accuracy 71.295%, dt 2019-03-30 20:57:55.308342
[9,     2] loss / pixel: 9.16021
[9,     4] loss / pixel: 9.18531
[9,     6] loss / pixel: 9.61102
[9,     8] loss / pixel: 9.14973
[9,    10] loss / pixel: 9.32144
[Epoch 9 complete] mean loss / pixel: 9.335, accuracy 70.952%, dt 2019-03-30 20:58:27.126918
[10,     2] loss / pixel: 9.40362
[10,     4] loss / pixel: 9.38304
[10,     6] loss / pixel: 9.10205
[10,     8] loss / pixel: 9.12843
[10,    10] loss / pixel: 9.35122
[Epoch 10 complete] mean loss / pixel: 9.297, accuracy 71.425%, dt 2019-03-30 20:59:03.164103
[11,     2] loss / pixel: 9.39881
[11,     4] loss / pixel: 9.01652
[11,     6] loss / pixel: 9.32706
[11,     8] loss / pixel: 9.15465
[11,    10] loss / pixel: 9.33889
[Epoch 11 complete] mean loss / pixel: 9.244, accuracy 71.450%, dt 2019-03-30 20:59:35.119663
[12,     2] loss / pixel: 9.28495
[12,     4] loss / pixel: 9.34722
[12,     6] loss / pixel: 9.32687
[12,     8] loss / pixel: 9.23120
[12,    10] loss / pixel: 9.03628
[Epoch 12 complete] mean loss / pixel: 9.215, accuracy 71.549%, dt 2019-03-30 21:00:06.852943
[13,     2] loss / pixel: 9.04520
[13,     4] loss / pixel: 9.42234
[13,     6] loss / pixel: 9.35873
[13,     8] loss / pixel: 8.90729
[13,    10] loss / pixel: 9.38528
[Epoch 13 complete] mean loss / pixel: 9.189, accuracy 71.770%, dt 2019-03-30 21:00:38.599320
[14,     2] loss / pixel: 8.92248
[14,     4] loss / pixel: 9.25162
[14,     6] loss / pixel: 9.17545
[14,     8] loss / pixel: 9.12071
[14,    10] loss / pixel: 9.38003
[Epoch 14 complete] mean loss / pixel: 9.166, accuracy 71.727%, dt 2019-03-30 21:01:10.217436
[15,     2] loss / pixel: 9.28025
[15,     4] loss / pixel: 8.84234
[15,     6] loss / pixel: 8.84617
[15,     8] loss / pixel: 8.95329
[15,    10] loss / pixel: 9.42207
[Epoch 15 complete] mean loss / pixel: 9.134, accuracy 71.597%, dt 2019-03-30 21:01:41.842908
[16,     2] loss / pixel: 8.93832
[16,     4] loss / pixel: 8.95551
[16,     6] loss / pixel: 9.30477
[16,     8] loss / pixel: 9.08456
[16,    10] loss / pixel: 9.11690
[Epoch 16 complete] mean loss / pixel: 9.094, accuracy 72.204%, dt 2019-03-30 21:02:13.215150
[17,     2] loss / pixel: 9.12555
[17,     4] loss / pixel: 9.16890
[17,     6] loss / pixel: 9.31383
[17,     8] loss / pixel: 8.89135
[17,    10] loss / pixel: 8.81795
[Epoch 17 complete] mean loss / pixel: 9.063, accuracy 72.120%, dt 2019-03-30 21:02:45.406792
[18,     2] loss / pixel: 9.16539
[18,     4] loss / pixel: 8.97532
[18,     6] loss / pixel: 8.88725
[18,     8] loss / pixel: 8.87461
[18,    10] loss / pixel: 9.06606
[Epoch 18 complete] mean loss / pixel: 9.027, accuracy 72.073%, dt 2019-03-30 21:03:16.514613
UPDATING LR 5e-05
[19,     2] loss / pixel: 9.52078
[19,     4] loss / pixel: 8.79553
[19,     6] loss / pixel: 9.31846
[19,     8] loss / pixel: 8.61547
[19,    10] loss / pixel: 8.84956
[Epoch 19 complete] mean loss / pixel: 9.008, accuracy 72.302%, dt 2019-03-30 21:03:48.267385
[20,     2] loss / pixel: 9.34159
[20,     4] loss / pixel: 8.95867
[20,     6] loss / pixel: 8.79448
[20,     8] loss / pixel: 8.89395
[20,    10] loss / pixel: 8.92735
[Epoch 20 complete] mean loss / pixel: 8.990, accuracy 72.418%, dt 2019-03-30 21:04:19.836390
[21,     2] loss / pixel: 9.02961
[21,     4] loss / pixel: 9.19864
[21,     6] loss / pixel: 8.81794
[21,     8] loss / pixel: 9.00213
[21,    10] loss / pixel: 9.00367
[Epoch 21 complete] mean loss / pixel: 8.974, accuracy 72.438%, dt 2019-03-30 21:04:51.221729
[22,     2] loss / pixel: 8.87604
[22,     4] loss / pixel: 8.92053
[22,     6] loss / pixel: 9.06375
[22,     8] loss / pixel: 8.69738
[22,    10] loss / pixel: 9.04653
[Epoch 22 complete] mean loss / pixel: 8.963, accuracy 72.475%, dt 2019-03-30 21:05:23.599896
[23,     2] loss / pixel: 9.02424
[23,     4] loss / pixel: 9.46281
[23,     6] loss / pixel: 8.78009
[23,     8] loss / pixel: 8.56759
[23,    10] loss / pixel: 8.99213
[Epoch 23 complete] mean loss / pixel: 8.953, accuracy 72.501%, dt 2019-03-30 21:05:54.871206
[24,     2] loss / pixel: 8.79958
[24,     4] loss / pixel: 9.18887
[24,     6] loss / pixel: 8.67315
[24,     8] loss / pixel: 9.00514
[24,    10] loss / pixel: 8.83661
[Epoch 24 complete] mean loss / pixel: 8.946, accuracy 72.431%, dt 2019-03-30 21:06:27.004574
[25,     2] loss / pixel: 8.59290
[25,     4] loss / pixel: 9.16652
[25,     6] loss / pixel: 8.98499
[25,     8] loss / pixel: 9.04049
[25,    10] loss / pixel: 9.13162
[Epoch 25 complete] mean loss / pixel: 8.924, accuracy 72.568%, dt 2019-03-30 21:06:58.386970
[26,     2] loss / pixel: 8.85515
[26,     4] loss / pixel: 8.85907
[26,     6] loss / pixel: 9.10168
[26,     8] loss / pixel: 8.51498
[26,    10] loss / pixel: 9.10002
[Epoch 26 complete] mean loss / pixel: 8.912, accuracy 72.470%, dt 2019-03-30 21:07:29.236701
[27,     2] loss / pixel: 9.28377
[27,     4] loss / pixel: 8.98080
[27,     6] loss / pixel: 8.63640
[27,     8] loss / pixel: 8.96838
[27,    10] loss / pixel: 8.66262
[Epoch 27 complete] mean loss / pixel: 8.896, accuracy 72.712%, dt 2019-03-30 21:07:59.592403
[28,     2] loss / pixel: 9.28511
[28,     4] loss / pixel: 8.78682
[28,     6] loss / pixel: 8.69670
[28,     8] loss / pixel: 8.80205
[28,    10] loss / pixel: 9.13445
[Epoch 28 complete] mean loss / pixel: 8.887, accuracy 72.713%, dt 2019-03-30 21:08:32.995065
[29,     2] loss / pixel: 8.31469
[29,     4] loss / pixel: 8.90303
[29,     6] loss / pixel: 8.90446
[29,     8] loss / pixel: 9.08913
[29,    10] loss / pixel: 9.10715
[Epoch 29 complete] mean loss / pixel: 8.876, accuracy 72.709%, dt 2019-03-30 21:09:04.304520
[30,     2] loss / pixel: 9.10798
[30,     4] loss / pixel: 8.87304
[30,     6] loss / pixel: 9.01653
[30,     8] loss / pixel: 8.45027
[30,    10] loss / pixel: 9.02226
[Epoch 30 complete] mean loss / pixel: 8.859, accuracy 72.827%, dt 2019-03-30 21:09:35.939042
[31,     2] loss / pixel: 8.86847
[31,     4] loss / pixel: 8.64317
[31,     6] loss / pixel: 8.94163
[31,     8] loss / pixel: 9.09169
[31,    10] loss / pixel: 8.77189
[Epoch 31 complete] mean loss / pixel: 8.849, accuracy 72.734%, dt 2019-03-30 21:10:07.373694
[32,     2] loss / pixel: 8.55975
[32,     4] loss / pixel: 8.49228
[32,     6] loss / pixel: 8.98326
[32,     8] loss / pixel: 9.13747
[32,    10] loss / pixel: 8.82374
[Epoch 32 complete] mean loss / pixel: 8.838, accuracy 72.822%, dt 2019-03-30 21:10:39.283625
[33,     2] loss / pixel: 8.86822
[33,     4] loss / pixel: 9.00485
[33,     6] loss / pixel: 8.47302
[33,     8] loss / pixel: 8.91669
[33,    10] loss / pixel: 8.73931
[Epoch 33 complete] mean loss / pixel: 8.824, accuracy 72.920%, dt 2019-03-30 21:11:12.910852
[34,     2] loss / pixel: 8.52935
[34,     4] loss / pixel: 8.78631
[34,     6] loss / pixel: 9.05098
[34,     8] loss / pixel: 9.15032
[34,    10] loss / pixel: 8.49080
[Epoch 34 complete] mean loss / pixel: 8.807, accuracy 72.893%, dt 2019-03-30 21:11:50.092459
[35,     2] loss / pixel: 9.07799
[35,     4] loss / pixel: 8.73363
[35,     6] loss / pixel: 8.39854
[35,     8] loss / pixel: 9.05414
[35,    10] loss / pixel: 8.96278
[Epoch 35 complete] mean loss / pixel: 8.805, accuracy 72.988%, dt 2019-03-30 21:12:21.428726
[36,     2] loss / pixel: 8.54440
[36,     4] loss / pixel: 8.98855
[36,     6] loss / pixel: 8.69781
[36,     8] loss / pixel: 8.97781
[36,    10] loss / pixel: 8.88698
[Epoch 36 complete] mean loss / pixel: 8.789, accuracy 73.016%, dt 2019-03-30 21:12:52.804346
UPDATING LR 2.5e-05
[37,     2] loss / pixel: 8.85324
[37,     4] loss / pixel: 8.47333
[37,     6] loss / pixel: 9.05549
[37,     8] loss / pixel: 8.78940
[37,    10] loss / pixel: 8.83631
[Epoch 37 complete] mean loss / pixel: 8.774, accuracy 73.118%, dt 2019-03-30 21:13:23.349000
[38,     2] loss / pixel: 8.37448
[38,     4] loss / pixel: 8.79883
[38,     6] loss / pixel: 8.87339
[38,     8] loss / pixel: 8.80444
[38,    10] loss / pixel: 9.17839
[Epoch 38 complete] mean loss / pixel: 8.767, accuracy 73.121%, dt 2019-03-30 21:13:54.388137
[39,     2] loss / pixel: 8.30369
[39,     4] loss / pixel: 9.02826
[39,     6] loss / pixel: 8.99438
[39,     8] loss / pixel: 8.90768
[39,    10] loss / pixel: 8.70944
[Epoch 39 complete] mean loss / pixel: 8.755, accuracy 73.191%, dt 2019-03-30 21:14:25.702482
[40,     2] loss / pixel: 8.92923
[40,     4] loss / pixel: 8.75555
[40,     6] loss / pixel: 8.46689
[40,     8] loss / pixel: 8.69686
[40,    10] loss / pixel: 8.83568
[Epoch 40 complete] mean loss / pixel: 8.746, accuracy 73.275%, dt 2019-03-30 21:15:10.283682
[41,     2] loss / pixel: 8.88501
[41,     4] loss / pixel: 9.23053
[41,     6] loss / pixel: 8.75029
[41,     8] loss / pixel: 8.40551
[41,    10] loss / pixel: 8.67320
[Epoch 41 complete] mean loss / pixel: 8.740, accuracy 73.211%, dt 2019-03-30 21:15:42.292328
[42,     2] loss / pixel: 8.85378
[42,     4] loss / pixel: 8.89996
[42,     6] loss / pixel: 8.49293
[42,     8] loss / pixel: 8.77960
[42,    10] loss / pixel: 8.69984
[Epoch 42 complete] mean loss / pixel: 8.735, accuracy 73.321%, dt 2019-03-30 21:16:14.260881
[43,     2] loss / pixel: 8.88817
[43,     4] loss / pixel: 8.74488
[43,     6] loss / pixel: 8.69219
[43,     8] loss / pixel: 8.58246
[43,    10] loss / pixel: 8.91238
[Epoch 43 complete] mean loss / pixel: 8.723, accuracy 73.293%, dt 2019-03-30 21:16:46.013954
[44,     2] loss / pixel: 8.40052
[44,     4] loss / pixel: 8.97396
[44,     6] loss / pixel: 8.68869
[44,     8] loss / pixel: 8.72133
[44,    10] loss / pixel: 8.87075
[Epoch 44 complete] mean loss / pixel: 8.725, accuracy 73.388%, dt 2019-03-30 21:17:17.393354
[45,     2] loss / pixel: 8.56647
[45,     4] loss / pixel: 8.73234
[45,     6] loss / pixel: 8.97238
[45,     8] loss / pixel: 8.73943
[45,    10] loss / pixel: 8.61102
[Epoch 45 complete] mean loss / pixel: 8.710, accuracy 73.368%, dt 2019-03-30 21:17:51.244057
[46,     2] loss / pixel: 8.69088
[46,     4] loss / pixel: 8.80117
[46,     6] loss / pixel: 8.34993
[46,     8] loss / pixel: 8.88357
[46,    10] loss / pixel: 8.74220
[Epoch 46 complete] mean loss / pixel: 8.704, accuracy 73.391%, dt 2019-03-30 21:18:24.471347
[47,     2] loss / pixel: 8.74863
[47,     4] loss / pixel: 8.66382
[47,     6] loss / pixel: 8.92378
[47,     8] loss / pixel: 8.38771
[47,    10] loss / pixel: 8.72685
[Epoch 47 complete] mean loss / pixel: 8.699, accuracy 73.490%, dt 2019-03-30 21:18:55.812571
[48,     2] loss / pixel: 8.63215
[48,     4] loss / pixel: 8.67084
[48,     6] loss / pixel: 8.86832
[48,     8] loss / pixel: 8.54444
[48,    10] loss / pixel: 8.87682
[Epoch 48 complete] mean loss / pixel: 8.691, accuracy 73.504%, dt 2019-03-30 21:19:26.835302
[49,     2] loss / pixel: 8.76461
[49,     4] loss / pixel: 8.22523
[49,     6] loss / pixel: 8.45081
[49,     8] loss / pixel: 9.02364
[49,    10] loss / pixel: 9.16281
[Epoch 49 complete] mean loss / pixel: 8.686, accuracy 73.513%, dt 2019-03-30 21:19:58.131040
[50,     2] loss / pixel: 8.30251
[50,     4] loss / pixel: 8.87616
[50,     6] loss / pixel: 8.57984
[50,     8] loss / pixel: 8.92164
[50,    10] loss / pixel: 8.67283
[Epoch 50 complete] mean loss / pixel: 8.676, accuracy 73.604%, dt 2019-03-30 21:20:29.438527
[51,     2] loss / pixel: 8.92244
[51,     4] loss / pixel: 9.00246
[51,     6] loss / pixel: 8.32179
[51,     8] loss / pixel: 8.02906
[51,    10] loss / pixel: 8.84829
[Epoch 51 complete] mean loss / pixel: 8.667, accuracy 73.602%, dt 2019-03-30 21:21:00.312124
[52,     2] loss / pixel: 8.27443
[52,     4] loss / pixel: 8.65779
[52,     6] loss / pixel: 9.11867
[52,     8] loss / pixel: 8.71591
[52,    10] loss / pixel: 8.75033
[Epoch 52 complete] mean loss / pixel: 8.662, accuracy 73.660%, dt 2019-03-30 21:21:32.364819
[53,     2] loss / pixel: 9.01249
[53,     4] loss / pixel: 8.53123
[53,     6] loss / pixel: 8.55201
[53,     8] loss / pixel: 8.55415
[53,    10] loss / pixel: 8.72869
[Epoch 53 complete] mean loss / pixel: 8.655, accuracy 73.684%, dt 2019-03-30 21:22:03.917798
[54,     2] loss / pixel: 8.64406
[54,     4] loss / pixel: 8.74918
[54,     6] loss / pixel: 8.60076
[54,     8] loss / pixel: 8.45049
[54,    10] loss / pixel: 8.85336
[Epoch 54 complete] mean loss / pixel: 8.649, accuracy 73.681%, dt 2019-03-30 21:22:35.560717
[55,     2] loss / pixel: 8.03419
[55,     4] loss / pixel: 8.66919
[55,     6] loss / pixel: 8.78818
[55,     8] loss / pixel: 8.85558
[55,    10] loss / pixel: 8.98763
[Epoch 55 complete] mean loss / pixel: 8.642, accuracy 73.712%, dt 2019-03-30 21:23:07.634348
[56,     2] loss / pixel: 8.79595
[56,     4] loss / pixel: 8.26496
[56,     6] loss / pixel: 8.74188
[56,     8] loss / pixel: 8.89221
[56,    10] loss / pixel: 8.51226
[Epoch 56 complete] mean loss / pixel: 8.632, accuracy 73.767%, dt 2019-03-30 21:23:38.762845
[57,     2] loss / pixel: 8.59660
[57,     4] loss / pixel: 8.81826
[57,     6] loss / pixel: 8.42232
[57,     8] loss / pixel: 8.70554
[57,    10] loss / pixel: 8.39826
[Epoch 57 complete] mean loss / pixel: 8.628, accuracy 73.745%, dt 2019-03-30 21:24:20.262533
[58,     2] loss / pixel: 8.45470
[58,     4] loss / pixel: 8.59890
[58,     6] loss / pixel: 8.60905
[58,     8] loss / pixel: 8.69275
[58,    10] loss / pixel: 8.51905
[Epoch 58 complete] mean loss / pixel: 8.629, accuracy 73.725%, dt 2019-03-30 21:24:51.598618
[59,     2] loss / pixel: 8.60834
[59,     4] loss / pixel: 8.52946
[59,     6] loss / pixel: 8.75503
[59,     8] loss / pixel: 8.65419
[59,    10] loss / pixel: 8.85035
[Epoch 59 complete] mean loss / pixel: 8.619, accuracy 73.777%, dt 2019-03-30 21:25:23.074118
[60,     2] loss / pixel: 8.84936
[60,     4] loss / pixel: 8.23674
[60,     6] loss / pixel: 9.20890
[60,     8] loss / pixel: 8.22471
[60,    10] loss / pixel: 8.57214
[Epoch 60 complete] mean loss / pixel: 8.621, accuracy 73.725%, dt 2019-03-30 21:25:54.207350
[61,     2] loss / pixel: 8.15554
[61,     4] loss / pixel: 8.58615
[61,     6] loss / pixel: 8.67783
[61,     8] loss / pixel: 8.75477
[61,    10] loss / pixel: 8.72313
[Epoch 61 complete] mean loss / pixel: 8.611, accuracy 73.851%, dt 2019-03-30 21:26:25.800575
[62,     2] loss / pixel: 8.51774
[62,     4] loss / pixel: 8.77103
[62,     6] loss / pixel: 8.40625
[62,     8] loss / pixel: 8.70015
[62,    10] loss / pixel: 8.53263
[Epoch 62 complete] mean loss / pixel: 8.599, accuracy 73.908%, dt 2019-03-30 21:26:57.356717
[63,     2] loss / pixel: 8.95472
[63,     4] loss / pixel: 8.73135
[63,     6] loss / pixel: 8.39150
[63,     8] loss / pixel: 8.59655
[63,    10] loss / pixel: 8.36199
[Epoch 63 complete] mean loss / pixel: 8.598, accuracy 73.891%, dt 2019-03-30 21:27:29.132118
[64,     2] loss / pixel: 8.52508
[64,     4] loss / pixel: 8.38028
[64,     6] loss / pixel: 8.74069
[64,     8] loss / pixel: 8.60119
[64,    10] loss / pixel: 8.53914
[Epoch 64 complete] mean loss / pixel: 8.589, accuracy 73.928%, dt 2019-03-30 21:28:01.420089
[65,     2] loss / pixel: 8.74712
[65,     4] loss / pixel: 8.38051
[65,     6] loss / pixel: 8.61916
[65,     8] loss / pixel: 8.57462
[65,    10] loss / pixel: 8.57282
[Epoch 65 complete] mean loss / pixel: 8.582, accuracy 73.883%, dt 2019-03-30 21:28:32.515422
[66,     2] loss / pixel: 8.30083
[66,     4] loss / pixel: 9.07133
[66,     6] loss / pixel: 8.46767
[66,     8] loss / pixel: 8.53566
[66,    10] loss / pixel: 8.46980
[Epoch 66 complete] mean loss / pixel: 8.577, accuracy 73.968%, dt 2019-03-30 21:29:04.543549
[67,     2] loss / pixel: 8.71575
[67,     4] loss / pixel: 8.90082
[67,     6] loss / pixel: 8.45542
[67,     8] loss / pixel: 8.25832
[67,    10] loss / pixel: 8.48229
[Epoch 67 complete] mean loss / pixel: 8.571, accuracy 73.988%, dt 2019-03-30 21:29:35.430414
[68,     2] loss / pixel: 8.33295
[68,     4] loss / pixel: 8.63129
[68,     6] loss / pixel: 8.73951
[68,     8] loss / pixel: 8.62612
[68,    10] loss / pixel: 8.46081
[Epoch 68 complete] mean loss / pixel: 8.559, accuracy 74.032%, dt 2019-03-30 21:30:08.449863
[69,     2] loss / pixel: 8.57255
[69,     4] loss / pixel: 8.65909
[69,     6] loss / pixel: 8.35588
[69,     8] loss / pixel: 8.60631
[69,    10] loss / pixel: 8.75308
[Epoch 69 complete] mean loss / pixel: 8.559, accuracy 74.028%, dt 2019-03-30 21:30:44.539215
[70,     2] loss / pixel: 8.44779
[70,     4] loss / pixel: 8.77453
[70,     6] loss / pixel: 8.26482
[70,     8] loss / pixel: 8.70632
[70,    10] loss / pixel: 8.46788
[Epoch 70 complete] mean loss / pixel: 8.553, accuracy 74.079%, dt 2019-03-30 21:31:15.900195
[71,     2] loss / pixel: 8.79718
[71,     4] loss / pixel: 8.64874
[71,     6] loss / pixel: 8.49015
[71,     8] loss / pixel: 8.73944
[71,    10] loss / pixel: 8.11129
[Epoch 71 complete] mean loss / pixel: 8.551, accuracy 74.070%, dt 2019-03-30 21:31:46.254801
[72,     2] loss / pixel: 8.44000
[72,     4] loss / pixel: 9.02622
[72,     6] loss / pixel: 8.01529
[72,     8] loss / pixel: 8.70244
[72,    10] loss / pixel: 8.65062
[Epoch 72 complete] mean loss / pixel: 8.547, accuracy 74.023%, dt 2019-03-30 21:32:17.309117
[73,     2] loss / pixel: 8.50866
[73,     4] loss / pixel: 8.44738
[73,     6] loss / pixel: 8.61223
[73,     8] loss / pixel: 8.49622
[73,    10] loss / pixel: 8.79044
[Epoch 73 complete] mean loss / pixel: 8.548, accuracy 73.991%, dt 2019-03-30 21:32:49.498029
[74,     2] loss / pixel: 8.45165
[74,     4] loss / pixel: 8.54862
[74,     6] loss / pixel: 8.71317
[74,     8] loss / pixel: 8.61418
[74,    10] loss / pixel: 8.63527
[Epoch 74 complete] mean loss / pixel: 8.547, accuracy 73.992%, dt 2019-03-30 21:33:21.809842
[75,     2] loss / pixel: 8.44592
[75,     4] loss / pixel: 8.45080
[75,     6] loss / pixel: 8.69386
[75,     8] loss / pixel: 8.58074
[75,    10] loss / pixel: 8.18362
[Epoch 75 complete] mean loss / pixel: 8.538, accuracy 73.997%, dt 2019-03-30 21:33:52.522469
[76,     2] loss / pixel: 8.52110
[76,     4] loss / pixel: 8.87471
[76,     6] loss / pixel: 8.58149
[76,     8] loss / pixel: 8.48602
[76,    10] loss / pixel: 8.16482
[Epoch 76 complete] mean loss / pixel: 8.529, accuracy 74.074%, dt 2019-03-30 21:34:24.176718
[77,     2] loss / pixel: 8.31643
[77,     4] loss / pixel: 8.66815
[77,     6] loss / pixel: 9.15684
[77,     8] loss / pixel: 8.34347
[77,    10] loss / pixel: 8.29560
[Epoch 77 complete] mean loss / pixel: 8.523, accuracy 74.108%, dt 2019-03-30 21:34:54.721972
[78,     2] loss / pixel: 8.21252
[78,     4] loss / pixel: 8.38866
[78,     6] loss / pixel: 8.41966
[78,     8] loss / pixel: 8.84840
[78,    10] loss / pixel: 9.00900
[Epoch 78 complete] mean loss / pixel: 8.515, accuracy 74.145%, dt 2019-03-30 21:35:27.115249
[79,     2] loss / pixel: 8.59763
[79,     4] loss / pixel: 8.30999
[79,     6] loss / pixel: 8.82425
[79,     8] loss / pixel: 8.49022
[79,    10] loss / pixel: 8.36538
[Epoch 79 complete] mean loss / pixel: 8.517, accuracy 74.090%, dt 2019-03-30 21:35:58.230948
[80,     2] loss / pixel: 8.24656
[80,     4] loss / pixel: 8.30681
[80,     6] loss / pixel: 8.48135
[80,     8] loss / pixel: 8.67953
[80,    10] loss / pixel: 8.67623
[Epoch 80 complete] mean loss / pixel: 8.513, accuracy 74.098%, dt 2019-03-30 21:36:29.914521
[81,     2] loss / pixel: 8.37373
[81,     4] loss / pixel: 8.52177
[81,     6] loss / pixel: 8.70787
[81,     8] loss / pixel: 8.47219
[81,    10] loss / pixel: 8.12040
[Epoch 81 complete] mean loss / pixel: 8.504, accuracy 74.157%, dt 2019-03-30 21:37:01.692604
[82,     2] loss / pixel: 8.49154
[82,     4] loss / pixel: 8.72090
[82,     6] loss / pixel: 8.26947
[82,     8] loss / pixel: 8.25684
[82,    10] loss / pixel: 8.65126
[Epoch 82 complete] mean loss / pixel: 8.495, accuracy 74.186%, dt 2019-03-30 21:37:32.724531
[83,     2] loss / pixel: 8.44499
[83,     4] loss / pixel: 8.39382
[83,     6] loss / pixel: 8.61094
[83,     8] loss / pixel: 8.23428
[83,    10] loss / pixel: 8.71957
[Epoch 83 complete] mean loss / pixel: 8.493, accuracy 74.222%, dt 2019-03-30 21:38:04.109644
[84,     2] loss / pixel: 8.45255
[84,     4] loss / pixel: 8.98751
[84,     6] loss / pixel: 8.18222
[84,     8] loss / pixel: 8.27811
[84,    10] loss / pixel: 8.75500
[Epoch 84 complete] mean loss / pixel: 8.486, accuracy 74.211%, dt 2019-03-30 21:38:34.934722
[85,     2] loss / pixel: 8.60854
[85,     4] loss / pixel: 8.60059
[85,     6] loss / pixel: 8.10863
[85,     8] loss / pixel: 8.86526
[85,    10] loss / pixel: 8.40457
[Epoch 85 complete] mean loss / pixel: 8.478, accuracy 74.263%, dt 2019-03-30 21:39:05.737846
[86,     2] loss / pixel: 8.48542
[86,     4] loss / pixel: 8.61132
[86,     6] loss / pixel: 8.45820
[86,     8] loss / pixel: 8.81934
[86,    10] loss / pixel: 8.16190
[Epoch 86 complete] mean loss / pixel: 8.473, accuracy 74.246%, dt 2019-03-30 21:39:37.341711
[87,     2] loss / pixel: 8.18883
[87,     4] loss / pixel: 8.60842
[87,     6] loss / pixel: 8.51837
[87,     8] loss / pixel: 8.54966
[87,    10] loss / pixel: 8.49591
[Epoch 87 complete] mean loss / pixel: 8.464, accuracy 74.273%, dt 2019-03-30 21:40:11.506893
[88,     2] loss / pixel: 8.41067
[88,     4] loss / pixel: 8.61497
[88,     6] loss / pixel: 8.43220
[88,     8] loss / pixel: 8.72190
[88,    10] loss / pixel: 8.08351
[Epoch 88 complete] mean loss / pixel: 8.462, accuracy 74.272%, dt 2019-03-30 21:40:43.612851
[89,     2] loss / pixel: 8.41818
[89,     4] loss / pixel: 8.48911
[89,     6] loss / pixel: 8.52818
[89,     8] loss / pixel: 8.39900
[89,    10] loss / pixel: 8.35864
[Epoch 89 complete] mean loss / pixel: 8.457, accuracy 74.321%, dt 2019-03-30 21:41:15.313025
[90,     2] loss / pixel: 8.32327
[90,     4] loss / pixel: 8.92550
[90,     6] loss / pixel: 8.46460
[90,     8] loss / pixel: 8.35909
[90,    10] loss / pixel: 8.26924
[Epoch 90 complete] mean loss / pixel: 8.452, accuracy 74.308%, dt 2019-03-30 21:41:47.240519
UPDATING LR 1.25e-05
[91,     2] loss / pixel: 8.33594
[91,     4] loss / pixel: 8.36030
[91,     6] loss / pixel: 8.67575
[91,     8] loss / pixel: 8.79761
[91,    10] loss / pixel: 8.09018
[Epoch 91 complete] mean loss / pixel: 8.449, accuracy 74.338%, dt 2019-03-30 21:42:19.188122
[92,     2] loss / pixel: 8.47784
[92,     4] loss / pixel: 7.95472
[92,     6] loss / pixel: 8.74481
[92,     8] loss / pixel: 8.55215
[92,    10] loss / pixel: 8.28197
[Epoch 92 complete] mean loss / pixel: 8.439, accuracy 74.365%, dt 2019-03-30 21:42:50.437551
[93,     2] loss / pixel: 8.39041
[93,     4] loss / pixel: 8.75439
[93,     6] loss / pixel: 8.37972
[93,     8] loss / pixel: 7.92612
[93,    10] loss / pixel: 8.59778
[Epoch 93 complete] mean loss / pixel: 8.439, accuracy 74.372%, dt 2019-03-30 21:43:26.949153
[94,     2] loss / pixel: 8.80064
[94,     4] loss / pixel: 8.54222
[94,     6] loss / pixel: 8.27399
[94,     8] loss / pixel: 8.08978
[94,    10] loss / pixel: 8.42554
[Epoch 94 complete] mean loss / pixel: 8.438, accuracy 74.414%, dt 2019-03-30 21:43:57.600282
[95,     2] loss / pixel: 8.35031
[95,     4] loss / pixel: 8.82495
[95,     6] loss / pixel: 8.15128
[95,     8] loss / pixel: 8.23979
[95,    10] loss / pixel: 8.59551
[Epoch 95 complete] mean loss / pixel: 8.433, accuracy 74.414%, dt 2019-03-30 21:44:29.421961
[96,     2] loss / pixel: 8.38143
[96,     4] loss / pixel: 8.43376
[96,     6] loss / pixel: 8.27766
[96,     8] loss / pixel: 8.17461
[96,    10] loss / pixel: 8.72385
[Epoch 96 complete] mean loss / pixel: 8.428, accuracy 74.417%, dt 2019-03-30 21:45:01.063413
[97,     2] loss / pixel: 8.04214
[97,     4] loss / pixel: 8.47994
[97,     6] loss / pixel: 8.68528
[97,     8] loss / pixel: 8.42732
[97,    10] loss / pixel: 8.59139
[Epoch 97 complete] mean loss / pixel: 8.429, accuracy 74.425%, dt 2019-03-30 21:45:33.032926
[98,     2] loss / pixel: 8.50214
[98,     4] loss / pixel: 8.47238
[98,     6] loss / pixel: 8.24894
[98,     8] loss / pixel: 8.53706
[98,    10] loss / pixel: 8.13010
[Epoch 98 complete] mean loss / pixel: 8.428, accuracy 74.437%, dt 2019-03-30 21:46:03.604476
[99,     2] loss / pixel: 8.66022
[99,     4] loss / pixel: 8.45333
[99,     6] loss / pixel: 8.45488
[99,     8] loss / pixel: 8.22450
[99,    10] loss / pixel: 8.54365
[Epoch 99 complete] mean loss / pixel: 8.422, accuracy 74.444%, dt 2019-03-30 21:46:36.098696
[100,     2] loss / pixel: 8.74015
[100,     4] loss / pixel: 8.48245
[100,     6] loss / pixel: 8.49931
[100,     8] loss / pixel: 8.47350
[100,    10] loss / pixel: 8.00828
[Epoch 100 complete] mean loss / pixel: 8.420, accuracy 74.422%, dt 2019-03-30 21:47:08.084193
[101,     2] loss / pixel: 8.65780
[101,     4] loss / pixel: 8.44905
[101,     6] loss / pixel: 8.66783
[101,     8] loss / pixel: 7.83058
[101,    10] loss / pixel: 8.49770
[Epoch 101 complete] mean loss / pixel: 8.418, accuracy 74.444%, dt 2019-03-30 21:47:40.114149
[102,     2] loss / pixel: 8.37121
[102,     4] loss / pixel: 9.01351
[102,     6] loss / pixel: 8.45788
[102,     8] loss / pixel: 8.06186
[102,    10] loss / pixel: 8.22588
[Epoch 102 complete] mean loss / pixel: 8.416, accuracy 74.443%, dt 2019-03-30 21:48:11.364552
[103,     2] loss / pixel: 8.80592
[103,     4] loss / pixel: 8.34590
[103,     6] loss / pixel: 8.45091
[103,     8] loss / pixel: 8.18987
[103,    10] loss / pixel: 8.19595
[Epoch 103 complete] mean loss / pixel: 8.413, accuracy 74.462%, dt 2019-03-30 21:48:42.456628
[104,     2] loss / pixel: 7.94878
[104,     4] loss / pixel: 8.72237
[104,     6] loss / pixel: 8.96316
[104,     8] loss / pixel: 8.16317
[104,    10] loss / pixel: 8.49210
[Epoch 104 complete] mean loss / pixel: 8.412, accuracy 74.463%, dt 2019-03-30 21:49:13.233390
[105,     2] loss / pixel: 8.06756
[105,     4] loss / pixel: 8.52946
[105,     6] loss / pixel: 8.49429
[105,     8] loss / pixel: 8.49481
[105,    10] loss / pixel: 8.42979
[Epoch 105 complete] mean loss / pixel: 8.407, accuracy 74.466%, dt 2019-03-30 21:49:47.838619
[106,     2] loss / pixel: 8.81162
[106,     4] loss / pixel: 8.43292
[106,     6] loss / pixel: 8.42235
[106,     8] loss / pixel: 7.75601
[106,    10] loss / pixel: 8.51703
[Epoch 106 complete] mean loss / pixel: 8.412, accuracy 74.478%, dt 2019-03-30 21:50:18.580239
[107,     2] loss / pixel: 8.25967
[107,     4] loss / pixel: 8.66112
[107,     6] loss / pixel: 8.25848
[107,     8] loss / pixel: 8.47450
[107,    10] loss / pixel: 8.22649
[Epoch 107 complete] mean loss / pixel: 8.404, accuracy 74.472%, dt 2019-03-30 21:50:49.746538
[108,     2] loss / pixel: 8.03172
[108,     4] loss / pixel: 8.79374
[108,     6] loss / pixel: 8.55200
[108,     8] loss / pixel: 7.92299
[108,    10] loss / pixel: 8.57538
[Epoch 108 complete] mean loss / pixel: 8.404, accuracy 74.489%, dt 2019-03-30 21:51:21.055153
[109,     2] loss / pixel: 7.94981
[109,     4] loss / pixel: 8.73085
[109,     6] loss / pixel: 8.37436
[109,     8] loss / pixel: 8.43948
[109,    10] loss / pixel: 8.56307
[Epoch 109 complete] mean loss / pixel: 8.399, accuracy 74.479%, dt 2019-03-30 21:51:53.045254
[110,     2] loss / pixel: 8.26236
[110,     4] loss / pixel: 8.24151
[110,     6] loss / pixel: 8.27401
[110,     8] loss / pixel: 8.77231
[110,    10] loss / pixel: 8.41801
[Epoch 110 complete] mean loss / pixel: 8.400, accuracy 74.483%, dt 2019-03-30 21:52:25.112126
[111,     2] loss / pixel: 8.57267
[111,     4] loss / pixel: 8.03544
[111,     6] loss / pixel: 8.36044
[111,     8] loss / pixel: 8.42285
[111,    10] loss / pixel: 8.55701
[Epoch 111 complete] mean loss / pixel: 8.397, accuracy 74.496%, dt 2019-03-30 21:53:04.974952
[112,     2] loss / pixel: 8.65851
[112,     4] loss / pixel: 7.80451
[112,     6] loss / pixel: 8.66765
[112,     8] loss / pixel: 8.22728
[112,    10] loss / pixel: 8.53380
[Epoch 112 complete] mean loss / pixel: 8.395, accuracy 74.491%, dt 2019-03-30 21:53:36.984854
[113,     2] loss / pixel: 8.17297
[113,     4] loss / pixel: 8.53624
[113,     6] loss / pixel: 8.53370
[113,     8] loss / pixel: 8.54476
[113,    10] loss / pixel: 8.13054
[Epoch 113 complete] mean loss / pixel: 8.389, accuracy 74.487%, dt 2019-03-30 21:54:08.205473
[114,     2] loss / pixel: 8.10880
[114,     4] loss / pixel: 8.67026
[114,     6] loss / pixel: 8.26397
[114,     8] loss / pixel: 8.27994
[114,    10] loss / pixel: 8.65405
[Epoch 114 complete] mean loss / pixel: 8.388, accuracy 74.506%, dt 2019-03-30 21:54:39.870599
[115,     2] loss / pixel: 8.41474
[115,     4] loss / pixel: 8.69395
[115,     6] loss / pixel: 8.41495
[115,     8] loss / pixel: 8.20378
[115,    10] loss / pixel: 8.24591
[Epoch 115 complete] mean loss / pixel: 8.384, accuracy 74.514%, dt 2019-03-30 21:55:11.775134
[116,     2] loss / pixel: 8.49852
[116,     4] loss / pixel: 8.28365
[116,     6] loss / pixel: 8.27719
[116,     8] loss / pixel: 8.63827
[116,    10] loss / pixel: 8.36253
[Epoch 116 complete] mean loss / pixel: 8.382, accuracy 74.515%, dt 2019-03-30 21:55:43.594838
[117,     2] loss / pixel: 8.10255
[117,     4] loss / pixel: 8.66188
[117,     6] loss / pixel: 8.67320
[117,     8] loss / pixel: 8.27116
[117,    10] loss / pixel: 8.24863
[Epoch 117 complete] mean loss / pixel: 8.379, accuracy 74.521%, dt 2019-03-30 21:56:17.369157
[118,     2] loss / pixel: 8.22818
[118,     4] loss / pixel: 8.49685
[118,     6] loss / pixel: 8.31169
[118,     8] loss / pixel: 8.30736
[118,    10] loss / pixel: 8.53724
[Epoch 118 complete] mean loss / pixel: 8.381, accuracy 74.510%, dt 2019-03-30 21:57:02.573306
[119,     2] loss / pixel: 7.87695
[119,     4] loss / pixel: 8.72595
[119,     6] loss / pixel: 8.23702
[119,     8] loss / pixel: 8.72535
[119,    10] loss / pixel: 8.30795
[Epoch 119 complete] mean loss / pixel: 8.377, accuracy 74.522%, dt 2019-03-30 21:57:33.189467
[120,     2] loss / pixel: 8.45671
[120,     4] loss / pixel: 8.49350
[120,     6] loss / pixel: 8.10804
[120,     8] loss / pixel: 8.33925
[120,    10] loss / pixel: 8.36726
[Epoch 120 complete] mean loss / pixel: 8.378, accuracy 74.523%, dt 2019-03-30 21:58:05.216851
[121,     2] loss / pixel: 8.29374
[121,     4] loss / pixel: 8.39720
[121,     6] loss / pixel: 8.51404
[121,     8] loss / pixel: 8.39842
[121,    10] loss / pixel: 8.15329
[Epoch 121 complete] mean loss / pixel: 8.377, accuracy 74.503%, dt 2019-03-30 21:58:35.893565
[122,     2] loss / pixel: 8.72252
[122,     4] loss / pixel: 8.03028
[122,     6] loss / pixel: 8.47979
[122,     8] loss / pixel: 8.43712
[122,    10] loss / pixel: 8.52271
[Epoch 122 complete] mean loss / pixel: 8.374, accuracy 74.546%, dt 2019-03-30 21:59:06.889131
[123,     2] loss / pixel: 8.31443
[123,     4] loss / pixel: 8.33694
[123,     6] loss / pixel: 8.22131
[123,     8] loss / pixel: 8.22263
[123,    10] loss / pixel: 8.91167
[Epoch 123 complete] mean loss / pixel: 8.368, accuracy 74.566%, dt 2019-03-30 22:00:12.243984
[124,     2] loss / pixel: 8.16471
[124,     4] loss / pixel: 8.55628
[124,     6] loss / pixel: 8.10250
[124,     8] loss / pixel: 8.59702
[124,    10] loss / pixel: 8.38254
[Epoch 124 complete] mean loss / pixel: 8.365, accuracy 74.554%, dt 2019-03-30 22:00:42.925921
[125,     2] loss / pixel: 8.29003
[125,     4] loss / pixel: 8.24287
[125,     6] loss / pixel: 8.28788
[125,     8] loss / pixel: 8.49630
[125,    10] loss / pixel: 8.41986
[Epoch 125 complete] mean loss / pixel: 8.363, accuracy 74.573%, dt 2019-03-30 22:01:14.826574
[126,     2] loss / pixel: 8.19656
[126,     4] loss / pixel: 8.76107
[126,     6] loss / pixel: 8.22322
[126,     8] loss / pixel: 8.42535
[126,    10] loss / pixel: 8.23908
[Epoch 126 complete] mean loss / pixel: 8.361, accuracy 74.553%, dt 2019-03-30 22:01:46.342318
UPDATING LR 1.5625e-06
[127,     2] loss / pixel: 8.29015
[127,     4] loss / pixel: 8.32996
[127,     6] loss / pixel: 8.39238
[127,     8] loss / pixel: 8.42737
[127,    10] loss / pixel: 8.35609
[Epoch 127 complete] mean loss / pixel: 8.360, accuracy 74.590%, dt 2019-03-30 22:02:17.349093
[128,     2] loss / pixel: 8.24835
[128,     4] loss / pixel: 8.45691
[128,     6] loss / pixel: 8.22927
[128,     8] loss / pixel: 8.35377
[128,    10] loss / pixel: 8.39093
[Epoch 128 complete] mean loss / pixel: 8.357, accuracy 74.576%, dt 2019-03-30 22:02:48.301515
[129,     2] loss / pixel: 8.67979
[129,     4] loss / pixel: 8.06177
[129,     6] loss / pixel: 8.16847
[129,     8] loss / pixel: 8.70310
[129,    10] loss / pixel: 8.05313
[Epoch 129 complete] mean loss / pixel: 8.360, accuracy 74.601%, dt 2019-03-30 22:03:19.559571
[130,     2] loss / pixel: 8.44530
[130,     4] loss / pixel: 8.57193
[130,     6] loss / pixel: 8.27168
[130,     8] loss / pixel: 8.36744
[130,    10] loss / pixel: 8.23098
[Epoch 130 complete] mean loss / pixel: 8.356, accuracy 74.603%, dt 2019-03-30 22:03:51.234784
[131,     2] loss / pixel: 8.31677
[131,     4] loss / pixel: 8.60037
[131,     6] loss / pixel: 8.30546
[131,     8] loss / pixel: 8.04498
[131,    10] loss / pixel: 8.22276
[Epoch 131 complete] mean loss / pixel: 8.362, accuracy 74.611%, dt 2019-03-30 22:04:22.471548
[132,     2] loss / pixel: 8.19284
[132,     4] loss / pixel: 8.11061
[132,     6] loss / pixel: 8.19120
[132,     8] loss / pixel: 8.41592
[132,    10] loss / pixel: 8.81237
[Epoch 132 complete] mean loss / pixel: 8.358, accuracy 74.597%, dt 2019-03-30 22:04:54.320585
[133,     2] loss / pixel: 8.04343
[133,     4] loss / pixel: 8.45744
[133,     6] loss / pixel: 8.44536
[133,     8] loss / pixel: 8.39038
[133,    10] loss / pixel: 8.38760
[Epoch 133 complete] mean loss / pixel: 8.357, accuracy 74.609%, dt 2019-03-30 22:05:25.689664
[134,     2] loss / pixel: 8.49945
[134,     4] loss / pixel: 8.14461
[134,     6] loss / pixel: 8.60700
[134,     8] loss / pixel: 8.32739
[134,    10] loss / pixel: 8.20148
[Epoch 134 complete] mean loss / pixel: 8.354, accuracy 74.606%, dt 2019-03-30 22:05:57.268400
[135,     2] loss / pixel: 8.53368
[135,     4] loss / pixel: 8.34582
[135,     6] loss / pixel: 8.08172
[135,     8] loss / pixel: 8.51180
[135,    10] loss / pixel: 8.51656
[Epoch 135 complete] mean loss / pixel: 8.354, accuracy 74.615%, dt 2019-03-30 22:06:28.331350
[136,     2] loss / pixel: 8.34902
[136,     4] loss / pixel: 8.56902
[136,     6] loss / pixel: 8.23365
[136,     8] loss / pixel: 8.26944
[136,    10] loss / pixel: 8.38231
[Epoch 136 complete] mean loss / pixel: 8.352, accuracy 74.597%, dt 2019-03-30 22:06:59.873747
[137,     2] loss / pixel: 8.47251
[137,     4] loss / pixel: 8.39383
[137,     6] loss / pixel: 8.03969
[137,     8] loss / pixel: 8.60575
[137,    10] loss / pixel: 8.26302
[Epoch 137 complete] mean loss / pixel: 8.353, accuracy 74.607%, dt 2019-03-30 22:07:31.431682
[138,     2] loss / pixel: 8.20352
[138,     4] loss / pixel: 8.36768
[138,     6] loss / pixel: 8.09372
[138,     8] loss / pixel: 8.49839
[138,    10] loss / pixel: 8.41539
[Epoch 138 complete] mean loss / pixel: 8.354, accuracy 74.616%, dt 2019-03-30 22:08:03.863596
[139,     2] loss / pixel: 8.69012
[139,     4] loss / pixel: 8.51263
[139,     6] loss / pixel: 8.25187
[139,     8] loss / pixel: 8.17932
[139,    10] loss / pixel: 8.34204
[Epoch 139 complete] mean loss / pixel: 8.354, accuracy 74.611%, dt 2019-03-30 22:08:36.093809
[140,     2] loss / pixel: 8.57237
[140,     4] loss / pixel: 8.59023
[140,     6] loss / pixel: 7.85137
[140,     8] loss / pixel: 8.30229
[140,    10] loss / pixel: 8.33127
[Epoch 140 complete] mean loss / pixel: 8.350, accuracy 74.612%, dt 2019-03-30 22:09:06.680593
[141,     2] loss / pixel: 8.26574
[141,     4] loss / pixel: 8.43722
[141,     6] loss / pixel: 8.48967
[141,     8] loss / pixel: 8.42587
[141,    10] loss / pixel: 8.26117
[Epoch 141 complete] mean loss / pixel: 8.352, accuracy 74.610%, dt 2019-03-30 22:09:38.761923
[142,     2] loss / pixel: 8.35963
[142,     4] loss / pixel: 8.22611
[142,     6] loss / pixel: 8.63734
[142,     8] loss / pixel: 8.30617
[142,    10] loss / pixel: 8.43364
[Epoch 142 complete] mean loss / pixel: 8.353, accuracy 74.615%, dt 2019-03-30 22:10:10.427866
[143,     2] loss / pixel: 8.34464
[143,     4] loss / pixel: 8.51601
[143,     6] loss / pixel: 8.27363
[143,     8] loss / pixel: 8.31238
[143,    10] loss / pixel: 8.41359
[Epoch 143 complete] mean loss / pixel: 8.353, accuracy 74.613%, dt 2019-03-30 22:10:41.683023
[144,     2] loss / pixel: 7.96536
[144,     4] loss / pixel: 8.69879
[144,     6] loss / pixel: 8.14627
[144,     8] loss / pixel: 8.53998
[144,    10] loss / pixel: 8.34357
[Epoch 144 complete] mean loss / pixel: 8.351, accuracy 74.615%, dt 2019-03-30 22:11:12.828978
[145,     2] loss / pixel: 8.71695
[145,     4] loss / pixel: 7.96981
[145,     6] loss / pixel: 8.71450
[145,     8] loss / pixel: 8.16277
[145,    10] loss / pixel: 8.33982
[Epoch 145 complete] mean loss / pixel: 8.351, accuracy 74.612%, dt 2019-03-30 22:11:44.305905
[146,     2] loss / pixel: 8.18718
[146,     4] loss / pixel: 8.65752
[146,     6] loss / pixel: 8.40235
[146,     8] loss / pixel: 8.16736
[146,    10] loss / pixel: 8.21163
[Epoch 146 complete] mean loss / pixel: 8.353, accuracy 74.616%, dt 2019-03-30 22:12:16.054644
[147,     2] loss / pixel: 8.25068
[147,     4] loss / pixel: 8.21903
[147,     6] loss / pixel: 8.66206
[147,     8] loss / pixel: 8.48703
[147,    10] loss / pixel: 8.36066
[Epoch 147 complete] mean loss / pixel: 8.349, accuracy 74.614%, dt 2019-03-30 22:12:47.348163
[148,     2] loss / pixel: 8.09938
[148,     4] loss / pixel: 8.47085
[148,     6] loss / pixel: 8.45073
[148,     8] loss / pixel: 8.17883
[148,    10] loss / pixel: 8.43442
[Epoch 148 complete] mean loss / pixel: 8.352, accuracy 74.620%, dt 2019-03-30 22:13:19.977253
[149,     2] loss / pixel: 8.26110
[149,     4] loss / pixel: 8.30010
[149,     6] loss / pixel: 8.70539
[149,     8] loss / pixel: 8.14234
[149,    10] loss / pixel: 8.41326
[Epoch 149 complete] mean loss / pixel: 8.350, accuracy 74.616%, dt 2019-03-30 22:13:52.001551
[150,     2] loss / pixel: 8.41245
[150,     4] loss / pixel: 7.91991
[150,     6] loss / pixel: 8.55926
[150,     8] loss / pixel: 8.16619
[150,    10] loss / pixel: 8.72664
[Epoch 150 complete] mean loss / pixel: 8.349, accuracy 74.624%, dt 2019-03-30 22:14:23.007574
[151,     2] loss / pixel: 8.60309
[151,     4] loss / pixel: 8.32680
[151,     6] loss / pixel: 8.23700
[151,     8] loss / pixel: 8.13021
[151,    10] loss / pixel: 8.38199
[Epoch 151 complete] mean loss / pixel: 8.354, accuracy 74.615%, dt 2019-03-30 22:14:54.216365
[152,     2] loss / pixel: 8.32785
[152,     4] loss / pixel: 8.09425
[152,     6] loss / pixel: 8.44525
[152,     8] loss / pixel: 8.51634
[152,    10] loss / pixel: 8.58745
[Epoch 152 complete] mean loss / pixel: 8.347, accuracy 74.610%, dt 2019-03-30 22:15:25.600851
[153,     2] loss / pixel: 8.42725
[153,     4] loss / pixel: 8.23032
[153,     6] loss / pixel: 8.18870
[153,     8] loss / pixel: 8.73190
[153,    10] loss / pixel: 8.30120
[Epoch 153 complete] mean loss / pixel: 8.347, accuracy 74.631%, dt 2019-03-30 22:15:56.533650
[154,     2] loss / pixel: 7.58355
[154,     4] loss / pixel: 8.34835
[154,     6] loss / pixel: 8.78738
[154,     8] loss / pixel: 8.48998
[154,    10] loss / pixel: 8.54388
[Epoch 154 complete] mean loss / pixel: 8.351, accuracy 74.619%, dt 2019-03-30 22:16:28.296480
[155,     2] loss / pixel: 8.04929
[155,     4] loss / pixel: 8.24786
[155,     6] loss / pixel: 8.20709
[155,     8] loss / pixel: 8.49156
[155,    10] loss / pixel: 8.53146
[Epoch 155 complete] mean loss / pixel: 8.350, accuracy 74.616%, dt 2019-03-30 22:16:59.547940
[156,     2] loss / pixel: 8.54787
[156,     4] loss / pixel: 8.56552
[156,     6] loss / pixel: 7.99604
[156,     8] loss / pixel: 8.56751
[156,    10] loss / pixel: 8.29640
[Epoch 156 complete] mean loss / pixel: 8.348, accuracy 74.616%, dt 2019-03-30 22:17:31.351631
[157,     2] loss / pixel: 8.48123
[157,     4] loss / pixel: 8.16272
[157,     6] loss / pixel: 8.70241
[157,     8] loss / pixel: 8.48576
[157,    10] loss / pixel: 8.10892
[Epoch 157 complete] mean loss / pixel: 8.348, accuracy 74.625%, dt 2019-03-30 22:18:03.353442
[158,     2] loss / pixel: 8.45060
[158,     4] loss / pixel: 8.13829
[158,     6] loss / pixel: 8.41159
[158,     8] loss / pixel: 8.31954
[158,    10] loss / pixel: 8.46649
[Epoch 158 complete] mean loss / pixel: 8.350, accuracy 74.631%, dt 2019-03-30 22:18:34.691263
[159,     2] loss / pixel: 8.33782
[159,     4] loss / pixel: 8.62532
[159,     6] loss / pixel: 8.50465
[159,     8] loss / pixel: 8.42523
[159,    10] loss / pixel: 8.08146
[Epoch 159 complete] mean loss / pixel: 8.350, accuracy 74.622%, dt 2019-03-30 22:19:05.947571
[160,     2] loss / pixel: 7.99330
[160,     4] loss / pixel: 8.39546
[160,     6] loss / pixel: 8.36471
[160,     8] loss / pixel: 8.52430
[160,    10] loss / pixel: 8.34021
[Epoch 160 complete] mean loss / pixel: 8.346, accuracy 74.635%, dt 2019-03-30 22:19:37.185259
[161,     2] loss / pixel: 8.37732
[161,     4] loss / pixel: 8.45617
[161,     6] loss / pixel: 8.19043
[161,     8] loss / pixel: 8.26695
[161,    10] loss / pixel: 8.29477
[Epoch 161 complete] mean loss / pixel: 8.346, accuracy 74.621%, dt 2019-03-30 22:20:09.425651
[162,     2] loss / pixel: 8.44587
[162,     4] loss / pixel: 8.02191
[162,     6] loss / pixel: 8.85739
[162,     8] loss / pixel: 8.44767
[162,    10] loss / pixel: 8.05525
[Epoch 162 complete] mean loss / pixel: 8.347, accuracy 74.632%, dt 2019-03-30 22:20:41.417333
UPDATING LR 3.90625e-07
[163,     2] loss / pixel: 8.45580
[163,     4] loss / pixel: 8.24471
[163,     6] loss / pixel: 8.77628
[163,     8] loss / pixel: 8.10663
[163,    10] loss / pixel: 8.35307
[Epoch 163 complete] mean loss / pixel: 8.348, accuracy 74.628%, dt 2019-03-30 22:21:13.571527
[164,     2] loss / pixel: 8.46987
[164,     4] loss / pixel: 8.36951
[164,     6] loss / pixel: 8.32448
[164,     8] loss / pixel: 8.32739
[164,    10] loss / pixel: 8.08268
[Epoch 164 complete] mean loss / pixel: 8.347, accuracy 74.636%, dt 2019-03-30 22:21:45.805300
[165,     2] loss / pixel: 8.23157
[165,     4] loss / pixel: 8.30169
[165,     6] loss / pixel: 8.44855
[165,     8] loss / pixel: 8.35064
[165,    10] loss / pixel: 8.58167
[Epoch 165 complete] mean loss / pixel: 8.345, accuracy 74.629%, dt 2019-03-30 22:22:17.393102
[166,     2] loss / pixel: 7.93609
[166,     4] loss / pixel: 8.62422
[166,     6] loss / pixel: 8.53432
[166,     8] loss / pixel: 8.17268
[166,    10] loss / pixel: 8.11027
[Epoch 166 complete] mean loss / pixel: 8.345, accuracy 74.623%, dt 2019-03-30 22:22:49.938589
[167,     2] loss / pixel: 8.41539
[167,     4] loss / pixel: 8.52232
[167,     6] loss / pixel: 7.95639
[167,     8] loss / pixel: 8.53277
[167,    10] loss / pixel: 8.45823
[Epoch 167 complete] mean loss / pixel: 8.347, accuracy 74.621%, dt 2019-03-30 22:23:21.146308
[168,     2] loss / pixel: 7.96266
[168,     4] loss / pixel: 8.21016
[168,     6] loss / pixel: 8.30747
[168,     8] loss / pixel: 8.72329
[168,    10] loss / pixel: 8.44699
[Epoch 168 complete] mean loss / pixel: 8.343, accuracy 74.631%, dt 2019-03-30 22:23:52.153373
[169,     2] loss / pixel: 8.22514
[169,     4] loss / pixel: 8.37814
[169,     6] loss / pixel: 8.54552
[169,     8] loss / pixel: 8.46550
[169,    10] loss / pixel: 8.37018
[Epoch 169 complete] mean loss / pixel: 8.346, accuracy 74.626%, dt 2019-03-30 22:24:24.294513
[170,     2] loss / pixel: 8.09947
[170,     4] loss / pixel: 8.09117
[170,     6] loss / pixel: 7.92172
[170,     8] loss / pixel: 8.74526
[170,    10] loss / pixel: 8.62002
[Epoch 170 complete] mean loss / pixel: 8.346, accuracy 74.634%, dt 2019-03-30 22:24:55.401593
[171,     2] loss / pixel: 8.31306
[171,     4] loss / pixel: 8.28905
[171,     6] loss / pixel: 8.29022
[171,     8] loss / pixel: 8.33629
[171,    10] loss / pixel: 8.23252
[Epoch 171 complete] mean loss / pixel: 8.347, accuracy 74.635%, dt 2019-03-30 22:25:26.384855
UPDATING LR 1.953125e-07
[172,     2] loss / pixel: 8.27219
[172,     4] loss / pixel: 8.35960
[172,     6] loss / pixel: 8.46469
[172,     8] loss / pixel: 8.55244
[172,    10] loss / pixel: 8.29217
[Epoch 172 complete] mean loss / pixel: 8.345, accuracy 74.628%, dt 2019-03-30 22:25:57.443589
[173,     2] loss / pixel: 8.56146
[173,     4] loss / pixel: 7.91377
[173,     6] loss / pixel: 8.56711
[173,     8] loss / pixel: 8.48694
[173,    10] loss / pixel: 8.32909
[Epoch 173 complete] mean loss / pixel: 8.346, accuracy 74.637%, dt 2019-03-30 22:26:28.696693
[174,     2] loss / pixel: 8.39187
[174,     4] loss / pixel: 8.13126
[174,     6] loss / pixel: 8.36636
[174,     8] loss / pixel: 8.41946
[174,    10] loss / pixel: 8.36547
[Epoch 174 complete] mean loss / pixel: 8.343, accuracy 74.643%, dt 2019-03-30 22:27:00.497335
[175,     2] loss / pixel: 8.41396
[175,     4] loss / pixel: 8.50401
[175,     6] loss / pixel: 8.39609
[175,     8] loss / pixel: 7.84949
[175,    10] loss / pixel: 8.47348
[Epoch 175 complete] mean loss / pixel: 8.344, accuracy 74.635%, dt 2019-03-30 22:27:32.236246
[176,     2] loss / pixel: 8.04933
[176,     4] loss / pixel: 8.67657
[176,     6] loss / pixel: 8.35875
[176,     8] loss / pixel: 8.26822
[176,    10] loss / pixel: 8.30087
[Epoch 176 complete] mean loss / pixel: 8.347, accuracy 74.625%, dt 2019-03-30 22:28:04.184890
[177,     2] loss / pixel: 8.50907
[177,     4] loss / pixel: 7.99835
[177,     6] loss / pixel: 8.65826
[177,     8] loss / pixel: 8.42153
[177,    10] loss / pixel: 7.95660
[Epoch 177 complete] mean loss / pixel: 8.346, accuracy 74.630%, dt 2019-03-30 22:28:36.644884
[178,     2] loss / pixel: 8.57419
[178,     4] loss / pixel: 7.71056
[178,     6] loss / pixel: 8.33739
[178,     8] loss / pixel: 8.53694
[178,    10] loss / pixel: 8.29254
[Epoch 178 complete] mean loss / pixel: 8.347, accuracy 74.633%, dt 2019-03-30 22:29:08.383946
[179,     2] loss / pixel: 8.74184
[179,     4] loss / pixel: 8.44923
[179,     6] loss / pixel: 8.11992
[179,     8] loss / pixel: 8.13286
[179,    10] loss / pixel: 8.27640
[Epoch 179 complete] mean loss / pixel: 8.343, accuracy 74.638%, dt 2019-03-30 22:29:40.045797
[180,     2] loss / pixel: 8.54120
[180,     4] loss / pixel: 8.35047
[180,     6] loss / pixel: 8.44292
[180,     8] loss / pixel: 8.46654
[180,    10] loss / pixel: 8.19547
[Epoch 180 complete] mean loss / pixel: 8.345, accuracy 74.633%, dt 2019-03-30 22:30:11.456205

Training complete. Saving graphs
Testing
Image index tensor(0)

*OVERALL REPORT*

Trained on 3 test images.
Acc: 72%, CentralAcc: 85% AvgConf: 0.914 FPos: 46136232  FNeg: 46138456 CorrUnlabel: 44452838


*PER CLASS REPORT*

class0 Acc: 0% Conf: 0.564 Corr: 1737 FPos: 4237748 FNeg: 5763667 CorrUnLab: 4237684 on 4613 predicted labels (1528308 actual).
class1 Acc: 81% Conf: 1.361 Corr: 102091 FPos: 5642262 FNeg: 5649272 CorrUnLab: 5626457 on 117896 predicted labels (124906 actual).
class2 Acc: 89% Conf: 2.988 Corr: 181982 FPos: 5564006 FNeg: 5557336 CorrUnLab: 5536156 on 209832 predicted labels (203162 actual).
class3 Acc: 80% Conf: 1.687 Corr: 78119 FPos: 5670381 FNeg: 5473516 CorrUnLab: 5454848 on 293652 predicted labels (96787 actual).
class4 Acc: 73% Conf: 2.685 Corr: 68523 FPos: 5674155 FNeg: 5661289 CorrUnLab: 5636799 on 105879 predicted labels (93013 actual).
class5 Acc: 92% Conf: 2.253 Corr: 265828 FPos: 5479293 FNeg: 5197740 CorrUnLab: 5175693 on 569428 predicted labels (287875 actual).
class6 Acc: 82% Conf: 1.035 Corr: 83668 FPos: 5666115 FNeg: 4624464 CorrUnLab: 4607079 on 1142704 predicted labels (101053 actual).
class7 Acc: 83% Conf: 0.887 Corr: 65701 FPos: 5688278 FNeg: 5680949 CorrUnLab: 5667760 on 86219 predicted labels (78890 actual).
class8 Acc: 96% Conf: 0.359 Corr: 3152678 FPos: 2513994 FNeg: 2530223 CorrUnLab: 2510362 on 3236945 predicted labels (3253174 actual).

*EQUAL WEIGHT REPORT*

Accuracies (equal contribution) 75%
Confidence (equal contribution) 1.535
Training complete in 1.616 hrs
Reading in previous experiments.

Writing output to running results
Completed run at 2019-03-30 22:30:34.377278
Time for run 1.619 hrs

Writing output to metaresults
Successful completion
Completed in 1.619 hours
slurmstepd: error: task_p_post_term: rmdir(/sys/fs/cgroup/cpuset/slurm10414326/slurm10414326.4294967294_0) failed Device or resource busy
