Changed directory to /home/jhb57/dnn-information.

JobID: 10414329
======
Time: Sat 30 Mar 21:14:29 GMT 2019
Running on master node: gpu-e-38
Current directory: /home/jhb57/dnn-information

Nodes allocated:
================
gpu-e-38

numtasks=4, numnodes=1, mpi_tasks_per_node=4 (OMP_NUM_THREADS=1)

Executing command:
==================
python /home/jhb57/dnn-information/experiments/experiment_1/run_experiment_uniform_fixed_eps_1.py 

Script started at 2019-03-30 21:14:34.893078
appending /home/jhb57/dnn-information/models/unet
Initialisation time 1.066 secs

Running smoothing type uniform_fixed_eps at 2019-03-30 21:14:35.958761 

Appending /home/jhb57/dnn-information
Loading images
Data shape (110, 768, 512)
Label shape (110, 2, 768, 512)
No cleaning in data load
Loaded.
len trainset 11
len testset 3
Info layers numbers [0, 6, 12, 18, 24, 30, 36, 42, 48, 54]
Let's use 4 GPUs!
Moving model to cuda:0
Updating at img [    0  1584  3168  7920 11088 14256 15048]
Updating to lrs [1.000000e-04 5.000000e-05 2.500000e-05 1.250000e-05 1.562500e-06
 3.906250e-07 1.953125e-07]
Starting training.
UPDATING LR 0.0001
Smoothing by uniform fixed eps
APPLIED uniform fixed epsilon.
argmax (256, 150 ) tensor(2, device='cuda:0')
old_hot (256, 150 ) tensor([0., 0., 1., 0., 0., 0., 0., 0., 0.], device='cuda:0')
one_hot (256, 150 ) tensor([0.0125, 0.0125, 0.9000, 0.0125, 0.0125, 0.0125, 0.0125, 0.0125, 0.0125],
       device='cuda:0')
argmax (256, 175 ) tensor(4, device='cuda:0')
old_hot (256, 175 ) tensor([0., 0., 0., 0., 1., 0., 0., 0., 0.], device='cuda:0')
one_hot (256, 175 ) tensor([0.0125, 0.0125, 0.0125, 0.0125, 0.9000, 0.0125, 0.0125, 0.0125, 0.0125],
       device='cuda:0')
argmax (256, 200 ) tensor(7, device='cuda:0')
old_hot (256, 200 ) tensor([0., 0., 0., 0., 0., 0., 0., 1., 0.], device='cuda:0')
one_hot (256, 200 ) tensor([0.0125, 0.0125, 0.0125, 0.0125, 0.0125, 0.0125, 0.0125, 0.9000, 0.0125],
       device='cuda:0')
argmax (256, 225 ) tensor(8, device='cuda:0')
old_hot (256, 225 ) tensor([0., 0., 0., 0., 0., 0., 0., 0., 1.], device='cuda:0')
one_hot (256, 225 ) tensor([0.0125, 0.0125, 0.0125, 0.0125, 0.0125, 0.0125, 0.0125, 0.0125, 0.9000],
       device='cuda:0')
argmax (256, 250 ) tensor(8, device='cuda:0')
old_hot (256, 250 ) tensor([0., 0., 0., 0., 0., 0., 0., 0., 1.], device='cuda:0')
one_hot (256, 250 ) tensor([0.0125, 0.0125, 0.0125, 0.0125, 0.0125, 0.0125, 0.0125, 0.0125, 0.9000],
       device='cuda:0')
argmax (256, 275 ) tensor(8, device='cuda:0')
old_hot (256, 275 ) tensor([0., 0., 0., 0., 0., 0., 0., 0., 1.], device='cuda:0')
one_hot (256, 275 ) tensor([0.0125, 0.0125, 0.0125, 0.0125, 0.0125, 0.0125, 0.0125, 0.0125, 0.9000],
       device='cuda:0')
argmax (256, 300 ) tensor(8, device='cuda:0')
old_hot (256, 300 ) tensor([0., 0., 0., 0., 0., 0., 0., 0., 1.], device='cuda:0')
one_hot (256, 300 ) tensor([0.0125, 0.0125, 0.0125, 0.0125, 0.0125, 0.0125, 0.0125, 0.0125, 0.9000],
       device='cuda:0')
argmax (256, 325 ) tensor(8, device='cuda:0')
old_hot (256, 325 ) tensor([0., 0., 0., 0., 0., 0., 0., 0., 1.], device='cuda:0')
one_hot (256, 325 ) tensor([0.0125, 0.0125, 0.0125, 0.0125, 0.0125, 0.0125, 0.0125, 0.0125, 0.9000],
       device='cuda:0')
Using one hot
 tensor([0.9000, 0.0125, 0.0125, 0.0125, 0.0125, 0.0125, 0.0125, 0.0125, 0.0125],
       device='cuda:0')
ENTERING loss cleaning.
Cleaning by ignoring loss
[1,     2] loss / pixel: 13.57329
[1,     4] loss / pixel: 12.92323
[1,     6] loss / pixel: 12.34774
[1,     8] loss / pixel: 11.90804
[1,    10] loss / pixel: 11.94387
[Epoch 1 complete] mean loss / pixel: 12.429, accuracy 26.863%, dt 2019-03-30 21:15:39.506710
[2,     2] loss / pixel: 11.19629
[2,     4] loss / pixel: 11.09661
[2,     6] loss / pixel: 11.32039
[2,     8] loss / pixel: 10.72677
[2,    10] loss / pixel: 10.69057
[Epoch 2 complete] mean loss / pixel: 10.976, accuracy 58.780%, dt 2019-03-30 21:16:10.730112
[3,     2] loss / pixel: 10.18878
[3,     4] loss / pixel: 10.71572
[3,     6] loss / pixel: 10.26567
[3,     8] loss / pixel: 10.53058
[3,    10] loss / pixel: 10.28626
[Epoch 3 complete] mean loss / pixel: 10.331, accuracy 64.711%, dt 2019-03-30 21:16:41.307642
[4,     2] loss / pixel: 10.17675
[4,     4] loss / pixel: 10.01346
[4,     6] loss / pixel: 10.37828
[4,     8] loss / pixel: 10.05453
[4,    10] loss / pixel: 9.98817
[Epoch 4 complete] mean loss / pixel: 10.044, accuracy 66.260%, dt 2019-03-30 21:17:12.383636
[5,     2] loss / pixel: 9.82932
[5,     4] loss / pixel: 10.14339
[5,     6] loss / pixel: 10.14075
[5,     8] loss / pixel: 9.55100
[5,    10] loss / pixel: 9.74120
[Epoch 5 complete] mean loss / pixel: 9.870, accuracy 67.960%, dt 2019-03-30 21:17:44.009322
[6,     2] loss / pixel: 9.69456
[6,     4] loss / pixel: 9.71615
[6,     6] loss / pixel: 9.79676
[6,     8] loss / pixel: 9.62141
[6,    10] loss / pixel: 10.10744
[Epoch 6 complete] mean loss / pixel: 9.748, accuracy 68.959%, dt 2019-03-30 21:18:15.027506
[7,     2] loss / pixel: 9.54732
[7,     4] loss / pixel: 9.42367
[7,     6] loss / pixel: 9.69877
[7,     8] loss / pixel: 9.98952
[7,    10] loss / pixel: 9.57842
[Epoch 7 complete] mean loss / pixel: 9.646, accuracy 70.506%, dt 2019-03-30 21:18:46.896510
[8,     2] loss / pixel: 9.50555
[8,     4] loss / pixel: 9.63572
[8,     6] loss / pixel: 9.54342
[8,     8] loss / pixel: 9.34101
[8,    10] loss / pixel: 9.83793
[Epoch 8 complete] mean loss / pixel: 9.569, accuracy 70.379%, dt 2019-03-30 21:19:18.814351
[9,     2] loss / pixel: 9.46068
[9,     4] loss / pixel: 9.43882
[9,     6] loss / pixel: 9.49794
[9,     8] loss / pixel: 9.77228
[9,    10] loss / pixel: 9.46187
[Epoch 9 complete] mean loss / pixel: 9.520, accuracy 71.202%, dt 2019-03-30 21:19:49.844205
[10,     2] loss / pixel: 9.21819
[10,     4] loss / pixel: 9.36000
[10,     6] loss / pixel: 9.59468
[10,     8] loss / pixel: 9.56555
[10,    10] loss / pixel: 9.45674
[Epoch 10 complete] mean loss / pixel: 9.455, accuracy 71.072%, dt 2019-03-30 21:20:21.176481
[11,     2] loss / pixel: 9.79556
[11,     4] loss / pixel: 9.22607
[11,     6] loss / pixel: 9.34723
[11,     8] loss / pixel: 9.60532
[11,    10] loss / pixel: 9.09541
[Epoch 11 complete] mean loss / pixel: 9.407, accuracy 71.508%, dt 2019-03-30 21:20:53.246549
[12,     2] loss / pixel: 9.20630
[12,     4] loss / pixel: 8.93006
[12,     6] loss / pixel: 9.61834
[12,     8] loss / pixel: 9.38661
[12,    10] loss / pixel: 9.60729
[Epoch 12 complete] mean loss / pixel: 9.395, accuracy 71.382%, dt 2019-03-30 21:21:27.434712
[13,     2] loss / pixel: 9.30548
[13,     4] loss / pixel: 9.36296
[13,     6] loss / pixel: 9.33646
[13,     8] loss / pixel: 9.87557
[13,    10] loss / pixel: 9.14005
[Epoch 13 complete] mean loss / pixel: 9.373, accuracy 71.338%, dt 2019-03-30 21:21:59.216269
[14,     2] loss / pixel: 9.27226
[14,     4] loss / pixel: 9.38692
[14,     6] loss / pixel: 9.47913
[14,     8] loss / pixel: 8.98757
[14,    10] loss / pixel: 9.59476
[Epoch 14 complete] mean loss / pixel: 9.346, accuracy 71.688%, dt 2019-03-30 21:22:30.733208
[15,     2] loss / pixel: 9.57657
[15,     4] loss / pixel: 8.91179
[15,     6] loss / pixel: 9.31510
[15,     8] loss / pixel: 9.35861
[15,    10] loss / pixel: 9.19603
[Epoch 15 complete] mean loss / pixel: 9.294, accuracy 71.710%, dt 2019-03-30 21:23:02.322556
[16,     2] loss / pixel: 9.37745
[16,     4] loss / pixel: 9.25879
[16,     6] loss / pixel: 9.18753
[16,     8] loss / pixel: 9.21978
[16,    10] loss / pixel: 9.23272
[Epoch 16 complete] mean loss / pixel: 9.272, accuracy 71.751%, dt 2019-03-30 21:23:33.973050
[17,     2] loss / pixel: 9.38952
[17,     4] loss / pixel: 8.99170
[17,     6] loss / pixel: 9.32892
[17,     8] loss / pixel: 9.08381
[17,    10] loss / pixel: 9.21792
[Epoch 17 complete] mean loss / pixel: 9.244, accuracy 72.194%, dt 2019-03-30 21:24:05.730240
[18,     2] loss / pixel: 8.93465
[18,     4] loss / pixel: 9.40116
[18,     6] loss / pixel: 9.19128
[18,     8] loss / pixel: 9.64065
[18,    10] loss / pixel: 9.05420
[Epoch 18 complete] mean loss / pixel: 9.216, accuracy 72.120%, dt 2019-03-30 21:24:36.875184
UPDATING LR 5e-05
[19,     2] loss / pixel: 9.05544
[19,     4] loss / pixel: 8.92787
[19,     6] loss / pixel: 9.49833
[19,     8] loss / pixel: 9.29886
[19,    10] loss / pixel: 9.13918
[Epoch 19 complete] mean loss / pixel: 9.198, accuracy 72.313%, dt 2019-03-30 21:25:08.860153
[20,     2] loss / pixel: 9.08647
[20,     4] loss / pixel: 9.14217
[20,     6] loss / pixel: 9.02928
[20,     8] loss / pixel: 9.35157
[20,    10] loss / pixel: 9.28730
[Epoch 20 complete] mean loss / pixel: 9.194, accuracy 72.117%, dt 2019-03-30 21:25:40.371080
[21,     2] loss / pixel: 8.88606
[21,     4] loss / pixel: 8.92358
[21,     6] loss / pixel: 9.40556
[21,     8] loss / pixel: 9.36917
[21,    10] loss / pixel: 9.32195
[Epoch 21 complete] mean loss / pixel: 9.172, accuracy 72.433%, dt 2019-03-30 21:26:11.767392
[22,     2] loss / pixel: 8.84639
[22,     4] loss / pixel: 9.33406
[22,     6] loss / pixel: 9.30243
[22,     8] loss / pixel: 9.24432
[22,    10] loss / pixel: 8.88167
[Epoch 22 complete] mean loss / pixel: 9.155, accuracy 72.181%, dt 2019-03-30 21:26:42.829521
[23,     2] loss / pixel: 9.49277
[23,     4] loss / pixel: 8.96687
[23,     6] loss / pixel: 9.37199
[23,     8] loss / pixel: 9.02632
[23,    10] loss / pixel: 8.91294
[Epoch 23 complete] mean loss / pixel: 9.153, accuracy 72.519%, dt 2019-03-30 21:27:14.746089
[24,     2] loss / pixel: 9.08047
[24,     4] loss / pixel: 9.03804
[24,     6] loss / pixel: 9.49223
[24,     8] loss / pixel: 9.07208
[24,    10] loss / pixel: 8.85291
[Epoch 24 complete] mean loss / pixel: 9.126, accuracy 72.559%, dt 2019-03-30 21:27:45.701401
[25,     2] loss / pixel: 9.23902
[25,     4] loss / pixel: 8.94055
[25,     6] loss / pixel: 8.94077
[25,     8] loss / pixel: 9.24062
[25,    10] loss / pixel: 9.29206
[Epoch 25 complete] mean loss / pixel: 9.105, accuracy 72.652%, dt 2019-03-30 21:28:16.413574
[26,     2] loss / pixel: 9.33295
[26,     4] loss / pixel: 9.43540
[26,     6] loss / pixel: 9.11425
[26,     8] loss / pixel: 8.60143
[26,    10] loss / pixel: 9.18278
[Epoch 26 complete] mean loss / pixel: 9.091, accuracy 72.739%, dt 2019-03-30 21:28:47.031921
[27,     2] loss / pixel: 9.08540
[27,     4] loss / pixel: 9.28570
[27,     6] loss / pixel: 8.98547
[27,     8] loss / pixel: 9.14630
[27,    10] loss / pixel: 8.85727
[Epoch 27 complete] mean loss / pixel: 9.085, accuracy 72.769%, dt 2019-03-30 21:29:18.926270
[28,     2] loss / pixel: 8.99349
[28,     4] loss / pixel: 9.16830
[28,     6] loss / pixel: 9.15986
[28,     8] loss / pixel: 8.71926
[28,    10] loss / pixel: 9.27502
[Epoch 28 complete] mean loss / pixel: 9.072, accuracy 72.725%, dt 2019-03-30 21:29:50.281194
[29,     2] loss / pixel: 9.30992
[29,     4] loss / pixel: 8.86671
[29,     6] loss / pixel: 9.07523
[29,     8] loss / pixel: 9.04888
[29,    10] loss / pixel: 9.15757
[Epoch 29 complete] mean loss / pixel: 9.061, accuracy 72.685%, dt 2019-03-30 21:30:20.861496
[30,     2] loss / pixel: 8.84471
[30,     4] loss / pixel: 9.09757
[30,     6] loss / pixel: 9.24494
[30,     8] loss / pixel: 9.05081
[30,    10] loss / pixel: 9.03216
[Epoch 30 complete] mean loss / pixel: 9.048, accuracy 72.892%, dt 2019-03-30 21:30:52.618766
[31,     2] loss / pixel: 9.47389
[31,     4] loss / pixel: 9.11758
[31,     6] loss / pixel: 9.12820
[31,     8] loss / pixel: 8.92131
[31,    10] loss / pixel: 8.68200
[Epoch 31 complete] mean loss / pixel: 9.031, accuracy 72.868%, dt 2019-03-30 21:31:24.282692
[32,     2] loss / pixel: 8.76083
[32,     4] loss / pixel: 8.86151
[32,     6] loss / pixel: 8.96628
[32,     8] loss / pixel: 9.39950
[32,    10] loss / pixel: 9.29017
[Epoch 32 complete] mean loss / pixel: 9.024, accuracy 72.909%, dt 2019-03-30 21:31:55.972002
[33,     2] loss / pixel: 9.21744
[33,     4] loss / pixel: 8.90367
[33,     6] loss / pixel: 8.92068
[33,     8] loss / pixel: 9.10160
[33,    10] loss / pixel: 8.76683
[Epoch 33 complete] mean loss / pixel: 9.009, accuracy 72.960%, dt 2019-03-30 21:32:27.901916
[34,     2] loss / pixel: 9.05511
[34,     4] loss / pixel: 9.23620
[34,     6] loss / pixel: 9.19638
[34,     8] loss / pixel: 8.51206
[34,    10] loss / pixel: 9.09191
[Epoch 34 complete] mean loss / pixel: 9.009, accuracy 73.005%, dt 2019-03-30 21:32:57.882196
[35,     2] loss / pixel: 9.45238
[35,     4] loss / pixel: 8.81755
[35,     6] loss / pixel: 8.92211
[35,     8] loss / pixel: 9.02348
[35,    10] loss / pixel: 8.57148
[Epoch 35 complete] mean loss / pixel: 8.989, accuracy 73.042%, dt 2019-03-30 21:33:29.992965
[36,     2] loss / pixel: 9.16750
[36,     4] loss / pixel: 8.92280
[36,     6] loss / pixel: 8.74202
[36,     8] loss / pixel: 9.04554
[36,    10] loss / pixel: 8.76042
[Epoch 36 complete] mean loss / pixel: 8.966, accuracy 73.193%, dt 2019-03-30 21:34:03.133363
UPDATING LR 2.5e-05
[37,     2] loss / pixel: 8.95720
[37,     4] loss / pixel: 9.19788
[37,     6] loss / pixel: 8.50155
[37,     8] loss / pixel: 8.88877
[37,    10] loss / pixel: 9.27366
[Epoch 37 complete] mean loss / pixel: 8.957, accuracy 73.262%, dt 2019-03-30 21:34:36.155448
[38,     2] loss / pixel: 8.86659
[38,     4] loss / pixel: 8.72209
[38,     6] loss / pixel: 8.97181
[38,     8] loss / pixel: 8.86526
[38,    10] loss / pixel: 9.23742
[Epoch 38 complete] mean loss / pixel: 8.943, accuracy 73.304%, dt 2019-03-30 21:35:08.696595
[39,     2] loss / pixel: 8.85841
[39,     4] loss / pixel: 9.03377
[39,     6] loss / pixel: 8.96792
[39,     8] loss / pixel: 8.76917
[39,    10] loss / pixel: 8.81061
[Epoch 39 complete] mean loss / pixel: 8.928, accuracy 73.416%, dt 2019-03-30 21:35:40.135357
[40,     2] loss / pixel: 8.82112
[40,     4] loss / pixel: 8.99210
[40,     6] loss / pixel: 9.14441
[40,     8] loss / pixel: 8.84140
[40,    10] loss / pixel: 9.03193
[Epoch 40 complete] mean loss / pixel: 8.920, accuracy 73.447%, dt 2019-03-30 21:36:11.277868
[41,     2] loss / pixel: 8.92910
[41,     4] loss / pixel: 8.65537
[41,     6] loss / pixel: 8.93573
[41,     8] loss / pixel: 8.97615
[41,    10] loss / pixel: 9.14013
[Epoch 41 complete] mean loss / pixel: 8.915, accuracy 73.472%, dt 2019-03-30 21:36:41.890818
[42,     2] loss / pixel: 8.48969
[42,     4] loss / pixel: 8.78592
[42,     6] loss / pixel: 8.82670
[42,     8] loss / pixel: 8.91707
[42,    10] loss / pixel: 9.32120
[Epoch 42 complete] mean loss / pixel: 8.913, accuracy 73.386%, dt 2019-03-30 21:37:14.061024
[43,     2] loss / pixel: 9.04256
[43,     4] loss / pixel: 8.73259
[43,     6] loss / pixel: 9.08637
[43,     8] loss / pixel: 8.75591
[43,    10] loss / pixel: 8.83610
[Epoch 43 complete] mean loss / pixel: 8.903, accuracy 73.509%, dt 2019-03-30 21:37:45.263619
[44,     2] loss / pixel: 8.83978
[44,     4] loss / pixel: 8.81817
[44,     6] loss / pixel: 9.03768
[44,     8] loss / pixel: 8.93607
[44,    10] loss / pixel: 8.86899
[Epoch 44 complete] mean loss / pixel: 8.897, accuracy 73.546%, dt 2019-03-30 21:38:16.396463
[45,     2] loss / pixel: 9.07206
[45,     4] loss / pixel: 9.08994
[45,     6] loss / pixel: 8.97939
[45,     8] loss / pixel: 8.63091
[45,    10] loss / pixel: 8.88741
[Epoch 45 complete] mean loss / pixel: 8.892, accuracy 73.577%, dt 2019-03-30 21:38:48.383048
[46,     2] loss / pixel: 8.96228
[46,     4] loss / pixel: 8.63592
[46,     6] loss / pixel: 8.96027
[46,     8] loss / pixel: 8.74776
[46,    10] loss / pixel: 9.17902
[Epoch 46 complete] mean loss / pixel: 8.884, accuracy 73.579%, dt 2019-03-30 21:39:19.566304
[47,     2] loss / pixel: 8.65196
[47,     4] loss / pixel: 8.74243
[47,     6] loss / pixel: 8.94559
[47,     8] loss / pixel: 8.71709
[47,    10] loss / pixel: 9.19953
[Epoch 47 complete] mean loss / pixel: 8.878, accuracy 73.509%, dt 2019-03-30 21:39:51.121034
[48,     2] loss / pixel: 8.82983
[48,     4] loss / pixel: 8.91132
[48,     6] loss / pixel: 8.94742
[48,     8] loss / pixel: 8.99422
[48,    10] loss / pixel: 8.75977
[Epoch 48 complete] mean loss / pixel: 8.867, accuracy 73.689%, dt 2019-03-30 21:40:22.170102
[49,     2] loss / pixel: 8.86617
[49,     4] loss / pixel: 8.78777
[49,     6] loss / pixel: 8.95895
[49,     8] loss / pixel: 9.00612
[49,    10] loss / pixel: 8.88685
[Epoch 49 complete] mean loss / pixel: 8.864, accuracy 73.716%, dt 2019-03-30 21:40:53.002679
[50,     2] loss / pixel: 8.91146
[50,     4] loss / pixel: 8.85122
[50,     6] loss / pixel: 8.71094
[50,     8] loss / pixel: 8.77312
[50,    10] loss / pixel: 9.23806
[Epoch 50 complete] mean loss / pixel: 8.853, accuracy 73.742%, dt 2019-03-30 21:41:24.734363
[51,     2] loss / pixel: 9.02771
[51,     4] loss / pixel: 8.64136
[51,     6] loss / pixel: 8.94163
[51,     8] loss / pixel: 8.92068
[51,    10] loss / pixel: 8.43181
[Epoch 51 complete] mean loss / pixel: 8.847, accuracy 73.794%, dt 2019-03-30 21:41:56.062127
[52,     2] loss / pixel: 8.82048
[52,     4] loss / pixel: 8.88906
[52,     6] loss / pixel: 8.84258
[52,     8] loss / pixel: 8.88278
[52,    10] loss / pixel: 8.72365
[Epoch 52 complete] mean loss / pixel: 8.840, accuracy 73.802%, dt 2019-03-30 21:42:27.667934
[53,     2] loss / pixel: 8.89606
[53,     4] loss / pixel: 9.00245
[53,     6] loss / pixel: 8.61470
[53,     8] loss / pixel: 9.03808
[53,    10] loss / pixel: 8.66605
[Epoch 53 complete] mean loss / pixel: 8.835, accuracy 73.795%, dt 2019-03-30 21:42:58.977095
[54,     2] loss / pixel: 8.72220
[54,     4] loss / pixel: 9.36923
[54,     6] loss / pixel: 8.49570
[54,     8] loss / pixel: 9.02701
[54,    10] loss / pixel: 8.43575
[Epoch 54 complete] mean loss / pixel: 8.836, accuracy 73.792%, dt 2019-03-30 21:43:31.491247
[55,     2] loss / pixel: 8.85415
[55,     4] loss / pixel: 8.67817
[55,     6] loss / pixel: 8.89312
[55,     8] loss / pixel: 8.53995
[55,    10] loss / pixel: 9.02058
[Epoch 55 complete] mean loss / pixel: 8.827, accuracy 73.806%, dt 2019-03-30 21:44:02.946741
[56,     2] loss / pixel: 8.79141
[56,     4] loss / pixel: 8.96048
[56,     6] loss / pixel: 8.72738
[56,     8] loss / pixel: 8.79108
[56,    10] loss / pixel: 8.53183
[Epoch 56 complete] mean loss / pixel: 8.820, accuracy 73.869%, dt 2019-03-30 21:44:34.582014
[57,     2] loss / pixel: 8.65696
[57,     4] loss / pixel: 8.83050
[57,     6] loss / pixel: 8.84869
[57,     8] loss / pixel: 8.58307
[57,    10] loss / pixel: 9.16463
[Epoch 57 complete] mean loss / pixel: 8.810, accuracy 73.902%, dt 2019-03-30 21:45:05.996887
[58,     2] loss / pixel: 8.84298
[58,     4] loss / pixel: 8.97337
[58,     6] loss / pixel: 8.73992
[58,     8] loss / pixel: 8.96553
[58,    10] loss / pixel: 8.66052
[Epoch 58 complete] mean loss / pixel: 8.801, accuracy 73.943%, dt 2019-03-30 21:45:37.634828
[59,     2] loss / pixel: 8.80217
[59,     4] loss / pixel: 8.83259
[59,     6] loss / pixel: 8.62227
[59,     8] loss / pixel: 8.95039
[59,    10] loss / pixel: 8.85809
[Epoch 59 complete] mean loss / pixel: 8.798, accuracy 73.964%, dt 2019-03-30 21:46:09.761745
[60,     2] loss / pixel: 9.03558
[60,     4] loss / pixel: 9.04329
[60,     6] loss / pixel: 8.66977
[60,     8] loss / pixel: 8.33912
[60,    10] loss / pixel: 9.03783
[Epoch 60 complete] mean loss / pixel: 8.792, accuracy 73.994%, dt 2019-03-30 21:46:41.061106
[61,     2] loss / pixel: 8.85995
[61,     4] loss / pixel: 9.00023
[61,     6] loss / pixel: 8.77558
[61,     8] loss / pixel: 8.89638
[61,    10] loss / pixel: 8.23721
[Epoch 61 complete] mean loss / pixel: 8.784, accuracy 74.025%, dt 2019-03-30 21:47:13.981901
[62,     2] loss / pixel: 8.71296
[62,     4] loss / pixel: 8.66592
[62,     6] loss / pixel: 8.94240
[62,     8] loss / pixel: 8.88508
[62,    10] loss / pixel: 8.76263
[Epoch 62 complete] mean loss / pixel: 8.779, accuracy 74.030%, dt 2019-03-30 21:47:45.173001
[63,     2] loss / pixel: 8.70238
[63,     4] loss / pixel: 9.00328
[63,     6] loss / pixel: 9.09398
[63,     8] loss / pixel: 8.37569
[63,    10] loss / pixel: 8.65178
[Epoch 63 complete] mean loss / pixel: 8.775, accuracy 74.035%, dt 2019-03-30 21:48:17.161710
[64,     2] loss / pixel: 8.64436
[64,     4] loss / pixel: 8.53765
[64,     6] loss / pixel: 9.11648
[64,     8] loss / pixel: 8.57353
[64,    10] loss / pixel: 9.19480
[Epoch 64 complete] mean loss / pixel: 8.768, accuracy 74.064%, dt 2019-03-30 21:48:48.909094
[65,     2] loss / pixel: 8.50102
[65,     4] loss / pixel: 8.67794
[65,     6] loss / pixel: 8.89237
[65,     8] loss / pixel: 8.81512
[65,    10] loss / pixel: 8.83075
[Epoch 65 complete] mean loss / pixel: 8.760, accuracy 74.073%, dt 2019-03-30 21:49:20.334685
[66,     2] loss / pixel: 9.06261
[66,     4] loss / pixel: 8.59487
[66,     6] loss / pixel: 8.61486
[66,     8] loss / pixel: 8.84117
[66,    10] loss / pixel: 9.18562
[Epoch 66 complete] mean loss / pixel: 8.762, accuracy 74.072%, dt 2019-03-30 21:49:52.564778
[67,     2] loss / pixel: 8.72881
[67,     4] loss / pixel: 8.68652
[67,     6] loss / pixel: 8.35284
[67,     8] loss / pixel: 8.88488
[67,    10] loss / pixel: 8.86798
[Epoch 67 complete] mean loss / pixel: 8.756, accuracy 74.012%, dt 2019-03-30 21:50:23.747985
[68,     2] loss / pixel: 8.74386
[68,     4] loss / pixel: 9.33278
[68,     6] loss / pixel: 8.65158
[68,     8] loss / pixel: 8.56910
[68,    10] loss / pixel: 8.47365
[Epoch 68 complete] mean loss / pixel: 8.748, accuracy 74.071%, dt 2019-03-30 21:50:55.306856
[69,     2] loss / pixel: 8.78220
[69,     4] loss / pixel: 8.99082
[69,     6] loss / pixel: 8.79123
[69,     8] loss / pixel: 8.92379
[69,    10] loss / pixel: 8.57627
[Epoch 69 complete] mean loss / pixel: 8.745, accuracy 74.111%, dt 2019-03-30 21:51:26.633511
[70,     2] loss / pixel: 9.22452
[70,     4] loss / pixel: 8.54355
[70,     6] loss / pixel: 8.84318
[70,     8] loss / pixel: 8.36249
[70,    10] loss / pixel: 8.81782
[Epoch 70 complete] mean loss / pixel: 8.738, accuracy 74.149%, dt 2019-03-30 21:51:57.602002
[71,     2] loss / pixel: 8.90488
[71,     4] loss / pixel: 8.79351
[71,     6] loss / pixel: 8.32853
[71,     8] loss / pixel: 8.99290
[71,    10] loss / pixel: 8.78073
[Epoch 71 complete] mean loss / pixel: 8.735, accuracy 74.109%, dt 2019-03-30 21:52:29.155056
[72,     2] loss / pixel: 9.13847
[72,     4] loss / pixel: 8.57019
[72,     6] loss / pixel: 8.35427
[72,     8] loss / pixel: 8.56468
[72,    10] loss / pixel: 8.96711
[Epoch 72 complete] mean loss / pixel: 8.726, accuracy 74.166%, dt 2019-03-30 21:53:01.253639
[73,     2] loss / pixel: 8.89724
[73,     4] loss / pixel: 8.48039
[73,     6] loss / pixel: 8.68963
[73,     8] loss / pixel: 8.45056
[73,    10] loss / pixel: 8.90484
[Epoch 73 complete] mean loss / pixel: 8.724, accuracy 74.207%, dt 2019-03-30 21:53:33.075965
[74,     2] loss / pixel: 8.45300
[74,     4] loss / pixel: 9.00865
[74,     6] loss / pixel: 8.97313
[74,     8] loss / pixel: 8.23141
[74,    10] loss / pixel: 8.81979
[Epoch 74 complete] mean loss / pixel: 8.716, accuracy 74.208%, dt 2019-03-30 21:54:03.958344
[75,     2] loss / pixel: 8.87711
[75,     4] loss / pixel: 8.67107
[75,     6] loss / pixel: 8.72736
[75,     8] loss / pixel: 8.76565
[75,    10] loss / pixel: 8.57028
[Epoch 75 complete] mean loss / pixel: 8.709, accuracy 74.221%, dt 2019-03-30 21:54:35.607222
[76,     2] loss / pixel: 8.73772
[76,     4] loss / pixel: 8.51497
[76,     6] loss / pixel: 8.35579
[76,     8] loss / pixel: 8.69111
[76,    10] loss / pixel: 8.88822
[Epoch 76 complete] mean loss / pixel: 8.704, accuracy 74.237%, dt 2019-03-30 21:55:07.480707
[77,     2] loss / pixel: 8.64053
[77,     4] loss / pixel: 8.88404
[77,     6] loss / pixel: 8.80209
[77,     8] loss / pixel: 8.70434
[77,    10] loss / pixel: 8.38570
[Epoch 77 complete] mean loss / pixel: 8.699, accuracy 74.265%, dt 2019-03-30 21:55:38.973378
[78,     2] loss / pixel: 8.67520
[78,     4] loss / pixel: 8.64029
[78,     6] loss / pixel: 8.61027
[78,     8] loss / pixel: 8.77501
[78,    10] loss / pixel: 8.91011
[Epoch 78 complete] mean loss / pixel: 8.692, accuracy 74.290%, dt 2019-03-30 21:56:10.132105
[79,     2] loss / pixel: 8.38314
[79,     4] loss / pixel: 8.61005
[79,     6] loss / pixel: 8.80117
[79,     8] loss / pixel: 8.91676
[79,    10] loss / pixel: 8.97068
[Epoch 79 complete] mean loss / pixel: 8.690, accuracy 74.269%, dt 2019-03-30 21:56:44.299019
[80,     2] loss / pixel: 8.77403
[80,     4] loss / pixel: 8.63485
[80,     6] loss / pixel: 7.95077
[80,     8] loss / pixel: 9.14676
[80,    10] loss / pixel: 8.96029
[Epoch 80 complete] mean loss / pixel: 8.685, accuracy 74.297%, dt 2019-03-30 21:57:16.530746
[81,     2] loss / pixel: 8.56801
[81,     4] loss / pixel: 8.70379
[81,     6] loss / pixel: 8.61432
[81,     8] loss / pixel: 8.49693
[81,    10] loss / pixel: 9.08811
[Epoch 81 complete] mean loss / pixel: 8.681, accuracy 74.306%, dt 2019-03-30 21:57:47.343534
[82,     2] loss / pixel: 8.74170
[82,     4] loss / pixel: 8.91713
[82,     6] loss / pixel: 8.63293
[82,     8] loss / pixel: 8.40765
[82,    10] loss / pixel: 8.74114
[Epoch 82 complete] mean loss / pixel: 8.675, accuracy 74.335%, dt 2019-03-30 21:58:18.246882
[83,     2] loss / pixel: 8.42563
[83,     4] loss / pixel: 8.61346
[83,     6] loss / pixel: 8.72459
[83,     8] loss / pixel: 8.97133
[83,    10] loss / pixel: 8.71808
[Epoch 83 complete] mean loss / pixel: 8.668, accuracy 74.350%, dt 2019-03-30 21:58:49.610834
[84,     2] loss / pixel: 8.53081
[84,     4] loss / pixel: 8.75986
[84,     6] loss / pixel: 8.81457
[84,     8] loss / pixel: 8.76524
[84,    10] loss / pixel: 8.44837
[Epoch 84 complete] mean loss / pixel: 8.664, accuracy 74.346%, dt 2019-03-30 21:59:21.927216
[85,     2] loss / pixel: 8.90024
[85,     4] loss / pixel: 8.44021
[85,     6] loss / pixel: 8.58104
[85,     8] loss / pixel: 8.84049
[85,    10] loss / pixel: 8.69346
[Epoch 85 complete] mean loss / pixel: 8.662, accuracy 74.353%, dt 2019-03-30 22:00:19.277019
[86,     2] loss / pixel: 8.63599
[86,     4] loss / pixel: 8.59761
[86,     6] loss / pixel: 9.07467
[86,     8] loss / pixel: 8.73888
[86,    10] loss / pixel: 8.30386
[Epoch 86 complete] mean loss / pixel: 8.658, accuracy 74.340%, dt 2019-03-30 22:00:50.640767
[87,     2] loss / pixel: 8.40288
[87,     4] loss / pixel: 8.86479
[87,     6] loss / pixel: 8.74638
[87,     8] loss / pixel: 8.78910
[87,    10] loss / pixel: 8.44579
[Epoch 87 complete] mean loss / pixel: 8.647, accuracy 74.369%, dt 2019-03-30 22:01:21.833366
[88,     2] loss / pixel: 8.60632
[88,     4] loss / pixel: 8.94689
[88,     6] loss / pixel: 8.79361
[88,     8] loss / pixel: 8.21374
[88,    10] loss / pixel: 8.52322
[Epoch 88 complete] mean loss / pixel: 8.649, accuracy 74.397%, dt 2019-03-30 22:01:53.217059
[89,     2] loss / pixel: 8.57806
[89,     4] loss / pixel: 8.65001
[89,     6] loss / pixel: 8.86080
[89,     8] loss / pixel: 8.55684
[89,    10] loss / pixel: 8.69770
[Epoch 89 complete] mean loss / pixel: 8.645, accuracy 74.369%, dt 2019-03-30 22:02:25.083148
[90,     2] loss / pixel: 8.83120
[90,     4] loss / pixel: 8.81131
[90,     6] loss / pixel: 8.73977
[90,     8] loss / pixel: 8.55947
[90,    10] loss / pixel: 8.53574
[Epoch 90 complete] mean loss / pixel: 8.637, accuracy 74.418%, dt 2019-03-30 22:02:57.099056
UPDATING LR 1.25e-05
[91,     2] loss / pixel: 8.86427
[91,     4] loss / pixel: 8.16470
[91,     6] loss / pixel: 8.87612
[91,     8] loss / pixel: 8.63724
[91,    10] loss / pixel: 8.44845
[Epoch 91 complete] mean loss / pixel: 8.632, accuracy 74.461%, dt 2019-03-30 22:03:28.945708
[92,     2] loss / pixel: 8.41674
[92,     4] loss / pixel: 8.65267
[92,     6] loss / pixel: 8.56748
[92,     8] loss / pixel: 8.60606
[92,    10] loss / pixel: 8.88677
[Epoch 92 complete] mean loss / pixel: 8.624, accuracy 74.455%, dt 2019-03-30 22:04:00.741311
[93,     2] loss / pixel: 9.07019
[93,     4] loss / pixel: 8.24298
[93,     6] loss / pixel: 8.62089
[93,     8] loss / pixel: 8.49395
[93,    10] loss / pixel: 8.68867
[Epoch 93 complete] mean loss / pixel: 8.623, accuracy 74.508%, dt 2019-03-30 22:04:32.091911
[94,     2] loss / pixel: 8.75841
[94,     4] loss / pixel: 8.55925
[94,     6] loss / pixel: 8.35293
[94,     8] loss / pixel: 8.83490
[94,    10] loss / pixel: 8.42514
[Epoch 94 complete] mean loss / pixel: 8.619, accuracy 74.496%, dt 2019-03-30 22:05:02.286132
[95,     2] loss / pixel: 8.29354
[95,     4] loss / pixel: 8.91010
[95,     6] loss / pixel: 8.68268
[95,     8] loss / pixel: 8.63701
[95,    10] loss / pixel: 8.41702
[Epoch 95 complete] mean loss / pixel: 8.615, accuracy 74.520%, dt 2019-03-30 22:05:33.855651
[96,     2] loss / pixel: 8.49522
[96,     4] loss / pixel: 8.92705
[96,     6] loss / pixel: 8.83448
[96,     8] loss / pixel: 8.36108
[96,    10] loss / pixel: 8.41223
[Epoch 96 complete] mean loss / pixel: 8.616, accuracy 74.547%, dt 2019-03-30 22:06:04.827652
[97,     2] loss / pixel: 8.54800
[97,     4] loss / pixel: 8.88045
[97,     6] loss / pixel: 8.53618
[97,     8] loss / pixel: 9.11921
[97,    10] loss / pixel: 8.30608
[Epoch 97 complete] mean loss / pixel: 8.610, accuracy 74.542%, dt 2019-03-30 22:06:37.793309
[98,     2] loss / pixel: 8.42191
[98,     4] loss / pixel: 8.95940
[98,     6] loss / pixel: 8.56563
[98,     8] loss / pixel: 8.88632
[98,    10] loss / pixel: 8.26596
[Epoch 98 complete] mean loss / pixel: 8.609, accuracy 74.528%, dt 2019-03-30 22:07:09.245849
[99,     2] loss / pixel: 8.55301
[99,     4] loss / pixel: 8.48550
[99,     6] loss / pixel: 8.50817
[99,     8] loss / pixel: 8.89675
[99,    10] loss / pixel: 8.64149
[Epoch 99 complete] mean loss / pixel: 8.604, accuracy 74.553%, dt 2019-03-30 22:07:40.437275
[100,     2] loss / pixel: 8.96058
[100,     4] loss / pixel: 8.39007
[100,     6] loss / pixel: 8.78424
[100,     8] loss / pixel: 8.12394
[100,    10] loss / pixel: 8.73484
[Epoch 100 complete] mean loss / pixel: 8.604, accuracy 74.549%, dt 2019-03-30 22:08:11.414185
[101,     2] loss / pixel: 8.59906
[101,     4] loss / pixel: 8.59309
[101,     6] loss / pixel: 8.44651
[101,     8] loss / pixel: 8.58579
[101,    10] loss / pixel: 8.85557
[Epoch 101 complete] mean loss / pixel: 8.601, accuracy 74.551%, dt 2019-03-30 22:08:43.488089
[102,     2] loss / pixel: 8.59910
[102,     4] loss / pixel: 8.44773
[102,     6] loss / pixel: 8.59346
[102,     8] loss / pixel: 8.52613
[102,    10] loss / pixel: 8.76526
[Epoch 102 complete] mean loss / pixel: 8.601, accuracy 74.555%, dt 2019-03-30 22:09:14.963338
[103,     2] loss / pixel: 8.36194
[103,     4] loss / pixel: 8.82645
[103,     6] loss / pixel: 8.21454
[103,     8] loss / pixel: 8.79340
[103,    10] loss / pixel: 8.73466
[Epoch 103 complete] mean loss / pixel: 8.597, accuracy 74.569%, dt 2019-03-30 22:09:45.979282
[104,     2] loss / pixel: 8.38283
[104,     4] loss / pixel: 8.61033
[104,     6] loss / pixel: 8.52442
[104,     8] loss / pixel: 8.78868
[104,    10] loss / pixel: 8.69489
[Epoch 104 complete] mean loss / pixel: 8.593, accuracy 74.572%, dt 2019-03-30 22:10:17.524011
[105,     2] loss / pixel: 8.69056
[105,     4] loss / pixel: 8.50119
[105,     6] loss / pixel: 8.84242
[105,     8] loss / pixel: 8.37756
[105,    10] loss / pixel: 8.71779
[Epoch 105 complete] mean loss / pixel: 8.594, accuracy 74.576%, dt 2019-03-30 22:10:48.275157
[106,     2] loss / pixel: 8.65724
[106,     4] loss / pixel: 8.31313
[106,     6] loss / pixel: 8.93251
[106,     8] loss / pixel: 8.47392
[106,    10] loss / pixel: 8.59329
[Epoch 106 complete] mean loss / pixel: 8.595, accuracy 74.558%, dt 2019-03-30 22:11:20.319015
[107,     2] loss / pixel: 8.56662
[107,     4] loss / pixel: 8.50869
[107,     6] loss / pixel: 8.57846
[107,     8] loss / pixel: 8.88090
[107,    10] loss / pixel: 8.56814
[Epoch 107 complete] mean loss / pixel: 8.592, accuracy 74.584%, dt 2019-03-30 22:11:52.385530
[108,     2] loss / pixel: 8.27989
[108,     4] loss / pixel: 9.12014
[108,     6] loss / pixel: 8.14809
[108,     8] loss / pixel: 8.65103
[108,    10] loss / pixel: 8.78881
[Epoch 108 complete] mean loss / pixel: 8.589, accuracy 74.583%, dt 2019-03-30 22:12:23.489811
[109,     2] loss / pixel: 8.45299
[109,     4] loss / pixel: 8.51530
[109,     6] loss / pixel: 8.86968
[109,     8] loss / pixel: 8.76436
[109,    10] loss / pixel: 8.61708
[Epoch 109 complete] mean loss / pixel: 8.584, accuracy 74.574%, dt 2019-03-30 22:12:55.010594
[110,     2] loss / pixel: 8.73835
[110,     4] loss / pixel: 8.47804
[110,     6] loss / pixel: 8.33003
[110,     8] loss / pixel: 9.06612
[110,    10] loss / pixel: 8.22169
[Epoch 110 complete] mean loss / pixel: 8.586, accuracy 74.598%, dt 2019-03-30 22:13:26.149700
[111,     2] loss / pixel: 8.85849
[111,     4] loss / pixel: 8.34247
[111,     6] loss / pixel: 8.74941
[111,     8] loss / pixel: 8.67643
[111,    10] loss / pixel: 8.58380
[Epoch 111 complete] mean loss / pixel: 8.580, accuracy 74.609%, dt 2019-03-30 22:13:57.263368
[112,     2] loss / pixel: 8.87636
[112,     4] loss / pixel: 8.33884
[112,     6] loss / pixel: 8.85414
[112,     8] loss / pixel: 8.57772
[112,    10] loss / pixel: 8.22034
[Epoch 112 complete] mean loss / pixel: 8.579, accuracy 74.592%, dt 2019-03-30 22:14:28.788642
[113,     2] loss / pixel: 8.98234
[113,     4] loss / pixel: 8.39865
[113,     6] loss / pixel: 8.88485
[113,     8] loss / pixel: 8.37410
[113,    10] loss / pixel: 8.44913
[Epoch 113 complete] mean loss / pixel: 8.575, accuracy 74.596%, dt 2019-03-30 22:14:59.514585
[114,     2] loss / pixel: 8.31393
[114,     4] loss / pixel: 8.92726
[114,     6] loss / pixel: 8.41921
[114,     8] loss / pixel: 8.60951
[114,    10] loss / pixel: 8.62529
[Epoch 114 complete] mean loss / pixel: 8.576, accuracy 74.585%, dt 2019-03-30 22:15:30.901671
[115,     2] loss / pixel: 8.42924
[115,     4] loss / pixel: 8.68543
[115,     6] loss / pixel: 8.49608
[115,     8] loss / pixel: 8.55525
[115,    10] loss / pixel: 8.37496
[Epoch 115 complete] mean loss / pixel: 8.573, accuracy 74.613%, dt 2019-03-30 22:16:01.811642
[116,     2] loss / pixel: 8.73140
[116,     4] loss / pixel: 8.51533
[116,     6] loss / pixel: 8.29360
[116,     8] loss / pixel: 8.59134
[116,    10] loss / pixel: 8.78531
[Epoch 116 complete] mean loss / pixel: 8.574, accuracy 74.590%, dt 2019-03-30 22:16:33.335337
[117,     2] loss / pixel: 8.53192
[117,     4] loss / pixel: 8.75563
[117,     6] loss / pixel: 8.22429
[117,     8] loss / pixel: 8.57523
[117,    10] loss / pixel: 8.83392
[Epoch 117 complete] mean loss / pixel: 8.568, accuracy 74.604%, dt 2019-03-30 22:17:04.788138
[118,     2] loss / pixel: 8.58171
[118,     4] loss / pixel: 8.63248
[118,     6] loss / pixel: 8.49486
[118,     8] loss / pixel: 8.53560
[118,    10] loss / pixel: 8.62302
[Epoch 118 complete] mean loss / pixel: 8.563, accuracy 74.628%, dt 2019-03-30 22:17:36.270037
[119,     2] loss / pixel: 8.71626
[119,     4] loss / pixel: 8.37774
[119,     6] loss / pixel: 8.63809
[119,     8] loss / pixel: 8.68828
[119,    10] loss / pixel: 8.46961
[Epoch 119 complete] mean loss / pixel: 8.563, accuracy 74.624%, dt 2019-03-30 22:18:06.742089
[120,     2] loss / pixel: 8.74451
[120,     4] loss / pixel: 8.55942
[120,     6] loss / pixel: 8.46428
[120,     8] loss / pixel: 8.34753
[120,    10] loss / pixel: 8.72041
[Epoch 120 complete] mean loss / pixel: 8.557, accuracy 74.616%, dt 2019-03-30 22:18:37.964964
[121,     2] loss / pixel: 8.50077
[121,     4] loss / pixel: 8.61520
[121,     6] loss / pixel: 8.52199
[121,     8] loss / pixel: 8.75892
[121,    10] loss / pixel: 8.41455
[Epoch 121 complete] mean loss / pixel: 8.557, accuracy 74.633%, dt 2019-03-30 22:19:08.980696
[122,     2] loss / pixel: 8.90981
[122,     4] loss / pixel: 8.48997
[122,     6] loss / pixel: 8.25074
[122,     8] loss / pixel: 8.71374
[122,    10] loss / pixel: 8.36398
[Epoch 122 complete] mean loss / pixel: 8.556, accuracy 74.634%, dt 2019-03-30 22:19:41.412392
[123,     2] loss / pixel: 8.81923
[123,     4] loss / pixel: 8.75576
[123,     6] loss / pixel: 8.31100
[123,     8] loss / pixel: 8.39647
[123,    10] loss / pixel: 8.82126
[Epoch 123 complete] mean loss / pixel: 8.554, accuracy 74.641%, dt 2019-03-30 22:20:13.218753
[124,     2] loss / pixel: 8.58211
[124,     4] loss / pixel: 8.23643
[124,     6] loss / pixel: 8.98135
[124,     8] loss / pixel: 8.74793
[124,    10] loss / pixel: 8.27030
[Epoch 124 complete] mean loss / pixel: 8.551, accuracy 74.628%, dt 2019-03-30 22:20:44.659965
[125,     2] loss / pixel: 8.34608
[125,     4] loss / pixel: 8.19802
[125,     6] loss / pixel: 8.69097
[125,     8] loss / pixel: 8.60397
[125,    10] loss / pixel: 8.83402
[Epoch 125 complete] mean loss / pixel: 8.549, accuracy 74.633%, dt 2019-03-30 22:21:15.716708
[126,     2] loss / pixel: 8.73860
[126,     4] loss / pixel: 8.57644
[126,     6] loss / pixel: 8.91791
[126,     8] loss / pixel: 8.20408
[126,    10] loss / pixel: 8.33937
[Epoch 126 complete] mean loss / pixel: 8.548, accuracy 74.614%, dt 2019-03-30 22:21:48.264280
UPDATING LR 1.5625e-06
[127,     2] loss / pixel: 8.73230
[127,     4] loss / pixel: 7.85881
[127,     6] loss / pixel: 8.54164
[127,     8] loss / pixel: 8.81186
[127,    10] loss / pixel: 8.71855
[Epoch 127 complete] mean loss / pixel: 8.547, accuracy 74.655%, dt 2019-03-30 22:22:18.777523
[128,     2] loss / pixel: 8.83612
[128,     4] loss / pixel: 8.72545
[128,     6] loss / pixel: 8.72200
[128,     8] loss / pixel: 8.05379
[128,    10] loss / pixel: 8.56591
[Epoch 128 complete] mean loss / pixel: 8.545, accuracy 74.657%, dt 2019-03-30 22:22:50.036097
[129,     2] loss / pixel: 8.68829
[129,     4] loss / pixel: 8.62224
[129,     6] loss / pixel: 8.14109
[129,     8] loss / pixel: 8.68600
[129,    10] loss / pixel: 8.24053
[Epoch 129 complete] mean loss / pixel: 8.546, accuracy 74.677%, dt 2019-03-30 22:23:20.399405
[130,     2] loss / pixel: 8.78714
[130,     4] loss / pixel: 8.46153
[130,     6] loss / pixel: 8.42026
[130,     8] loss / pixel: 8.60791
[130,    10] loss / pixel: 8.45598
[Epoch 130 complete] mean loss / pixel: 8.543, accuracy 74.680%, dt 2019-03-30 22:23:52.095037
[131,     2] loss / pixel: 8.49938
[131,     4] loss / pixel: 8.31863
[131,     6] loss / pixel: 8.33912
[131,     8] loss / pixel: 8.85116
[131,    10] loss / pixel: 8.77422
[Epoch 131 complete] mean loss / pixel: 8.544, accuracy 74.673%, dt 2019-03-30 22:24:23.088711
[132,     2] loss / pixel: 8.82155
[132,     4] loss / pixel: 8.61572
[132,     6] loss / pixel: 8.71862
[132,     8] loss / pixel: 8.47304
[132,    10] loss / pixel: 8.35767
[Epoch 132 complete] mean loss / pixel: 8.538, accuracy 74.678%, dt 2019-03-30 22:24:54.629608
[133,     2] loss / pixel: 8.37059
[133,     4] loss / pixel: 8.58219
[133,     6] loss / pixel: 8.31488
[133,     8] loss / pixel: 8.59192
[133,    10] loss / pixel: 8.72096
[Epoch 133 complete] mean loss / pixel: 8.538, accuracy 74.680%, dt 2019-03-30 22:25:25.991981
[134,     2] loss / pixel: 8.64704
[134,     4] loss / pixel: 8.53895
[134,     6] loss / pixel: 8.90032
[134,     8] loss / pixel: 8.12332
[134,    10] loss / pixel: 8.46010
[Epoch 134 complete] mean loss / pixel: 8.542, accuracy 74.682%, dt 2019-03-30 22:25:57.059099
[135,     2] loss / pixel: 8.62845
[135,     4] loss / pixel: 8.55602
[135,     6] loss / pixel: 8.65156
[135,     8] loss / pixel: 8.44261
[135,    10] loss / pixel: 8.39572
[Epoch 135 complete] mean loss / pixel: 8.539, accuracy 74.678%, dt 2019-03-30 22:26:28.177395
[136,     2] loss / pixel: 8.48288
[136,     4] loss / pixel: 8.59139
[136,     6] loss / pixel: 8.27435
[136,     8] loss / pixel: 8.44456
[136,    10] loss / pixel: 8.95769
[Epoch 136 complete] mean loss / pixel: 8.539, accuracy 74.689%, dt 2019-03-30 22:26:59.272933
[137,     2] loss / pixel: 8.51604
[137,     4] loss / pixel: 8.53271
[137,     6] loss / pixel: 8.45340
[137,     8] loss / pixel: 8.38797
[137,    10] loss / pixel: 8.58895
[Epoch 137 complete] mean loss / pixel: 8.539, accuracy 74.684%, dt 2019-03-30 22:27:30.957107
[138,     2] loss / pixel: 8.68240
[138,     4] loss / pixel: 8.72949
[138,     6] loss / pixel: 8.38451
[138,     8] loss / pixel: 8.37347
[138,    10] loss / pixel: 8.48971
[Epoch 138 complete] mean loss / pixel: 8.540, accuracy 74.690%, dt 2019-03-30 22:28:02.266004
[139,     2] loss / pixel: 8.13725
[139,     4] loss / pixel: 8.45789
[139,     6] loss / pixel: 8.32426
[139,     8] loss / pixel: 8.83440
[139,    10] loss / pixel: 8.97180
[Epoch 139 complete] mean loss / pixel: 8.541, accuracy 74.680%, dt 2019-03-30 22:28:33.799854
[140,     2] loss / pixel: 8.76992
[140,     4] loss / pixel: 8.83506
[140,     6] loss / pixel: 8.47769
[140,     8] loss / pixel: 8.37088
[140,    10] loss / pixel: 8.30389
[Epoch 140 complete] mean loss / pixel: 8.542, accuracy 74.676%, dt 2019-03-30 22:29:06.074996
[141,     2] loss / pixel: 8.40816
[141,     4] loss / pixel: 8.89946
[141,     6] loss / pixel: 8.53522
[141,     8] loss / pixel: 8.43376
[141,    10] loss / pixel: 8.40977
[Epoch 141 complete] mean loss / pixel: 8.538, accuracy 74.690%, dt 2019-03-30 22:29:36.966623
[142,     2] loss / pixel: 8.74720
[142,     4] loss / pixel: 8.58168
[142,     6] loss / pixel: 8.30884
[142,     8] loss / pixel: 8.34497
[142,    10] loss / pixel: 8.75450
[Epoch 142 complete] mean loss / pixel: 8.541, accuracy 74.686%, dt 2019-03-30 22:30:08.344739
[143,     2] loss / pixel: 8.61440
[143,     4] loss / pixel: 8.21990
[143,     6] loss / pixel: 8.77936
[143,     8] loss / pixel: 8.47959
[143,    10] loss / pixel: 8.53564
[Epoch 143 complete] mean loss / pixel: 8.539, accuracy 74.687%, dt 2019-03-30 22:30:39.474094
[144,     2] loss / pixel: 8.82206
[144,     4] loss / pixel: 8.42653
[144,     6] loss / pixel: 8.42221
[144,     8] loss / pixel: 8.66983
[144,    10] loss / pixel: 8.47514
[Epoch 144 complete] mean loss / pixel: 8.540, accuracy 74.692%, dt 2019-03-30 22:31:10.071185
[145,     2] loss / pixel: 8.51211
[145,     4] loss / pixel: 8.73159
[145,     6] loss / pixel: 8.47246
[145,     8] loss / pixel: 8.36548
[145,    10] loss / pixel: 8.70722
[Epoch 145 complete] mean loss / pixel: 8.538, accuracy 74.692%, dt 2019-03-30 22:31:41.412824
[146,     2] loss / pixel: 8.55997
[146,     4] loss / pixel: 8.40796
[146,     6] loss / pixel: 8.82800
[146,     8] loss / pixel: 8.68345
[146,    10] loss / pixel: 8.14957
[Epoch 146 complete] mean loss / pixel: 8.540, accuracy 74.685%, dt 2019-03-30 22:32:13.537126
[147,     2] loss / pixel: 8.44590
[147,     4] loss / pixel: 8.79678
[147,     6] loss / pixel: 8.74925
[147,     8] loss / pixel: 8.34584
[147,    10] loss / pixel: 8.47533
[Epoch 147 complete] mean loss / pixel: 8.540, accuracy 74.692%, dt 2019-03-30 22:32:44.518880
[148,     2] loss / pixel: 8.46915
[148,     4] loss / pixel: 8.52423
[148,     6] loss / pixel: 8.37533
[148,     8] loss / pixel: 8.52409
[148,    10] loss / pixel: 8.79004
[Epoch 148 complete] mean loss / pixel: 8.536, accuracy 74.693%, dt 2019-03-30 22:33:16.327521
[149,     2] loss / pixel: 8.48927
[149,     4] loss / pixel: 8.55439
[149,     6] loss / pixel: 8.32260
[149,     8] loss / pixel: 8.47545
[149,    10] loss / pixel: 8.74162
[Epoch 149 complete] mean loss / pixel: 8.533, accuracy 74.693%, dt 2019-03-30 22:33:48.456864
[150,     2] loss / pixel: 8.29058
[150,     4] loss / pixel: 8.24395
[150,     6] loss / pixel: 8.43698
[150,     8] loss / pixel: 8.91852
[150,    10] loss / pixel: 8.74150
[Epoch 150 complete] mean loss / pixel: 8.538, accuracy 74.693%, dt 2019-03-30 22:34:19.993966
[151,     2] loss / pixel: 8.45884
[151,     4] loss / pixel: 8.41177
[151,     6] loss / pixel: 8.57603
[151,     8] loss / pixel: 8.76983
[151,    10] loss / pixel: 8.59683
[Epoch 151 complete] mean loss / pixel: 8.539, accuracy 74.686%, dt 2019-03-30 22:34:51.444415
[152,     2] loss / pixel: 8.72680
[152,     4] loss / pixel: 8.59293
[152,     6] loss / pixel: 8.13536
[152,     8] loss / pixel: 8.77425
[152,    10] loss / pixel: 8.74780
[Epoch 152 complete] mean loss / pixel: 8.537, accuracy 74.692%, dt 2019-03-30 22:35:22.555694
[153,     2] loss / pixel: 8.34371
[153,     4] loss / pixel: 8.35187
[153,     6] loss / pixel: 8.61648
[153,     8] loss / pixel: 8.57839
[153,    10] loss / pixel: 8.85826
[Epoch 153 complete] mean loss / pixel: 8.535, accuracy 74.691%, dt 2019-03-30 22:35:53.698837
[154,     2] loss / pixel: 8.84461
[154,     4] loss / pixel: 8.20854
[154,     6] loss / pixel: 8.24449
[154,     8] loss / pixel: 8.78202
[154,    10] loss / pixel: 8.38157
[Epoch 154 complete] mean loss / pixel: 8.539, accuracy 74.692%, dt 2019-03-30 22:36:24.654516
[155,     2] loss / pixel: 8.38579
[155,     4] loss / pixel: 8.36464
[155,     6] loss / pixel: 8.77689
[155,     8] loss / pixel: 8.27545
[155,    10] loss / pixel: 8.70029
[Epoch 155 complete] mean loss / pixel: 8.537, accuracy 74.697%, dt 2019-03-30 22:36:55.933723
[156,     2] loss / pixel: 8.57870
[156,     4] loss / pixel: 8.32828
[156,     6] loss / pixel: 8.74321
[156,     8] loss / pixel: 8.57595
[156,    10] loss / pixel: 8.53314
[Epoch 156 complete] mean loss / pixel: 8.535, accuracy 74.698%, dt 2019-03-30 22:37:27.900037
[157,     2] loss / pixel: 8.78121
[157,     4] loss / pixel: 8.40787
[157,     6] loss / pixel: 8.71887
[157,     8] loss / pixel: 8.30547
[157,    10] loss / pixel: 8.43626
[Epoch 157 complete] mean loss / pixel: 8.536, accuracy 74.692%, dt 2019-03-30 22:37:59.276064
[158,     2] loss / pixel: 8.45005
[158,     4] loss / pixel: 8.44142
[158,     6] loss / pixel: 8.20671
[158,     8] loss / pixel: 8.62025
[158,    10] loss / pixel: 8.89767
[Epoch 158 complete] mean loss / pixel: 8.533, accuracy 74.703%, dt 2019-03-30 22:38:29.987969
[159,     2] loss / pixel: 8.48661
[159,     4] loss / pixel: 8.46008
[159,     6] loss / pixel: 8.50331
[159,     8] loss / pixel: 8.67616
[159,    10] loss / pixel: 8.77293
[Epoch 159 complete] mean loss / pixel: 8.532, accuracy 74.695%, dt 2019-03-30 22:39:01.565756
[160,     2] loss / pixel: 8.45505
[160,     4] loss / pixel: 8.24913
[160,     6] loss / pixel: 9.09178
[160,     8] loss / pixel: 8.67141
[160,    10] loss / pixel: 8.37086
[Epoch 160 complete] mean loss / pixel: 8.535, accuracy 74.695%, dt 2019-03-30 22:39:33.479314
[161,     2] loss / pixel: 8.98584
[161,     4] loss / pixel: 8.44084
[161,     6] loss / pixel: 8.58111
[161,     8] loss / pixel: 8.18589
[161,    10] loss / pixel: 8.45327
[Epoch 161 complete] mean loss / pixel: 8.532, accuracy 74.694%, dt 2019-03-30 22:40:04.003213
[162,     2] loss / pixel: 8.13614
[162,     4] loss / pixel: 9.21722
[162,     6] loss / pixel: 8.34753
[162,     8] loss / pixel: 8.32409
[162,    10] loss / pixel: 8.69561
[Epoch 162 complete] mean loss / pixel: 8.535, accuracy 74.695%, dt 2019-03-30 22:40:34.889351
UPDATING LR 3.90625e-07
[163,     2] loss / pixel: 8.43892
[163,     4] loss / pixel: 8.60836
[163,     6] loss / pixel: 8.83019
[163,     8] loss / pixel: 8.65177
[163,    10] loss / pixel: 8.23226
[Epoch 163 complete] mean loss / pixel: 8.532, accuracy 74.696%, dt 2019-03-30 22:41:06.426223
[164,     2] loss / pixel: 8.30610
[164,     4] loss / pixel: 8.49172
[164,     6] loss / pixel: 8.66784
[164,     8] loss / pixel: 8.79991
[164,    10] loss / pixel: 8.62415
[Epoch 164 complete] mean loss / pixel: 8.533, accuracy 74.701%, dt 2019-03-30 22:41:38.268896
[165,     2] loss / pixel: 8.68997
[165,     4] loss / pixel: 8.54371
[165,     6] loss / pixel: 8.54146
[165,     8] loss / pixel: 8.67259
[165,    10] loss / pixel: 8.42561
[Epoch 165 complete] mean loss / pixel: 8.533, accuracy 74.702%, dt 2019-03-30 22:42:09.189048
[166,     2] loss / pixel: 8.69083
[166,     4] loss / pixel: 8.42365
[166,     6] loss / pixel: 8.79677
[166,     8] loss / pixel: 8.34009
[166,    10] loss / pixel: 8.45004
[Epoch 166 complete] mean loss / pixel: 8.530, accuracy 74.702%, dt 2019-03-30 22:42:40.773239
[167,     2] loss / pixel: 8.57913
[167,     4] loss / pixel: 8.56978
[167,     6] loss / pixel: 8.58935
[167,     8] loss / pixel: 8.35143
[167,    10] loss / pixel: 8.45645
[Epoch 167 complete] mean loss / pixel: 8.531, accuracy 74.701%, dt 2019-03-30 22:43:12.173942
[168,     2] loss / pixel: 8.71918
[168,     4] loss / pixel: 8.65476
[168,     6] loss / pixel: 8.33008
[168,     8] loss / pixel: 8.35962
[168,    10] loss / pixel: 8.81566
[Epoch 168 complete] mean loss / pixel: 8.533, accuracy 74.693%, dt 2019-03-30 22:43:43.409828
[169,     2] loss / pixel: 8.70424
[169,     4] loss / pixel: 8.40942
[169,     6] loss / pixel: 8.53649
[169,     8] loss / pixel: 8.55129
[169,    10] loss / pixel: 8.34144
[Epoch 169 complete] mean loss / pixel: 8.531, accuracy 74.705%, dt 2019-03-30 22:44:14.758345
[170,     2] loss / pixel: 8.87924
[170,     4] loss / pixel: 8.42254
[170,     6] loss / pixel: 8.48002
[170,     8] loss / pixel: 8.23346
[170,    10] loss / pixel: 8.64226
[Epoch 170 complete] mean loss / pixel: 8.535, accuracy 74.696%, dt 2019-03-30 22:44:46.333052
[171,     2] loss / pixel: 8.54006
[171,     4] loss / pixel: 8.35453
[171,     6] loss / pixel: 8.52870
[171,     8] loss / pixel: 8.40105
[171,    10] loss / pixel: 8.59538
[Epoch 171 complete] mean loss / pixel: 8.533, accuracy 74.703%, dt 2019-03-30 22:45:18.542382
UPDATING LR 1.953125e-07
[172,     2] loss / pixel: 8.53838
[172,     4] loss / pixel: 8.41428
[172,     6] loss / pixel: 8.52886
[172,     8] loss / pixel: 8.62842
[172,    10] loss / pixel: 8.49611
[Epoch 172 complete] mean loss / pixel: 8.531, accuracy 74.698%, dt 2019-03-30 22:45:49.345325
[173,     2] loss / pixel: 8.42901
[173,     4] loss / pixel: 8.38076
[173,     6] loss / pixel: 8.45642
[173,     8] loss / pixel: 8.50767
[173,    10] loss / pixel: 9.01028
[Epoch 173 complete] mean loss / pixel: 8.534, accuracy 74.699%, dt 2019-03-30 22:46:20.051008
[174,     2] loss / pixel: 8.54066
[174,     4] loss / pixel: 8.63337
[174,     6] loss / pixel: 8.59493
[174,     8] loss / pixel: 8.39554
[174,    10] loss / pixel: 8.66359
[Epoch 174 complete] mean loss / pixel: 8.531, accuracy 74.704%, dt 2019-03-30 22:46:51.307393
[175,     2] loss / pixel: 8.48676
[175,     4] loss / pixel: 8.62778
[175,     6] loss / pixel: 8.48257
[175,     8] loss / pixel: 8.69533
[175,    10] loss / pixel: 8.20271
[Epoch 175 complete] mean loss / pixel: 8.531, accuracy 74.708%, dt 2019-03-30 22:47:22.258465
[176,     2] loss / pixel: 8.50687
[176,     4] loss / pixel: 8.78553
[176,     6] loss / pixel: 8.49920
[176,     8] loss / pixel: 8.34261
[176,    10] loss / pixel: 8.71094
[Epoch 176 complete] mean loss / pixel: 8.534, accuracy 74.702%, dt 2019-03-30 22:47:52.795688
[177,     2] loss / pixel: 8.53814
[177,     4] loss / pixel: 8.64819
[177,     6] loss / pixel: 8.81732
[177,     8] loss / pixel: 8.18789
[177,    10] loss / pixel: 8.59524
[Epoch 177 complete] mean loss / pixel: 8.529, accuracy 74.705%, dt 2019-03-30 22:48:24.650937
[178,     2] loss / pixel: 8.56904
[178,     4] loss / pixel: 8.93436
[178,     6] loss / pixel: 8.33023
[178,     8] loss / pixel: 8.44992
[178,    10] loss / pixel: 8.54802
[Epoch 178 complete] mean loss / pixel: 8.531, accuracy 74.705%, dt 2019-03-30 22:48:55.611286
[179,     2] loss / pixel: 8.62689
[179,     4] loss / pixel: 8.97069
[179,     6] loss / pixel: 8.44692
[179,     8] loss / pixel: 8.56313
[179,    10] loss / pixel: 8.33523
[Epoch 179 complete] mean loss / pixel: 8.531, accuracy 74.696%, dt 2019-03-30 22:49:27.531682
[180,     2] loss / pixel: 8.54995
[180,     4] loss / pixel: 8.37335
[180,     6] loss / pixel: 8.35329
[180,     8] loss / pixel: 8.74585
[180,    10] loss / pixel: 8.67855
[Epoch 180 complete] mean loss / pixel: 8.531, accuracy 74.705%, dt 2019-03-30 22:49:59.039204

Training complete. Saving graphs
Testing
Image index tensor(0)

*OVERALL REPORT*

Trained on 3 test images.
Acc: 72%, CentralAcc: 85% AvgConf: 0.971 FPos: 46136238  FNeg: 46138450 CorrUnlabel: 44450211


*PER CLASS REPORT*

class0 Acc: 0% Conf: 0.099 Corr: 2 FPos: 4237754 FNeg: 5767118 CorrUnLab: 4237709 on 1156 predicted labels (1528308 actual).
class1 Acc: 82% Conf: 1.589 Corr: 103253 FPos: 5642262 FNeg: 5647492 CorrUnLab: 5625839 on 119676 predicted labels (124906 actual).
class2 Acc: 89% Conf: 3.068 Corr: 182731 FPos: 5564006 FNeg: 5559934 CorrUnLab: 5539503 on 207234 predicted labels (203162 actual).
class3 Acc: 80% Conf: 2.191 Corr: 77534 FPos: 5670381 FNeg: 5660358 CorrUnLab: 5641105 on 106810 predicted labels (96787 actual).
class4 Acc: 74% Conf: 2.351 Corr: 69163 FPos: 5674155 FNeg: 5673285 CorrUnLab: 5649435 on 93883 predicted labels (93013 actual).
class5 Acc: 91% Conf: 3.316 Corr: 264650 FPos: 5479293 FNeg: 5477612 CorrUnLab: 5454387 on 289556 predicted labels (287875 actual).
class6 Acc: 80% Conf: 1.574 Corr: 81725 FPos: 5666115 FNeg: 4967744 CorrUnLab: 4948416 on 799424 predicted labels (101053 actual).
class7 Acc: 85% Conf: 1.524 Corr: 67731 FPos: 5688278 FNeg: 4854514 CorrUnLab: 4843355 on 912654 predicted labels (78890 actual).
class8 Acc: 96% Conf: 0.219 Corr: 3152978 FPos: 2513994 FNeg: 2530393 CorrUnLab: 2510462 on 3236775 predicted labels (3253174 actual).

*EQUAL WEIGHT REPORT*

Accuracies (equal contribution) 75%
Confidence (equal contribution) 1.770
Training complete in 1.589 hrs
Reading in previous experiments.

Writing output to running results
Completed run at 2019-03-30 22:50:22.360739
Time for run 1.596 hrs

Writing output to metaresults
Successful completion
Completed in 1.597 hours
slurmstepd: error: task_p_post_term: rmdir(/sys/fs/cgroup/cpuset/slurm10414329/slurm10414329.4294967294_0) failed Device or resource busy
