Changed directory to /home/jhb57/dnn-information.

JobID: 10408021
======
Time: Sat 30 Mar 16:07:11 GMT 2019
Running on master node: gpu-e-85
Current directory: /home/jhb57/dnn-information

Nodes allocated:
================
gpu-e-85

numtasks=4, numnodes=1, mpi_tasks_per_node=4 (OMP_NUM_THREADS=1)

Executing command:
==================
python /home/jhb57/dnn-information/experiments/experiment_1/run_experiment_uniform_vary_eps_1.py 

Script started at 2019-03-30 16:07:16.802112
Reading in previous experiments.

TYPE BELOW uniform_fixed_eps
old results
 {'accuracies': [72.96427223828822], 'central_accuracies': [86.42255241527221], 'accuracy_epochs': [array([41.65918748, 66.8874803 , 68.81175658, 69.83640843, 71.37691121,
       71.74004251, 71.64009583, 71.19330763, 71.07192534, 71.27430321,
       71.31363809, 71.78943326, 71.96347061, 71.93190659, 72.2947024 ,
       72.34496816, 72.3065355 , 72.47170482, 72.34627389, 72.47437067,
       72.62888566, 72.58892512, 72.5947374 , 72.78000486, 72.75345518,
       72.77429686, 72.87494627, 72.75357305, 73.01139877, 72.87289702,
       72.81718621, 72.84734929, 73.09901364, 72.96934817, 72.97691955,
       72.99233432, 72.96261101, 73.11608323, 73.15453403, 73.17987773,
       73.23303151, 73.30882233, 73.25411801, 73.20477713, 73.24374024,
       73.2747058 , 73.31194155, 73.39499546, 73.36285565, 73.36359465,
       73.44105843, 73.40778065, 73.48584289, 73.52569462, 73.59136156,
       73.51529418, 73.53570515, 73.46831538, 73.5336967 , 73.52928082,
       73.49518696, 73.68415397, 73.68193243, 73.69493072, 73.72874801,
       73.70091074, 73.70732601, 73.67637405, 73.68648432, 73.69226033,
       73.7532439 , 73.72877975, 73.81118986, 73.83765793, 73.87051861,
       73.85697174, 73.87332954, 73.86828347, 73.91374798, 73.89676   ,
       73.97386561, 73.9858438 , 73.97703924, 74.01660534, 73.92958893,
       73.89809292, 73.96755462, 74.0300434 , 74.08719141, 74.04938894,
       74.09232816, 74.14654736, 74.15124887, 74.1437319 , 74.17167798,
       74.17759   , 74.19941097, 74.2175324 , 74.21392807, 74.24854784,
       74.22055189, 74.23530927, 74.21882452, 74.25657259, 74.26086606,
       74.25160812, 74.30798086, 74.28901162, 74.29317815, 74.31175748,
       74.31019334, 74.30693357, 74.32014494, 74.33398196, 74.33594961,
       74.34202485, 74.3610757 , 74.37132199, 74.3258484 , 74.33273971,
       74.36301615, 74.36208219, 74.38897191, 74.4046179 , 74.34170295,
       74.38356313, 74.41286028, 74.42746351, 74.43362942, 74.47310031,
       74.43108145, 74.47637822, 74.46026524, 74.47092411, 74.46206968,
       74.47605632, 74.4544575 , 74.48018657, 74.47720336, 74.45735457,
       74.48422615, 74.49173859, 74.4648262 , 74.47537626, 74.47928889,
       74.49394199, 74.48915888, 74.47570269, 74.49912408, 74.49118547,
       74.48159657, 74.48123387, 74.49269068, 74.48396319, 74.48891859,
       74.48239905, 74.50251986, 74.49437723, 74.50715336, 74.48692827,
       74.49318486, 74.50109173, 74.52125335, 74.5040296 , 74.50796491,
       74.51805252, 74.50233851, 74.49891099, 74.51779863, 74.49771408,
       74.51487435, 74.51049474, 74.50473687, 74.5128523 , 74.49960466,
       74.5154456 , 74.4940644 , 74.49472633, 74.50009884, 74.50733018])], 'central_accuracy_epochs': [array([29.72660528, 52.7015045 , 63.36581193, 68.00034938, 69.5063667 ,
       70.92890396, 71.91762388, 73.35440071, 74.92956065, 76.07927082,
       77.78508242, 79.97095325, 81.66162002, 82.25053117, 83.75549642,
       83.98861422, 85.00463887, 83.9706068 , 85.17898789, 85.44540473,
       86.0927666 , 85.87922208, 86.62692148, 86.91604334, 87.27090696,
       87.4618688 , 87.56262227, 88.0701575 , 88.23868346, 88.26782319,
       87.92622047, 88.02646014, 88.88501773, 88.82194282, 88.8968351 ,
       88.78595245, 88.94099732, 89.6466631 , 89.95354771, 89.92717271,
       90.09569867, 90.38482053, 90.32235729, 90.31858943, 90.51278086,
       90.5774461 , 90.64003167, 90.77853711, 91.03595025, 90.9643365 ,
       91.13457513, 91.38119849, 91.4668316 , 91.5845649 , 91.77403428,
       91.58644883, 91.69385722, 91.27944189, 91.6737946 , 91.72064815,
       91.67797839, 92.15926095, 92.40493012, 92.46350317, 92.76762305,
       92.62087236, 92.67085763, 92.54847568, 92.53330639, 92.77887769,
       92.85709742, 93.017843  , 93.15747391, 93.37667021, 93.51568945,
       93.48339354, 93.66075195, 93.73124023, 93.82051887, 93.90879437,
       94.14274404, 94.11191612, 94.28854053, 94.27875389, 94.08001167,
       93.86213656, 94.30410129, 94.43306476, 94.70740878, 94.6092243 ,
       94.87409975, 95.14506739, 95.23875001, 95.19448993, 95.34160761,
       95.31626021, 95.47184334, 95.47519527, 95.5548096 , 95.62564041,
       95.59606029, 95.68032327, 95.5003714 , 95.6946607 , 95.76353419,
       95.78944432, 95.91965559, 95.95439817, 95.87906549, 96.02055586,
       95.97240559, 96.05911523, 96.04888819, 96.13053324, 96.2013396 ,
       96.2118847 , 96.27405434, 96.30847885, 96.16728208, 96.21746309,
       96.35545473, 96.33456025, 96.46523638, 96.54661231, 96.27596274,
       96.36034805, 96.61117967, 96.71406174, 96.69710638, 96.82460185,
       96.70809189, 96.81104736, 96.8470622 , 96.83169717, 96.88755443,
       96.899225  , 96.84862806, 96.88907136, 96.88608643, 96.87798798,
       96.92728819, 96.9095499 , 96.92983272, 96.93333144, 96.95473972,
       96.91275503, 96.93130071, 96.92963698, 96.99249169, 96.9618595 ,
       96.94642107, 96.99241829, 96.96702195, 96.97304074, 96.99258956,
       97.01140437, 96.96672836, 97.00927578, 97.0395899 , 97.01889115,
       97.03200525, 96.98732924, 97.06231938, 97.02009002, 97.06148751,
       97.03667837, 97.01945389, 97.05011054, 97.07120075, 97.03924737,
       97.04776175, 97.02251221, 97.07516434, 97.07210602, 97.05786645,
       97.07494414, 97.06026418, 97.05781752, 97.09965541, 97.07516434])], 'confusion_matrix': [array([[ 187950,  486091,     282,     643,     402,   14201,    8599,
         830140,       0],
       [      0,  112671,   10546,      57,     324,     376,      24,
            908,       0],
       [      0,    8381,  181036,   10366,    1675,    1166,     108,
            424,       6],
       [      0,     776,   11015,   74830,    8480,    1522,       9,
            148,       7],
       [      0,      92,     705,   10275,   65527,   16014,     130,
            245,      25],
       [      0,     383,     722,    3566,    8527,  267900,    5515,
           1215,      47],
       [      0,      61,     421,     438,     549,    8054,   81458,
          10066,       6],
       [      0,       0,       0,       0,       0,       0,    7312,
          68433,    3145],
       [      0,       0,       9,     182,     198,     747,     690,
          12882, 3238466]])], 'norm_confusion_matrix': [array([[1.22979138e-01, 3.18058271e-01, 1.84517780e-04, 4.20726712e-04,
        2.63035985e-04, 9.29197518e-03, 5.62648367e-03, 5.43175852e-01,
        0.00000000e+00],
       [0.00000000e+00, 9.02046339e-01, 8.44314925e-02, 4.56343170e-04,
        2.59395065e-03, 3.01026372e-03, 1.92144493e-04, 7.26946664e-03,
        0.00000000e+00],
       [0.00000000e+00, 4.12527933e-02, 8.91091838e-01, 5.10233213e-02,
        8.24465205e-03, 5.73926226e-03, 5.31595476e-04, 2.08700446e-03,
        2.95330820e-05],
       [0.00000000e+00, 8.01760567e-03, 1.13806606e-01, 7.73141021e-01,
        8.76150723e-02, 1.57252524e-02, 9.29876946e-05, 1.52913098e-03,
        7.23237625e-05],
       [0.00000000e+00, 9.89109049e-04, 7.57958565e-03, 1.10468429e-01,
        7.04492920e-01, 1.72169482e-01, 1.39765409e-03, 2.63404040e-03,
        2.68779633e-04],
       [0.00000000e+00, 1.33043856e-03, 2.50803300e-03, 1.23873209e-02,
        2.96204950e-02, 9.30612245e-01, 1.91576205e-02, 4.22058185e-03,
        1.63265306e-04],
       [0.00000000e+00, 6.03643633e-04, 4.16613064e-03, 4.33435920e-03,
        5.43279269e-03, 7.97007511e-02, 8.06091853e-01, 9.96110952e-02,
        5.93747835e-05],
       [0.00000000e+00, 0.00000000e+00, 0.00000000e+00, 0.00000000e+00,
        0.00000000e+00, 0.00000000e+00, 9.26860185e-02, 8.67448346e-01,
        3.98656357e-02],
       [0.00000000e+00, 0.00000000e+00, 2.76652893e-06, 5.59453629e-05,
        6.08636366e-05, 2.29621902e-04, 2.12100552e-04, 3.95982508e-03,
        9.95478877e-01]])]}
new results
 {'accuracies': [], 'central_accuracies': [], 'accuracy_epochs': [], 'central_accuracy_epochs': [], 'confusion_matrix': [], 'norm_confusion_matrix': []}
TYPE ABOVE uniform_fixed_eps


TYPE BELOW none
old results
 {'accuracies': [91.48793222478577], 'central_accuracies': [85.20492327171128], 'accuracy_epochs': [array([26.86970344, 52.77022101, 68.06967116, 73.2290146 , 75.98295035,
       77.46217486, 78.29083238, 77.93625174, 81.48077959, 81.64326492,
       82.02787717, 81.99913768, 84.73156529, 83.43553178, 84.67067239,
       84.11473852, 84.4028044 , 85.08115879, 85.20471728, 85.38855208,
       86.07834968, 85.81279843, 84.82812526, 86.67283862, 86.54734875,
       86.36490582, 86.62019716, 86.37557375, 86.84484031, 87.24475399,
       87.07033581, 86.976147  , 86.87587388, 88.2254828 , 85.66950903,
       89.03038796, 86.92304763, 88.11801008, 88.740699  , 88.62835249,
       88.28593139, 89.32821502, 88.5169762 , 89.13669551, 89.40149868,
       88.27388519, 88.87424989, 89.3828876 , 89.25484523, 89.39939502,
       89.13515856, 89.57098867, 90.22372733, 89.38325937, 89.9048727 ,
       90.08767834, 89.1013866 , 90.62614364, 89.86870238, 89.60714538,
       90.18750261, 90.16110707, 90.09236171, 89.94806127, 91.29164483,
       90.35950883, 90.57885202, 90.91094068, 91.30886404, 90.71954811,
       90.4175772 , 91.292071  , 91.31560574, 90.45366137, 91.55234495,
       90.1086923 , 90.91790907, 90.90110243, 91.05831954, 91.89794875,
       91.6301669 , 89.97776192, 91.75172147, 92.07870966, 90.87105268,
       91.30964385, 91.99425936, 91.41451419, 92.05924624, 91.44902062,
       91.30119746, 91.39849189, 91.55473424, 91.55312022, 91.55458463,
       92.230586  , 92.1440683 , 91.53959602, 92.27227843, 91.94662317,
       92.40783778, 92.02859804, 91.43497504, 91.91713107, 91.94400719,
       92.06535774, 92.02272229, 91.78818195, 91.9747778 , 92.34021679,
       91.43897834, 92.36757348, 92.12079199, 91.73750814, 92.18484038,
       92.07031767, 92.54824371, 91.98483821, 91.7110582 , 92.36766415,
       92.2994311 , 91.7195998 , 92.12306341, 92.78597128, 92.17729168,
       91.72156291, 92.37237019, 92.12177128, 92.25655083, 92.22884503,
       92.09458687, 92.46462309, 92.47158694, 92.15179383, 92.35540941,
       92.28862716, 92.39868412, 92.35613934, 92.4148107 , 92.30529779,
       92.21813177, 92.1861053 , 92.36743293, 92.32569516, 92.48876988,
       92.59861829, 92.53670983, 92.25477813, 92.41864172, 92.34876292,
       92.26567728, 92.27069615, 92.42269037, 92.2291896 , 92.27146689,
       92.2505844 , 92.34520392, 92.57378237, 92.38007758, 92.01817946,
       92.32810712, 92.42059124, 92.35065803, 92.14089467, 92.20087628,
       92.20943148, 92.28744385, 92.35297478, 92.28791083, 92.09256935,
       92.06902102, 92.35695088, 92.31368977, 92.16930773, 92.29222696,
       92.30819032, 92.33224191, 92.39856624, 92.27510296, 92.30426409])], 'central_accuracy_epochs': [array([25.76979275, 41.67883472, 55.04902618, 58.27015241, 62.54522652,
       64.40363632, 66.24526204, 69.2348608 , 72.45075117, 73.96944219,
       75.43315675, 77.07134266, 79.50581865, 81.6943808 , 82.63722584,
       83.45357853, 84.56957372, 85.12873348, 85.43644995, 85.74754282,
       86.4649281 , 86.81617066, 87.14776654, 87.20567899, 87.59163966,
       87.42622096, 87.61701153, 88.11446652, 88.37342105, 88.70450313,
       88.94160898, 88.83500799, 89.40424799, 89.348562  , 89.60986533,
       89.67731975, 90.13359744, 90.59963731, 90.54387792, 91.12884994,
       91.16053419, 91.05660006, 91.49773292, 91.48696762, 91.5058069 ,
       91.61292169, 91.92315823, 91.88012147, 92.26892027, 92.27283493,
       92.47319194, 92.58309593, 92.70616294, 92.88146616, 92.9412136 ,
       93.21582676, 93.28122599, 93.31951623, 93.30649999, 93.4962385 ,
       93.50492415, 93.67890617, 93.73821321, 93.95797225, 94.09410443,
       94.21922664, 94.34515625, 94.49910012, 94.52696758, 94.56787574,
       94.59733353, 94.86017825, 94.68477717, 94.9474017 , 94.84009117,
       95.09503318, 95.18898494, 95.14435785, 95.24464646, 95.34794446,
       95.27853271, 95.39783187, 95.42430473, 95.44441628, 95.67428002,
       95.8506353 , 95.79558544, 95.93440895, 96.09740546, 95.99016834,
       95.96154241, 96.23314618, 96.33460919, 96.44424404, 96.53499067,
       96.55989767, 96.65720135, 96.68621875, 96.67971063, 96.75722083,
       96.7809779 , 96.80696143, 96.76321515, 96.83142804, 96.8463282 ,
       96.88990322, 96.89748787, 96.97742026, 96.94074482, 97.02857993,
       96.91390496, 96.99853494, 97.07257088, 97.05979932, 97.07149435,
       97.02368661, 97.11352798, 97.19642083, 97.16490784, 97.14286343,
       97.15025235, 97.14827055, 97.18499493, 97.23635033, 97.31970804,
       97.2464795 , 97.26759418, 97.42168485, 97.48265562, 97.42922056,
       97.5050915 , 97.48365876, 97.51287188, 97.51617487, 97.45146071,
       97.54225627, 97.50807643, 97.53366849, 97.52667104, 97.55855103,
       97.52632851, 97.52889751, 97.53479396, 97.56116896, 97.52422438,
       97.60562477, 97.49611226, 97.60508651, 97.53765655, 97.57002587,
       97.58786202, 97.55287478, 97.59552007, 97.57403839, 97.58942788,
       97.56638034, 97.63442197, 97.60474398, 97.58487709, 97.62336306,
       97.60564924, 97.57682758, 97.62593206, 97.62081854, 97.58896302,
       97.61754001, 97.62561399, 97.6469244 , 97.60917243, 97.6105181 ,
       97.62762025, 97.61580288, 97.62284926, 97.60829163, 97.63870362,
       97.63398157, 97.62683732, 97.63625696, 97.64252041, 97.59977726])], 'confusion_matrix': [array([[1222278,    7187,    7684,   28134,  261746,     161,       0,
           1118,       0],
       [   2587,   98130,   17924,    1975,    3262,     187,       1,
            840,       0],
       [    312,    3449,  182112,   15076,    1742,     213,       0,
            258,       0],
       [      0,     306,    8417,   77589,    9564,     789,      21,
            101,       0],
       [      0,       0,     453,   10037,   72027,   10081,     131,
            284,       0],
       [    170,     125,     871,    3483,   15631,  260948,    4767,
           1615,     265],
       [      0,      92,     478,     216,     886,    8995,   78595,
          11603,     188],
       [      0,       0,       0,       0,       0,       0,    5282,
          70452,    3156],
       [     13,       3,      50,     114,     516,     926,     892,
          14395, 3236265]])], 'norm_confusion_matrix': [array([[7.99758949e-01, 4.70258613e-03, 5.02778236e-03, 1.84085930e-02,
        1.71265216e-01, 1.05345258e-04, 0.00000000e+00, 7.31527938e-04,
        0.00000000e+00],
       [2.07115751e-02, 7.85630794e-01, 1.43499912e-01, 1.58118905e-02,
        2.61156390e-02, 1.49712584e-03, 8.00602053e-06, 6.72505724e-03,
        0.00000000e+00],
       [1.53572026e-03, 1.69766000e-02, 8.96388104e-01, 7.42067906e-02,
        8.57443813e-03, 1.04842441e-03, 0.00000000e+00, 1.26992252e-03,
        0.00000000e+00],
       [0.00000000e+00, 3.16158162e-03, 8.69641584e-02, 8.01646915e-01,
        9.88149235e-02, 8.15192123e-03, 2.16971287e-04, 1.04352857e-03,
        0.00000000e+00],
       [0.00000000e+00, 0.00000000e+00, 4.87028695e-03, 1.07909647e-01,
        7.74375625e-01, 1.08382699e-01, 1.40840528e-03, 3.05333663e-03,
        0.00000000e+00],
       [5.90534086e-04, 4.34216240e-04, 3.02561876e-03, 1.20990013e-02,
        5.42978723e-02, 9.06462875e-01, 1.65592705e-02, 5.61007382e-03,
        9.20538428e-04],
       [0.00000000e+00, 9.10413347e-04, 4.73019109e-03, 2.13749221e-03,
        8.76767637e-03, 8.90126963e-02, 7.77760185e-01, 1.14820936e-01,
        1.86040988e-03],
       [0.00000000e+00, 0.00000000e+00, 0.00000000e+00, 0.00000000e+00,
        0.00000000e+00, 0.00000000e+00, 6.69539866e-02, 8.93040943e-01,
        4.00050704e-02],
       [3.99609735e-06, 9.22176312e-07, 1.53696052e-05, 3.50426998e-05,
        1.58614326e-04, 2.84645088e-04, 2.74193757e-04, 4.42490933e-03,
        9.94802307e-01]])]}
new results
 {'accuracies': [91.48793222478577], 'central_accuracies': [85.20492327171128], 'accuracy_epochs': [array([26.86970344, 52.77022101, 68.06967116, 73.2290146 , 75.98295035,
       77.46217486, 78.29083238, 77.93625174, 81.48077959, 81.64326492,
       82.02787717, 81.99913768, 84.73156529, 83.43553178, 84.67067239,
       84.11473852, 84.4028044 , 85.08115879, 85.20471728, 85.38855208,
       86.07834968, 85.81279843, 84.82812526, 86.67283862, 86.54734875,
       86.36490582, 86.62019716, 86.37557375, 86.84484031, 87.24475399,
       87.07033581, 86.976147  , 86.87587388, 88.2254828 , 85.66950903,
       89.03038796, 86.92304763, 88.11801008, 88.740699  , 88.62835249,
       88.28593139, 89.32821502, 88.5169762 , 89.13669551, 89.40149868,
       88.27388519, 88.87424989, 89.3828876 , 89.25484523, 89.39939502,
       89.13515856, 89.57098867, 90.22372733, 89.38325937, 89.9048727 ,
       90.08767834, 89.1013866 , 90.62614364, 89.86870238, 89.60714538,
       90.18750261, 90.16110707, 90.09236171, 89.94806127, 91.29164483,
       90.35950883, 90.57885202, 90.91094068, 91.30886404, 90.71954811,
       90.4175772 , 91.292071  , 91.31560574, 90.45366137, 91.55234495,
       90.1086923 , 90.91790907, 90.90110243, 91.05831954, 91.89794875,
       91.6301669 , 89.97776192, 91.75172147, 92.07870966, 90.87105268,
       91.30964385, 91.99425936, 91.41451419, 92.05924624, 91.44902062,
       91.30119746, 91.39849189, 91.55473424, 91.55312022, 91.55458463,
       92.230586  , 92.1440683 , 91.53959602, 92.27227843, 91.94662317,
       92.40783778, 92.02859804, 91.43497504, 91.91713107, 91.94400719,
       92.06535774, 92.02272229, 91.78818195, 91.9747778 , 92.34021679,
       91.43897834, 92.36757348, 92.12079199, 91.73750814, 92.18484038,
       92.07031767, 92.54824371, 91.98483821, 91.7110582 , 92.36766415,
       92.2994311 , 91.7195998 , 92.12306341, 92.78597128, 92.17729168,
       91.72156291, 92.37237019, 92.12177128, 92.25655083, 92.22884503,
       92.09458687, 92.46462309, 92.47158694, 92.15179383, 92.35540941,
       92.28862716, 92.39868412, 92.35613934, 92.4148107 , 92.30529779,
       92.21813177, 92.1861053 , 92.36743293, 92.32569516, 92.48876988,
       92.59861829, 92.53670983, 92.25477813, 92.41864172, 92.34876292,
       92.26567728, 92.27069615, 92.42269037, 92.2291896 , 92.27146689,
       92.2505844 , 92.34520392, 92.57378237, 92.38007758, 92.01817946,
       92.32810712, 92.42059124, 92.35065803, 92.14089467, 92.20087628,
       92.20943148, 92.28744385, 92.35297478, 92.28791083, 92.09256935,
       92.06902102, 92.35695088, 92.31368977, 92.16930773, 92.29222696,
       92.30819032, 92.33224191, 92.39856624, 92.27510296, 92.30426409])], 'central_accuracy_epochs': [array([25.76979275, 41.67883472, 55.04902618, 58.27015241, 62.54522652,
       64.40363632, 66.24526204, 69.2348608 , 72.45075117, 73.96944219,
       75.43315675, 77.07134266, 79.50581865, 81.6943808 , 82.63722584,
       83.45357853, 84.56957372, 85.12873348, 85.43644995, 85.74754282,
       86.4649281 , 86.81617066, 87.14776654, 87.20567899, 87.59163966,
       87.42622096, 87.61701153, 88.11446652, 88.37342105, 88.70450313,
       88.94160898, 88.83500799, 89.40424799, 89.348562  , 89.60986533,
       89.67731975, 90.13359744, 90.59963731, 90.54387792, 91.12884994,
       91.16053419, 91.05660006, 91.49773292, 91.48696762, 91.5058069 ,
       91.61292169, 91.92315823, 91.88012147, 92.26892027, 92.27283493,
       92.47319194, 92.58309593, 92.70616294, 92.88146616, 92.9412136 ,
       93.21582676, 93.28122599, 93.31951623, 93.30649999, 93.4962385 ,
       93.50492415, 93.67890617, 93.73821321, 93.95797225, 94.09410443,
       94.21922664, 94.34515625, 94.49910012, 94.52696758, 94.56787574,
       94.59733353, 94.86017825, 94.68477717, 94.9474017 , 94.84009117,
       95.09503318, 95.18898494, 95.14435785, 95.24464646, 95.34794446,
       95.27853271, 95.39783187, 95.42430473, 95.44441628, 95.67428002,
       95.8506353 , 95.79558544, 95.93440895, 96.09740546, 95.99016834,
       95.96154241, 96.23314618, 96.33460919, 96.44424404, 96.53499067,
       96.55989767, 96.65720135, 96.68621875, 96.67971063, 96.75722083,
       96.7809779 , 96.80696143, 96.76321515, 96.83142804, 96.8463282 ,
       96.88990322, 96.89748787, 96.97742026, 96.94074482, 97.02857993,
       96.91390496, 96.99853494, 97.07257088, 97.05979932, 97.07149435,
       97.02368661, 97.11352798, 97.19642083, 97.16490784, 97.14286343,
       97.15025235, 97.14827055, 97.18499493, 97.23635033, 97.31970804,
       97.2464795 , 97.26759418, 97.42168485, 97.48265562, 97.42922056,
       97.5050915 , 97.48365876, 97.51287188, 97.51617487, 97.45146071,
       97.54225627, 97.50807643, 97.53366849, 97.52667104, 97.55855103,
       97.52632851, 97.52889751, 97.53479396, 97.56116896, 97.52422438,
       97.60562477, 97.49611226, 97.60508651, 97.53765655, 97.57002587,
       97.58786202, 97.55287478, 97.59552007, 97.57403839, 97.58942788,
       97.56638034, 97.63442197, 97.60474398, 97.58487709, 97.62336306,
       97.60564924, 97.57682758, 97.62593206, 97.62081854, 97.58896302,
       97.61754001, 97.62561399, 97.6469244 , 97.60917243, 97.6105181 ,
       97.62762025, 97.61580288, 97.62284926, 97.60829163, 97.63870362,
       97.63398157, 97.62683732, 97.63625696, 97.64252041, 97.59977726])], 'confusion_matrix': [array([[1222278,    7187,    7684,   28134,  261746,     161,       0,
           1118,       0],
       [   2587,   98130,   17924,    1975,    3262,     187,       1,
            840,       0],
       [    312,    3449,  182112,   15076,    1742,     213,       0,
            258,       0],
       [      0,     306,    8417,   77589,    9564,     789,      21,
            101,       0],
       [      0,       0,     453,   10037,   72027,   10081,     131,
            284,       0],
       [    170,     125,     871,    3483,   15631,  260948,    4767,
           1615,     265],
       [      0,      92,     478,     216,     886,    8995,   78595,
          11603,     188],
       [      0,       0,       0,       0,       0,       0,    5282,
          70452,    3156],
       [     13,       3,      50,     114,     516,     926,     892,
          14395, 3236265]])], 'norm_confusion_matrix': [array([[7.99758949e-01, 4.70258613e-03, 5.02778236e-03, 1.84085930e-02,
        1.71265216e-01, 1.05345258e-04, 0.00000000e+00, 7.31527938e-04,
        0.00000000e+00],
       [2.07115751e-02, 7.85630794e-01, 1.43499912e-01, 1.58118905e-02,
        2.61156390e-02, 1.49712584e-03, 8.00602053e-06, 6.72505724e-03,
        0.00000000e+00],
       [1.53572026e-03, 1.69766000e-02, 8.96388104e-01, 7.42067906e-02,
        8.57443813e-03, 1.04842441e-03, 0.00000000e+00, 1.26992252e-03,
        0.00000000e+00],
       [0.00000000e+00, 3.16158162e-03, 8.69641584e-02, 8.01646915e-01,
        9.88149235e-02, 8.15192123e-03, 2.16971287e-04, 1.04352857e-03,
        0.00000000e+00],
       [0.00000000e+00, 0.00000000e+00, 4.87028695e-03, 1.07909647e-01,
        7.74375625e-01, 1.08382699e-01, 1.40840528e-03, 3.05333663e-03,
        0.00000000e+00],
       [5.90534086e-04, 4.34216240e-04, 3.02561876e-03, 1.20990013e-02,
        5.42978723e-02, 9.06462875e-01, 1.65592705e-02, 5.61007382e-03,
        9.20538428e-04],
       [0.00000000e+00, 9.10413347e-04, 4.73019109e-03, 2.13749221e-03,
        8.76767637e-03, 8.90126963e-02, 7.77760185e-01, 1.14820936e-01,
        1.86040988e-03],
       [0.00000000e+00, 0.00000000e+00, 0.00000000e+00, 0.00000000e+00,
        0.00000000e+00, 0.00000000e+00, 6.69539866e-02, 8.93040943e-01,
        4.00050704e-02],
       [3.99609735e-06, 9.22176312e-07, 1.53696052e-05, 3.50426998e-05,
        1.58614326e-04, 2.84645088e-04, 2.74193757e-04, 4.42490933e-03,
        9.94802307e-01]])]}
TYPE ABOVE none


TYPE BELOW uniform_vary_eps
old results
 {'accuracies': [96.29735619865535], 'central_accuracies': [86.29786767794207], 'accuracy_epochs': [array([33.34501078, 65.89221173, 78.00938125, 84.52753714, 87.03373932,
       88.15328725, 89.49846668, 91.77047762, 91.48604328, 92.68843203,
       92.87942563, 92.92232857, 93.33336356, 93.0437426 , 93.32182061,
       93.5750627 , 94.31798687, 93.66639525, 94.52797691, 94.59039315,
       94.73634387, 94.88474735, 94.96236981, 94.81575263, 94.94017707,
       94.87209817, 95.03576681, 95.134707  , 94.95624017, 95.44335161,
       95.35225029, 95.48047401, 95.45523459, 95.58660021, 95.49186735,
       95.63764578, 95.86589327, 95.9635368 , 96.00932775, 95.85210158,
       95.99762612, 96.03282168, 95.99923107, 96.09390046, 95.97375136,
       96.27116585, 96.1042193 , 96.00536978, 96.25949142, 96.10258261,
       96.2649546 , 96.30891844, 96.36177752, 96.54626518, 96.45218971,
       96.38938811, 96.42359531, 96.6775492 , 96.5885198 , 96.47417844,
       96.58770826, 96.73716357, 96.45229852, 96.75823648, 96.74897854,
       96.76953913, 96.76037188, 96.91616992, 97.01190021, 96.96020177,
       97.07607554, 97.04600313, 96.95432602, 97.22848687, 97.15156714,
       97.21969591, 97.2719928 , 97.06596073, 97.29381378, 97.26548233,
       97.35197735, 97.47930793, 97.51161549, 97.49307242, 97.51582735,
       97.49044737, 97.58313098, 97.55751071, 97.66441218, 97.53619752,
       97.74485917, 97.75647466, 97.81382669, 97.7484091 , 97.83760625,
       97.87467425, 97.87230309, 97.89323545, 97.77604236, 97.91735051,
       97.96164985, 97.90844621, 97.86690792, 97.99015359, 97.98239179,
       97.95007064, 97.98648578, 97.95555195, 98.06073059, 97.95501697,
       98.03623016, 97.96313239, 98.08296867, 97.99693155, 98.06264383,
       98.08667275, 98.15653795, 98.0469253 , 98.09227647, 98.1460015 ,
       98.10262704, 98.10979491, 98.04291292, 98.08501339, 98.16977199,
       98.18506889, 98.23350302, 98.25303898, 98.26649517, 98.21392625,
       98.324491  , 98.25816666, 98.30195369, 98.2678689 , 98.25533306,
       98.25025978, 98.25356489, 98.33970629, 98.31137937, 98.25648463,
       98.25309792, 98.28740486, 98.36430645, 98.32804999, 98.2329499 ,
       98.2489586 , 98.28044101, 98.30835082, 98.27310992, 98.27035793,
       98.29290431, 98.27743059, 98.25996656, 98.33648278, 98.22614019,
       98.32098187, 98.27364491, 98.34930878, 98.30325034, 98.31693776,
       98.32925597, 98.2771903 , 98.38001592, 98.36366719, 98.28916396,
       98.26637276, 98.2846846 , 98.30415709, 98.3534073 , 98.34115709,
       98.33987403, 98.30261562, 98.32732913, 98.36074292, 98.38744675,
       98.26888446, 98.31485676, 98.25841148, 98.32655839, 98.32780971])], 'central_accuracy_epochs': [array([19.3002111 , 38.72388068, 49.8207332 , 57.55540952, 62.59670425,
       63.06183885, 68.23035992, 71.02153453, 72.7261228 , 74.45936146,
       76.33132577, 77.88671669, 79.11312966, 79.13238488, 80.43112113,
       82.50804217, 83.26711855, 83.79664925, 84.72317506, 85.36581487,
       85.79723449, 86.08229489, 85.81428771, 86.27797878, 86.60957466,
       86.54752736, 86.74333358, 86.98503916, 87.17808066, 87.25250807,
       87.4609146 , 87.50505235, 87.28277326, 87.90104433, 88.02416028,
       88.60267312, 88.67100835, 88.97231457, 89.23268817, 89.22887138,
       89.23009471, 89.31276736, 89.50737472, 89.84344799, 89.86647106,
       89.88851547, 90.23320099, 90.22676627, 90.00458504, 90.22708433,
       90.32888987, 90.75441304, 90.86209056, 90.85917904, 91.05674686,
       91.20335075, 91.24095592, 91.41332314, 91.20628674, 91.64739514,
       91.50025298, 91.51647434, 91.5326223 , 91.90343815, 91.98875319,
       92.17041772, 92.16929226, 92.7204025 , 92.91836179, 92.79157585,
       93.13379024, 93.05101972, 92.88951567, 93.13053618, 93.19852887,
       93.25328513, 93.23625637, 93.37747761, 93.40970013, 93.68423989,
       93.91897248, 94.13699439, 94.15730167, 94.11622224, 94.1816704 ,
       94.40492816, 94.58182171, 94.52432519, 94.80221687, 94.56946607,
       95.00272069, 95.14472485, 95.30079732, 95.35538231, 95.46487036,
       95.42993205, 95.51147924, 95.5654281 , 95.55799025, 95.59657409,
       95.64291384, 95.74107385, 95.75289122, 95.82873769, 95.84554625,
       95.90928175, 96.02963297, 96.04201307, 96.06388622, 96.05383044,
       96.06958694, 96.18179078, 96.0555431 , 96.11235456, 96.15321379,
       96.14555574, 96.2126921 , 96.31454657, 96.30400146, 96.26116044,
       96.20185339, 96.07807685, 96.21523663, 96.31939096, 96.48148221,
       96.50506801, 96.67156325, 96.79949912, 96.81048462, 96.8477962 ,
       96.84556973, 96.8831015 , 96.86788328, 96.90820424, 96.89308388,
       96.93594937, 96.88415357, 96.91874935, 96.92227254, 96.95451952,
       96.91967908, 96.96484443, 96.95033573, 96.97132808, 96.99063223,
       96.97159721, 96.93886089, 96.98913976, 97.01123311, 97.00369739,
       96.98865043, 97.00739185, 97.01319044, 97.03511251, 97.04240356,
       96.98292525, 97.04590228, 97.04166956, 97.03445191, 97.06992849,
       97.1044998 , 97.04328436, 97.06946362, 97.06023971, 97.07406335,
       97.06241724, 97.08717744, 97.11663524, 97.09483549, 97.08835184,
       97.08015553, 97.07435694, 97.11020052, 97.09339196, 97.10031601,
       97.09106763, 97.12502728, 97.09273136, 97.08536692, 97.11183978])], 'confusion_matrix': [array([[1476467,   28833,      47,    1008,   21883,      70,       0,
              0,       0],
       [   2501,  109960,   11209,     444,     686,      79,      27,
              0,       0],
       [    340,    7533,  180461,   11089,    3083,     512,     144,
              0,       0],
       [      6,    1012,    7889,   74494,   12531,     760,      93,
              2,       0],
       [     16,     190,     586,    8182,   73664,   10266,     109,
              0,       0],
       [    159,     180,     725,    2342,   16509,  261661,    6098,
             93,     108],
       [      0,      55,     379,     329,     758,    9296,   84030,
           6159,      47],
       [      0,       0,       0,       0,      13,       0,    9179,
          66356,    3342],
       [     23,       0,     120,      47,     395,    1885,    1454,
          13085, 3236165]])], 'norm_confusion_matrix': [array([[9.66079481e-01, 1.88659616e-02, 3.07529634e-05, 6.59552917e-04,
        1.43184489e-02, 4.58022859e-05, 0.00000000e+00, 0.00000000e+00,
        0.00000000e+00],
       [2.00230573e-02, 8.80342017e-01, 8.97394841e-02, 3.55467311e-03,
        5.49213008e-03, 6.32475622e-04, 2.16162554e-04, 0.00000000e+00,
        0.00000000e+00],
       [1.67354131e-03, 3.70787844e-02, 8.88261584e-01, 5.45820577e-02,
        1.51750820e-02, 2.52015633e-03, 7.08793967e-04, 0.00000000e+00,
        0.00000000e+00],
       [6.19917964e-05, 1.04559497e-02, 8.15088803e-02, 7.69669480e-01,
        1.29469867e-01, 7.85229421e-03, 9.60872844e-04, 2.06639321e-05,
        0.00000000e+00],
       [1.72018965e-04, 2.04272521e-03, 6.30019460e-03, 8.79661983e-02,
        7.91975315e-01, 1.10371668e-01, 1.17187920e-03, 0.00000000e+00,
        0.00000000e+00],
       [5.52323057e-04, 6.25271385e-04, 2.51845419e-03, 8.13547547e-03,
        5.73478072e-02, 9.08939644e-01, 2.11828050e-02, 3.23056882e-04,
        3.75162831e-04],
       [0.00000000e+00, 5.44268849e-04, 3.75050716e-03, 3.25571730e-03,
        7.50101432e-03, 9.19913313e-02, 8.31543843e-01, 6.09482153e-02,
        4.65102471e-04],
       [0.00000000e+00, 0.00000000e+00, 0.00000000e+00, 0.00000000e+00,
        1.64786411e-04, 0.00000000e+00, 1.16351882e-01, 8.41120548e-01,
        4.23627836e-02],
       [7.07001839e-06, 0.00000000e+00, 3.68870525e-05, 1.44474289e-05,
        1.21419881e-04, 5.79434116e-04, 4.46948119e-04, 4.02222568e-03,
        9.94771568e-01]])]}
new results
 {'accuracies': [96.29735619865535], 'central_accuracies': [86.29786767794207], 'accuracy_epochs': [array([33.34501078, 65.89221173, 78.00938125, 84.52753714, 87.03373932,
       88.15328725, 89.49846668, 91.77047762, 91.48604328, 92.68843203,
       92.87942563, 92.92232857, 93.33336356, 93.0437426 , 93.32182061,
       93.5750627 , 94.31798687, 93.66639525, 94.52797691, 94.59039315,
       94.73634387, 94.88474735, 94.96236981, 94.81575263, 94.94017707,
       94.87209817, 95.03576681, 95.134707  , 94.95624017, 95.44335161,
       95.35225029, 95.48047401, 95.45523459, 95.58660021, 95.49186735,
       95.63764578, 95.86589327, 95.9635368 , 96.00932775, 95.85210158,
       95.99762612, 96.03282168, 95.99923107, 96.09390046, 95.97375136,
       96.27116585, 96.1042193 , 96.00536978, 96.25949142, 96.10258261,
       96.2649546 , 96.30891844, 96.36177752, 96.54626518, 96.45218971,
       96.38938811, 96.42359531, 96.6775492 , 96.5885198 , 96.47417844,
       96.58770826, 96.73716357, 96.45229852, 96.75823648, 96.74897854,
       96.76953913, 96.76037188, 96.91616992, 97.01190021, 96.96020177,
       97.07607554, 97.04600313, 96.95432602, 97.22848687, 97.15156714,
       97.21969591, 97.2719928 , 97.06596073, 97.29381378, 97.26548233,
       97.35197735, 97.47930793, 97.51161549, 97.49307242, 97.51582735,
       97.49044737, 97.58313098, 97.55751071, 97.66441218, 97.53619752,
       97.74485917, 97.75647466, 97.81382669, 97.7484091 , 97.83760625,
       97.87467425, 97.87230309, 97.89323545, 97.77604236, 97.91735051,
       97.96164985, 97.90844621, 97.86690792, 97.99015359, 97.98239179,
       97.95007064, 97.98648578, 97.95555195, 98.06073059, 97.95501697,
       98.03623016, 97.96313239, 98.08296867, 97.99693155, 98.06264383,
       98.08667275, 98.15653795, 98.0469253 , 98.09227647, 98.1460015 ,
       98.10262704, 98.10979491, 98.04291292, 98.08501339, 98.16977199,
       98.18506889, 98.23350302, 98.25303898, 98.26649517, 98.21392625,
       98.324491  , 98.25816666, 98.30195369, 98.2678689 , 98.25533306,
       98.25025978, 98.25356489, 98.33970629, 98.31137937, 98.25648463,
       98.25309792, 98.28740486, 98.36430645, 98.32804999, 98.2329499 ,
       98.2489586 , 98.28044101, 98.30835082, 98.27310992, 98.27035793,
       98.29290431, 98.27743059, 98.25996656, 98.33648278, 98.22614019,
       98.32098187, 98.27364491, 98.34930878, 98.30325034, 98.31693776,
       98.32925597, 98.2771903 , 98.38001592, 98.36366719, 98.28916396,
       98.26637276, 98.2846846 , 98.30415709, 98.3534073 , 98.34115709,
       98.33987403, 98.30261562, 98.32732913, 98.36074292, 98.38744675,
       98.26888446, 98.31485676, 98.25841148, 98.32655839, 98.32780971])], 'central_accuracy_epochs': [array([19.3002111 , 38.72388068, 49.8207332 , 57.55540952, 62.59670425,
       63.06183885, 68.23035992, 71.02153453, 72.7261228 , 74.45936146,
       76.33132577, 77.88671669, 79.11312966, 79.13238488, 80.43112113,
       82.50804217, 83.26711855, 83.79664925, 84.72317506, 85.36581487,
       85.79723449, 86.08229489, 85.81428771, 86.27797878, 86.60957466,
       86.54752736, 86.74333358, 86.98503916, 87.17808066, 87.25250807,
       87.4609146 , 87.50505235, 87.28277326, 87.90104433, 88.02416028,
       88.60267312, 88.67100835, 88.97231457, 89.23268817, 89.22887138,
       89.23009471, 89.31276736, 89.50737472, 89.84344799, 89.86647106,
       89.88851547, 90.23320099, 90.22676627, 90.00458504, 90.22708433,
       90.32888987, 90.75441304, 90.86209056, 90.85917904, 91.05674686,
       91.20335075, 91.24095592, 91.41332314, 91.20628674, 91.64739514,
       91.50025298, 91.51647434, 91.5326223 , 91.90343815, 91.98875319,
       92.17041772, 92.16929226, 92.7204025 , 92.91836179, 92.79157585,
       93.13379024, 93.05101972, 92.88951567, 93.13053618, 93.19852887,
       93.25328513, 93.23625637, 93.37747761, 93.40970013, 93.68423989,
       93.91897248, 94.13699439, 94.15730167, 94.11622224, 94.1816704 ,
       94.40492816, 94.58182171, 94.52432519, 94.80221687, 94.56946607,
       95.00272069, 95.14472485, 95.30079732, 95.35538231, 95.46487036,
       95.42993205, 95.51147924, 95.5654281 , 95.55799025, 95.59657409,
       95.64291384, 95.74107385, 95.75289122, 95.82873769, 95.84554625,
       95.90928175, 96.02963297, 96.04201307, 96.06388622, 96.05383044,
       96.06958694, 96.18179078, 96.0555431 , 96.11235456, 96.15321379,
       96.14555574, 96.2126921 , 96.31454657, 96.30400146, 96.26116044,
       96.20185339, 96.07807685, 96.21523663, 96.31939096, 96.48148221,
       96.50506801, 96.67156325, 96.79949912, 96.81048462, 96.8477962 ,
       96.84556973, 96.8831015 , 96.86788328, 96.90820424, 96.89308388,
       96.93594937, 96.88415357, 96.91874935, 96.92227254, 96.95451952,
       96.91967908, 96.96484443, 96.95033573, 96.97132808, 96.99063223,
       96.97159721, 96.93886089, 96.98913976, 97.01123311, 97.00369739,
       96.98865043, 97.00739185, 97.01319044, 97.03511251, 97.04240356,
       96.98292525, 97.04590228, 97.04166956, 97.03445191, 97.06992849,
       97.1044998 , 97.04328436, 97.06946362, 97.06023971, 97.07406335,
       97.06241724, 97.08717744, 97.11663524, 97.09483549, 97.08835184,
       97.08015553, 97.07435694, 97.11020052, 97.09339196, 97.10031601,
       97.09106763, 97.12502728, 97.09273136, 97.08536692, 97.11183978])], 'confusion_matrix': [array([[1476467,   28833,      47,    1008,   21883,      70,       0,
              0,       0],
       [   2501,  109960,   11209,     444,     686,      79,      27,
              0,       0],
       [    340,    7533,  180461,   11089,    3083,     512,     144,
              0,       0],
       [      6,    1012,    7889,   74494,   12531,     760,      93,
              2,       0],
       [     16,     190,     586,    8182,   73664,   10266,     109,
              0,       0],
       [    159,     180,     725,    2342,   16509,  261661,    6098,
             93,     108],
       [      0,      55,     379,     329,     758,    9296,   84030,
           6159,      47],
       [      0,       0,       0,       0,      13,       0,    9179,
          66356,    3342],
       [     23,       0,     120,      47,     395,    1885,    1454,
          13085, 3236165]])], 'norm_confusion_matrix': [array([[9.66079481e-01, 1.88659616e-02, 3.07529634e-05, 6.59552917e-04,
        1.43184489e-02, 4.58022859e-05, 0.00000000e+00, 0.00000000e+00,
        0.00000000e+00],
       [2.00230573e-02, 8.80342017e-01, 8.97394841e-02, 3.55467311e-03,
        5.49213008e-03, 6.32475622e-04, 2.16162554e-04, 0.00000000e+00,
        0.00000000e+00],
       [1.67354131e-03, 3.70787844e-02, 8.88261584e-01, 5.45820577e-02,
        1.51750820e-02, 2.52015633e-03, 7.08793967e-04, 0.00000000e+00,
        0.00000000e+00],
       [6.19917964e-05, 1.04559497e-02, 8.15088803e-02, 7.69669480e-01,
        1.29469867e-01, 7.85229421e-03, 9.60872844e-04, 2.06639321e-05,
        0.00000000e+00],
       [1.72018965e-04, 2.04272521e-03, 6.30019460e-03, 8.79661983e-02,
        7.91975315e-01, 1.10371668e-01, 1.17187920e-03, 0.00000000e+00,
        0.00000000e+00],
       [5.52323057e-04, 6.25271385e-04, 2.51845419e-03, 8.13547547e-03,
        5.73478072e-02, 9.08939644e-01, 2.11828050e-02, 3.23056882e-04,
        3.75162831e-04],
       [0.00000000e+00, 5.44268849e-04, 3.75050716e-03, 3.25571730e-03,
        7.50101432e-03, 9.19913313e-02, 8.31543843e-01, 6.09482153e-02,
        4.65102471e-04],
       [0.00000000e+00, 0.00000000e+00, 0.00000000e+00, 0.00000000e+00,
        1.64786411e-04, 0.00000000e+00, 1.16351882e-01, 8.41120548e-01,
        4.23627836e-02],
       [7.07001839e-06, 0.00000000e+00, 3.68870525e-05, 1.44474289e-05,
        1.21419881e-04, 5.79434116e-04, 4.46948119e-04, 4.02222568e-03,
        9.94771568e-01]])]}
TYPE ABOVE uniform_vary_eps


TYPE BELOW weighted_fixed_eps
old results
 {'accuracies': [96.71283456076887], 'central_accuracies': [85.22338756967228], 'accuracy_epochs': [array([38.63688502, 63.4171474 , 76.93503942, 83.42418832, 85.55915284,
       88.05969236, 90.90647946, 92.73679362, 91.45196756, 93.24276548,
       94.16595184, 94.57974335, 94.96251489, 94.70818924, 94.85522806,
       95.35225029, 95.7044915 , 95.10535092, 95.82981816, 95.83290565,
       96.02579889, 96.08242099, 96.12658886, 96.10408328, 96.21387275,
       96.33206781, 96.30302909, 96.48009499, 96.51342718, 96.60146821,
       96.61558633, 96.63275567, 96.54059798, 96.52961722, 96.62236883,
       96.67645656, 96.80624443, 96.85355873, 96.97560748, 97.01699162,
       97.02188354, 97.04302445, 97.06366665, 97.11603155, 97.14244522,
       97.15194797, 97.06342183, 97.19292861, 97.19135993, 97.27664897,
       97.36941872, 97.3499825 , 97.41609375, 97.48556905, 97.42388728,
       97.39296705, 97.41846944, 97.53715868, 97.55250545, 97.51945889,
       97.60814372, 97.51002867, 97.61706615, 97.66089852, 97.62446978,
       97.66765382, 97.61001162, 97.73358372, 97.71789238, 97.82380096,
       97.78428019, 97.86266433, 97.9572113 , 97.8527354 , 97.96112394,
       97.96106953, 97.97219991, 98.01977716, 98.01089553, 98.08711706,
       98.06321509, 98.11063819, 98.07387395, 98.14465044, 98.13152521,
       98.12792087, 98.14659089, 98.15997907, 98.21488741, 98.17353501,
       98.28113921, 98.31341956, 98.31786718, 98.38376534, 98.39766584,
       98.4018641 , 98.41621344, 98.42272392, 98.4381931 , 98.47724235,
       98.44855727, 98.47725142, 98.48866742, 98.49479253, 98.51538485,
       98.50561461, 98.55668285, 98.53508403, 98.52912214, 98.58437504,
       98.57314492, 98.59065429, 98.60517139, 98.60541167, 98.64701797,
       98.60137663, 98.60561569, 98.63441865, 98.62407715, 98.60664032,
       98.6655565 , 98.66733827, 98.70085634, 98.68746362, 98.64326402,
       98.69138985, 98.74777166, 98.76300055, 98.72709319, 98.76023496,
       98.75481258, 98.78111291, 98.73171762, 98.78170683, 98.76263332,
       98.79317724, 98.78351127, 98.77088929, 98.71913191, 98.78754178,
       98.77826571, 98.79884897, 98.79386184, 98.78658062, 98.78761885,
       98.79340393, 98.78435908, 98.78138947, 98.78652168, 98.78640834,
       98.8123505 , 98.77476565, 98.81824438, 98.78944596, 98.8205702 ,
       98.81671197, 98.80764899, 98.81280388, 98.80820665, 98.82593364,
       98.81313937, 98.81708828, 98.80853761, 98.83897272, 98.82122306,
       98.82570695, 98.83287029, 98.82932942, 98.82716682, 98.82385264,
       98.83432109, 98.82010776, 98.82592457, 98.81398265, 98.8180313 ,
       98.83066688, 98.81905593, 98.80739057, 98.81895165, 98.84721509])], 'central_accuracy_epochs': [array([22.59109161, 26.49926453, 35.53270157, 47.01456057, 56.78294991,
       62.00505284, 67.37887319, 72.92212476, 73.70985153, 75.61641161,
       77.47856481, 79.41101056, 81.02908492, 81.52164658, 82.07373549,
       83.18747975, 83.50021188, 83.42030395, 84.22224582, 84.61672087,
       85.06585431, 85.32422164, 85.52612006, 85.41954353, 85.47300306,
       85.59332982, 85.94188105, 86.30618878, 86.53047413, 86.84110213,
       86.88086036, 87.19251596, 87.19574555, 87.21355724, 87.65009038,
       87.70000225, 88.15290355, 88.33053109, 88.49208408, 88.76427504,
       88.95210516, 88.82458522, 89.03340768, 89.091785  , 89.15148351,
       89.14651679, 89.27545579, 89.36891821, 89.53029993, 89.8669604 ,
       89.96392155, 89.98843708, 90.13379317, 90.40779467, 90.21233097,
       90.45560241, 90.3191277 , 90.66885333, 90.68005903, 90.89720014,
       90.99961734, 91.07419155, 91.06687604, 91.04267856, 91.02824327,
       91.20892914, 91.27403477, 91.48021484, 91.58505423, 91.7921151 ,
       91.76344024, 91.96259839, 92.41346896, 92.16740833, 92.48405511,
       92.50279653, 92.59136564, 92.71078713, 92.80950988, 92.92946963,
       92.8646576 , 93.08953015, 93.00169505, 93.14110575, 93.17335274,
       93.04397334, 93.17217834, 93.26926182, 93.37471288, 93.43490073,
       93.78939735, 93.88185664, 94.05363667, 94.2482685 , 94.18923058,
       94.37715857, 94.36803252, 94.43923034, 94.45024031, 94.57440832,
       94.51233655, 94.60080779, 94.65120899, 94.71176384, 94.74638408,
       94.79879155, 94.93345573, 94.91667164, 94.90245654, 95.034356  ,
       95.05493242, 95.09615865, 95.14638858, 95.11565853, 95.29783686,
       95.09554698, 95.16826173, 95.22722624, 95.3216184 , 95.36291802,
       95.38858349, 95.39372148, 95.49665248, 95.45552412, 95.47563567,
       95.52300301, 95.65514714, 95.79534078, 95.63618552, 95.84358892,
       95.75484855, 95.88388541, 95.79201332, 95.88192809, 95.75976633,
       95.88611188, 95.87644757, 95.89991104, 95.84087313, 95.89384332,
       95.8635292 , 95.93272075, 95.89433265, 95.92396171, 95.914224  ,
       95.89342739, 95.92300751, 95.94671565, 95.94358393, 95.90592982,
       95.99963692, 95.93582801, 95.98468782, 95.91006468, 95.98872481,
       96.04179287, 95.9533461 , 96.02765118, 95.98106676, 96.07237613,
       95.99540419, 96.00651203, 95.97918284, 96.07487172, 96.05453997,
       96.02136326, 96.07905551, 96.05463784, 96.02958404, 96.02405459,
       96.08150217, 96.04353   , 96.05632604, 96.06413088, 96.05236245,
       96.04871692, 96.05537184, 96.06469361, 96.0310765 , 96.10645811])], 'confusion_matrix': [array([[1512721,    9473,      28,    4244,     294,      89,    1459,
              0,       0],
       [   6618,  103216,   13224,    1266,     155,       5,     409,
             13,       0],
       [   1277,    5413,  179068,   15504,    1377,     156,      87,
            280,       0],
       [    216,     498,    7050,   81047,    7040,     797,      37,
            102,       0],
       [      9,      24,     782,   14871,   66907,    9659,     394,
            367,       0],
       [    203,     199,     709,    4932,   15124,  255646,   10135,
            882,      45],
       [      0,      73,     338,     421,     538,    5541,   85322,
           8068,     752],
       [      0,       0,       0,       0,       0,       0,    7797,
          68829,    2264],
       [     41,       6,     320,      67,     219,     947,    1430,
          16761, 3233383]])], 'norm_confusion_matrix': [array([[9.89801140e-01, 6.19835792e-03, 1.83209144e-05, 2.77692716e-03,
        1.92369601e-04, 5.82343350e-05, 9.54650502e-04, 0.00000000e+00,
        0.00000000e+00],
       [5.29838439e-02, 8.26349415e-01, 1.05871615e-01, 1.01356220e-02,
        1.24093318e-03, 4.00301026e-05, 3.27446240e-03, 1.04078267e-04,
        0.00000000e+00],
       [6.28562428e-03, 2.66437621e-02, 8.81404987e-01, 7.63134838e-02,
        6.77784231e-03, 7.67860131e-04, 4.28229689e-04, 1.37821049e-03,
        0.00000000e+00],
       [2.23170467e-03, 5.14531910e-03, 7.28403608e-02, 8.37374854e-01,
        7.27370411e-02, 8.23457696e-03, 3.82282745e-04, 1.05386054e-03,
        0.00000000e+00],
       [9.67606679e-05, 2.58028448e-04, 8.40742692e-03, 1.59880877e-01,
        7.19329556e-01, 1.03845699e-01, 4.23596702e-03, 3.94568501e-03,
        0.00000000e+00],
       [7.05167173e-04, 6.91272254e-04, 2.46287451e-03, 1.71324360e-02,
        5.25366913e-02, 8.88045158e-01, 3.52062527e-02, 3.06382979e-03,
        1.56317846e-04],
       [0.00000000e+00, 7.22393200e-04, 3.34477947e-03, 4.16613064e-03,
        5.32393892e-03, 5.48326126e-02, 8.44329213e-01, 7.98392923e-02,
        7.44163954e-03],
       [0.00000000e+00, 0.00000000e+00, 0.00000000e+00, 0.00000000e+00,
        0.00000000e+00, 0.00000000e+00, 9.88338192e-02, 8.72467993e-01,
        2.86981873e-02],
       [1.26030763e-05, 1.84435262e-06, 9.83654732e-05, 2.05952710e-05,
        6.73188707e-05, 2.91100322e-04, 4.39570708e-04, 5.15219905e-03,
        9.93916403e-01]])]}
new results
 {'accuracies': [96.71283456076887], 'central_accuracies': [85.22338756967228], 'accuracy_epochs': [array([38.63688502, 63.4171474 , 76.93503942, 83.42418832, 85.55915284,
       88.05969236, 90.90647946, 92.73679362, 91.45196756, 93.24276548,
       94.16595184, 94.57974335, 94.96251489, 94.70818924, 94.85522806,
       95.35225029, 95.7044915 , 95.10535092, 95.82981816, 95.83290565,
       96.02579889, 96.08242099, 96.12658886, 96.10408328, 96.21387275,
       96.33206781, 96.30302909, 96.48009499, 96.51342718, 96.60146821,
       96.61558633, 96.63275567, 96.54059798, 96.52961722, 96.62236883,
       96.67645656, 96.80624443, 96.85355873, 96.97560748, 97.01699162,
       97.02188354, 97.04302445, 97.06366665, 97.11603155, 97.14244522,
       97.15194797, 97.06342183, 97.19292861, 97.19135993, 97.27664897,
       97.36941872, 97.3499825 , 97.41609375, 97.48556905, 97.42388728,
       97.39296705, 97.41846944, 97.53715868, 97.55250545, 97.51945889,
       97.60814372, 97.51002867, 97.61706615, 97.66089852, 97.62446978,
       97.66765382, 97.61001162, 97.73358372, 97.71789238, 97.82380096,
       97.78428019, 97.86266433, 97.9572113 , 97.8527354 , 97.96112394,
       97.96106953, 97.97219991, 98.01977716, 98.01089553, 98.08711706,
       98.06321509, 98.11063819, 98.07387395, 98.14465044, 98.13152521,
       98.12792087, 98.14659089, 98.15997907, 98.21488741, 98.17353501,
       98.28113921, 98.31341956, 98.31786718, 98.38376534, 98.39766584,
       98.4018641 , 98.41621344, 98.42272392, 98.4381931 , 98.47724235,
       98.44855727, 98.47725142, 98.48866742, 98.49479253, 98.51538485,
       98.50561461, 98.55668285, 98.53508403, 98.52912214, 98.58437504,
       98.57314492, 98.59065429, 98.60517139, 98.60541167, 98.64701797,
       98.60137663, 98.60561569, 98.63441865, 98.62407715, 98.60664032,
       98.6655565 , 98.66733827, 98.70085634, 98.68746362, 98.64326402,
       98.69138985, 98.74777166, 98.76300055, 98.72709319, 98.76023496,
       98.75481258, 98.78111291, 98.73171762, 98.78170683, 98.76263332,
       98.79317724, 98.78351127, 98.77088929, 98.71913191, 98.78754178,
       98.77826571, 98.79884897, 98.79386184, 98.78658062, 98.78761885,
       98.79340393, 98.78435908, 98.78138947, 98.78652168, 98.78640834,
       98.8123505 , 98.77476565, 98.81824438, 98.78944596, 98.8205702 ,
       98.81671197, 98.80764899, 98.81280388, 98.80820665, 98.82593364,
       98.81313937, 98.81708828, 98.80853761, 98.83897272, 98.82122306,
       98.82570695, 98.83287029, 98.82932942, 98.82716682, 98.82385264,
       98.83432109, 98.82010776, 98.82592457, 98.81398265, 98.8180313 ,
       98.83066688, 98.81905593, 98.80739057, 98.81895165, 98.84721509])], 'central_accuracy_epochs': [array([22.59109161, 26.49926453, 35.53270157, 47.01456057, 56.78294991,
       62.00505284, 67.37887319, 72.92212476, 73.70985153, 75.61641161,
       77.47856481, 79.41101056, 81.02908492, 81.52164658, 82.07373549,
       83.18747975, 83.50021188, 83.42030395, 84.22224582, 84.61672087,
       85.06585431, 85.32422164, 85.52612006, 85.41954353, 85.47300306,
       85.59332982, 85.94188105, 86.30618878, 86.53047413, 86.84110213,
       86.88086036, 87.19251596, 87.19574555, 87.21355724, 87.65009038,
       87.70000225, 88.15290355, 88.33053109, 88.49208408, 88.76427504,
       88.95210516, 88.82458522, 89.03340768, 89.091785  , 89.15148351,
       89.14651679, 89.27545579, 89.36891821, 89.53029993, 89.8669604 ,
       89.96392155, 89.98843708, 90.13379317, 90.40779467, 90.21233097,
       90.45560241, 90.3191277 , 90.66885333, 90.68005903, 90.89720014,
       90.99961734, 91.07419155, 91.06687604, 91.04267856, 91.02824327,
       91.20892914, 91.27403477, 91.48021484, 91.58505423, 91.7921151 ,
       91.76344024, 91.96259839, 92.41346896, 92.16740833, 92.48405511,
       92.50279653, 92.59136564, 92.71078713, 92.80950988, 92.92946963,
       92.8646576 , 93.08953015, 93.00169505, 93.14110575, 93.17335274,
       93.04397334, 93.17217834, 93.26926182, 93.37471288, 93.43490073,
       93.78939735, 93.88185664, 94.05363667, 94.2482685 , 94.18923058,
       94.37715857, 94.36803252, 94.43923034, 94.45024031, 94.57440832,
       94.51233655, 94.60080779, 94.65120899, 94.71176384, 94.74638408,
       94.79879155, 94.93345573, 94.91667164, 94.90245654, 95.034356  ,
       95.05493242, 95.09615865, 95.14638858, 95.11565853, 95.29783686,
       95.09554698, 95.16826173, 95.22722624, 95.3216184 , 95.36291802,
       95.38858349, 95.39372148, 95.49665248, 95.45552412, 95.47563567,
       95.52300301, 95.65514714, 95.79534078, 95.63618552, 95.84358892,
       95.75484855, 95.88388541, 95.79201332, 95.88192809, 95.75976633,
       95.88611188, 95.87644757, 95.89991104, 95.84087313, 95.89384332,
       95.8635292 , 95.93272075, 95.89433265, 95.92396171, 95.914224  ,
       95.89342739, 95.92300751, 95.94671565, 95.94358393, 95.90592982,
       95.99963692, 95.93582801, 95.98468782, 95.91006468, 95.98872481,
       96.04179287, 95.9533461 , 96.02765118, 95.98106676, 96.07237613,
       95.99540419, 96.00651203, 95.97918284, 96.07487172, 96.05453997,
       96.02136326, 96.07905551, 96.05463784, 96.02958404, 96.02405459,
       96.08150217, 96.04353   , 96.05632604, 96.06413088, 96.05236245,
       96.04871692, 96.05537184, 96.06469361, 96.0310765 , 96.10645811])], 'confusion_matrix': [array([[1512721,    9473,      28,    4244,     294,      89,    1459,
              0,       0],
       [   6618,  103216,   13224,    1266,     155,       5,     409,
             13,       0],
       [   1277,    5413,  179068,   15504,    1377,     156,      87,
            280,       0],
       [    216,     498,    7050,   81047,    7040,     797,      37,
            102,       0],
       [      9,      24,     782,   14871,   66907,    9659,     394,
            367,       0],
       [    203,     199,     709,    4932,   15124,  255646,   10135,
            882,      45],
       [      0,      73,     338,     421,     538,    5541,   85322,
           8068,     752],
       [      0,       0,       0,       0,       0,       0,    7797,
          68829,    2264],
       [     41,       6,     320,      67,     219,     947,    1430,
          16761, 3233383]])], 'norm_confusion_matrix': [array([[9.89801140e-01, 6.19835792e-03, 1.83209144e-05, 2.77692716e-03,
        1.92369601e-04, 5.82343350e-05, 9.54650502e-04, 0.00000000e+00,
        0.00000000e+00],
       [5.29838439e-02, 8.26349415e-01, 1.05871615e-01, 1.01356220e-02,
        1.24093318e-03, 4.00301026e-05, 3.27446240e-03, 1.04078267e-04,
        0.00000000e+00],
       [6.28562428e-03, 2.66437621e-02, 8.81404987e-01, 7.63134838e-02,
        6.77784231e-03, 7.67860131e-04, 4.28229689e-04, 1.37821049e-03,
        0.00000000e+00],
       [2.23170467e-03, 5.14531910e-03, 7.28403608e-02, 8.37374854e-01,
        7.27370411e-02, 8.23457696e-03, 3.82282745e-04, 1.05386054e-03,
        0.00000000e+00],
       [9.67606679e-05, 2.58028448e-04, 8.40742692e-03, 1.59880877e-01,
        7.19329556e-01, 1.03845699e-01, 4.23596702e-03, 3.94568501e-03,
        0.00000000e+00],
       [7.05167173e-04, 6.91272254e-04, 2.46287451e-03, 1.71324360e-02,
        5.25366913e-02, 8.88045158e-01, 3.52062527e-02, 3.06382979e-03,
        1.56317846e-04],
       [0.00000000e+00, 7.22393200e-04, 3.34477947e-03, 4.16613064e-03,
        5.32393892e-03, 5.48326126e-02, 8.44329213e-01, 7.98392923e-02,
        7.44163954e-03],
       [0.00000000e+00, 0.00000000e+00, 0.00000000e+00, 0.00000000e+00,
        0.00000000e+00, 0.00000000e+00, 9.88338192e-02, 8.72467993e-01,
        2.86981873e-02],
       [1.26030763e-05, 1.84435262e-06, 9.83654732e-05, 2.05952710e-05,
        6.73188707e-05, 2.91100322e-04, 4.39570708e-04, 5.15219905e-03,
        9.93916403e-01]])]}
TYPE ABOVE weighted_fixed_eps


TYPE BELOW weighted_vary_eps
old results
 {'accuracies': [72.53399492223377], 'central_accuracies': [85.79354885835855], 'accuracy_epochs': [array([33.58702275, 56.39941224, 64.03047864, 65.65468364, 66.71337495,
       68.06413997, 69.34081887, 69.76040905, 70.30214773, 70.58828677,
       70.85956868, 71.17138238, 70.84021407, 71.04628694, 71.21478404,
       71.40320246, 71.63256072, 71.6800745 , 71.61010049, 71.89187805,
       71.8928392 , 72.05009258, 71.9971927 , 72.05692042, 72.04062609,
       72.08667547, 72.22618825, 72.21492187, 72.18064666, 72.30313065,
       72.35866918, 72.35604413, 72.33709303, 72.36933711, 72.43572039,
       72.44807941, 72.57215928, 72.65996456, 72.73751902, 72.7454939 ,
       72.83754278, 72.87894052, 72.91604932, 72.94468907, 72.97415396,
       72.98733812, 73.05727133, 73.05527194, 73.12768512, 73.11364407,
       73.15592136, 73.16308016, 73.15312856, 73.18247104, 73.11621018,
       73.25120734, 73.30013112, 73.35081399, 73.36379867, 73.43745863,
       73.40778065, 73.4788609 , 73.40988432, 73.47857074, 73.52633388,
       73.53465332, 73.57551608, 73.59200535, 73.61742613, 73.51715302,
       73.60540714, 73.60885733, 73.65385941, 73.67348604, 73.67294653,
       73.74156948, 73.74417185, 73.76609257, 73.80315604, 73.81862069,
       73.82013496, 73.82756126, 73.86636569, 73.87700188, 73.88015738,
       73.91530306, 73.93712404, 73.95749421, 73.97457741, 73.99515613,
       74.02176929, 74.04518615, 74.03745156, 74.07126885, 74.0653251 ,
       74.10520403, 74.07416139, 74.10421114, 74.09430488, 74.10160876,
       74.13194866, 74.11207267, 74.13615146, 74.15176118, 74.13604265,
       74.16042519, 74.17055814, 74.17375897, 74.17882318, 74.17462946,
       74.18566462, 74.18573263, 74.18501629, 74.19945178, 74.21247273,
       74.2086009 , 74.22252407, 74.20940791, 74.23336882, 74.21206469,
       74.23539541, 74.22873078, 74.23146917, 74.25702143, 74.2413981 ,
       74.27458974, 74.27025547, 74.29417104, 74.29009066, 74.30490698,
       74.30185576, 74.2920039 , 74.30850678, 74.30833903, 74.3069245 ,
       74.29670088, 74.31606909, 74.29896322, 74.30847504, 74.3080262 ,
       74.30578653, 74.31569279, 74.30602681, 74.31844931, 74.31252369,
       74.30175148, 74.31128144, 74.31684436, 74.32094741, 74.31750629,
       74.31890722, 74.31958728, 74.32648766, 74.32286519, 74.31824982,
       74.32449281, 74.32104262, 74.31583333, 74.32139172, 74.32677329,
       74.32060284, 74.33325203, 74.33164254, 74.32917165, 74.32163201,
       74.32462429, 74.33519248, 74.32824223, 74.32716319, 74.33223647,
       74.32292866, 74.33446254, 74.32912177, 74.33703772, 74.33567305,
       74.33032322, 74.33063152, 74.33249942, 74.33410891, 74.32849158])], 'central_accuracy_epochs': [array([31.22714208, 45.13444888, 54.53282978, 60.04885002, 65.35313628,
       71.7941654 , 76.31473741, 78.34323905, 80.13392529, 81.02490113,
       82.18192681, 82.48085978, 83.45020214, 82.92439037, 83.18329596,
       83.66169146, 84.57869977, 85.17911022, 85.88179107, 85.87990714,
       86.32793959, 86.67614829, 86.96534355, 86.81132628, 86.83745661,
       86.99296634, 87.37687182, 87.3835512 , 87.50417156, 87.95421026,
       88.21504872, 88.18402507, 87.8627541 , 87.92286854, 88.39710472,
       88.48961295, 88.86243505, 89.38022178, 89.73564814, 89.84538085,
       90.20905245, 90.24310996, 90.61928399, 90.64810565, 90.8107107 ,
       90.86612755, 91.04972495, 91.09643169, 91.46120429, 91.55356571,
       91.57201353, 91.62894732, 91.61688528, 91.59464514, 91.67235107,
       91.91601398, 92.3204714 , 92.37831045, 92.75216016, 92.98234196,
       92.77777669, 93.08544423, 92.91209834, 93.11294469, 93.21430983,
       93.4212239 , 93.44258324, 93.5513373 , 93.75693017, 93.69688912,
       93.61238147, 93.77735978, 93.94909087, 94.00624486, 94.07996273,
       94.29548904, 94.22884202, 94.42946816, 94.60836797, 94.67300874,
       94.62762319, 94.78895597, 94.90399794, 94.94385404, 95.05654721,
       95.16938719, 95.22194145, 95.3583183 , 95.41887315, 95.4874041 ,
       95.66001599, 95.75842067, 95.73128721, 95.86979265, 95.86710132,
       95.97969663, 95.94475832, 96.03462416, 95.95425137, 95.98742808,
       96.13457023, 96.0707858 , 96.14173895, 96.20633078, 96.15495092,
       96.30701086, 96.28310698, 96.33096366, 96.37549288, 96.34720949,
       96.33906211, 96.42445055, 96.45564547, 96.38004367, 96.45351688,
       96.51375366, 96.5242009 , 96.53359607, 96.59143512, 96.49246771,
       96.58030282, 96.51864698, 96.59038306, 96.67511091, 96.62935836,
       96.75685383, 96.74926918, 96.8344619 , 96.85183318, 96.90321305,
       96.89736553, 96.86088583, 96.90203866, 96.94901453, 96.89910266,
       96.86746734, 96.97245354, 96.89002555, 96.92249274, 96.92344693,
       96.94634767, 96.95613432, 96.90360452, 96.97979352, 96.94651894,
       96.92662759, 96.92882959, 96.99464475, 96.96545609, 96.98365924,
       96.99139069, 97.0001742 , 97.00455372, 96.96768255, 97.00416226,
       97.01412017, 96.96496676, 96.99523195, 96.99907321, 96.99882854,
       96.98752497, 97.04944994, 97.00722058, 97.02605987, 96.99496282,
       97.00538559, 97.04272163, 97.02138675, 97.00952044, 97.03415831,
       96.98637504, 97.04352902, 97.02630453, 97.06043545, 97.03692304,
       97.03190739, 97.02877566, 97.04991481, 97.04056856, 97.03362005])], 'confusion_matrix': [array([[ 177025,   10665,     811,      83,  166097,       0, 1173627,
              0,       0],
       [      8,  104628,   13057,     394,    3152,       0,    3662,
              5,       0],
       [      0,    5523,  183156,    9828,    3813,     106,     576,
            160,       0],
       [      0,     661,   10243,   73522,   11488,     742,      94,
             37,       0],
       [      0,       2,     573,    8553,   74640,    8694,     366,
            185,       0],
       [      0,     313,     588,    3494,   16996,  256059,    9401,
           1016,       8],
       [      0,      39,     551,     209,     649,    5827,   86072,
           7706,       0],
       [      0,       0,       0,       0,       0,       0,    9101,
          67578,    2211],
       [      4,       1,      89,     221,     721,     810,    1143,
          18290, 3231895]])], 'norm_confusion_matrix': [array([[1.15830710e-01, 6.97830542e-03, 5.30652198e-04, 5.43084247e-05,
        1.08680318e-01, 0.00000000e+00, 7.67925706e-01, 0.00000000e+00,
        0.00000000e+00],
       [6.40481642e-05, 8.37653916e-01, 1.04534610e-01, 3.15437209e-03,
        2.52349767e-02, 0.00000000e+00, 2.93180472e-02, 4.00301026e-05,
        0.00000000e+00],
       [0.00000000e+00, 2.71852020e-02, 9.01526860e-01, 4.83751883e-02,
        1.87682736e-02, 5.21751115e-04, 2.83517587e-03, 7.87548853e-04,
        0.00000000e+00],
       [0.00000000e+00, 6.82942957e-03, 1.05830328e-01, 7.59626809e-01,
        1.18693626e-01, 7.66631882e-03, 9.71204811e-04, 3.82282745e-04,
        0.00000000e+00],
       [0.00000000e+00, 2.15023706e-05, 6.16042919e-03, 9.19548880e-02,
        8.02468472e-01, 9.34708052e-02, 3.93493383e-03, 1.98896928e-03,
        0.00000000e+00],
       [0.00000000e+00, 1.08727746e-03, 2.04255319e-03, 1.21372123e-02,
        5.90395137e-02, 8.89479809e-01, 3.26565350e-02, 3.52930960e-03,
        2.77898393e-05],
       [0.00000000e+00, 3.85936093e-04, 5.45258429e-03, 2.06822163e-03,
        6.42237242e-03, 5.76628106e-02, 8.51751061e-01, 7.62570136e-02,
        0.00000000e+00],
       [0.00000000e+00, 0.00000000e+00, 0.00000000e+00, 0.00000000e+00,
        0.00000000e+00, 0.00000000e+00, 1.15363164e-01, 8.56610470e-01,
        2.80263658e-02],
       [1.22956842e-06, 3.07392104e-07, 2.73578972e-05, 6.79336549e-05,
        2.21629707e-04, 2.48987604e-04, 3.51349175e-04, 5.62220158e-03,
        9.93459003e-01]])]}
new results
 {'accuracies': [], 'central_accuracies': [], 'accuracy_epochs': [], 'central_accuracy_epochs': [], 'confusion_matrix': [], 'norm_confusion_matrix': []}
TYPE ABOVE weighted_vary_eps

DUMPED to new file - be sure to change name for running.
